DEBUG:CLIENT:Started socket daemon.
DEBUG:CLIENT:Received message: {'areas': {'1': {'adjacent_areas': [3, 2, 9], 'owner': 1, 'dice': 3}, '2': {'adjacent_areas': [1, 4, 9], 'owner': 1, 'dice': 3}, '3': {'adjacent_areas': [6, 1, 5], 'owner': 1, 'dice': 3}, '4': {'adjacent_areas': [2, 8], 'owner': 2, 'dice': 3}, '5': {'adjacent_areas': [12, 3, 6], 'owner': 2, 'dice': 3}, '6': {'adjacent_areas': [3, 7, 14, 5, 12], 'owner': 2, 'dice': 3}, '7': {'adjacent_areas': [6, 19, 10], 'owner': 2, 'dice': 3}, '8': {'adjacent_areas': [4, 23], 'owner': 2, 'dice': 3}, '9': {'adjacent_areas': [2, 1], 'owner': 2, 'dice': 3}, '10': {'adjacent_areas': [11, 7, 13], 'owner': 1, 'dice': 3}, '11': {'adjacent_areas': [15, 10, 18], 'owner': 1, 'dice': 3}, '12': {'adjacent_areas': [5, 6, 14, 26], 'owner': 2, 'dice': 3}, '13': {'adjacent_areas': [25, 16, 10, 19], 'owner': 2, 'dice': 3}, '14': {'adjacent_areas': [18, 26, 12, 6], 'owner': 1, 'dice': 3}, '15': {'adjacent_areas': [24, 20, 11, 18], 'owner': 1, 'dice': 3}, '16': {'adjacent_areas': [17, 13], 'owner': 1, 'dice': 3}, '17': {'adjacent_areas': [21, 16], 'owner': 2, 'dice': 3}, '18': {'adjacent_areas': [14, 26, 15, 11], 'owner': 1, 'dice': 3}, '19': {'adjacent_areas': [23, 7, 13], 'owner': 2, 'dice': 3}, '20': {'adjacent_areas': [15, 24, 22], 'owner': 2, 'dice': 3}, '21': {'adjacent_areas': [17], 'owner': 1, 'dice': 3}, '22': {'adjacent_areas': [20, 24], 'owner': 1, 'dice': 3}, '23': {'adjacent_areas': [19, 8], 'owner': 1, 'dice': 3}, '24': {'adjacent_areas': [20, 22, 15], 'owner': 1, 'dice': 3}, '25': {'adjacent_areas': [13], 'owner': 2, 'dice': 3}, '26': {'adjacent_areas': [14, 12, 18, 27], 'owner': 1, 'dice': 3}, '27': {'adjacent_areas': [26, 28, 29], 'owner': 2, 'dice': 3}, '28': {'adjacent_areas': [27, 29], 'owner': 2, 'dice': 3}, '29': {'adjacent_areas': [28, 27], 'owner': 1, 'dice': 3}}, 'score': {'1': 8, '2': 7}, 'type': 'game_start', 'player': 2, 'no_players': 2, 'current_player': 2, 'board': {'1': {'hexes': [[13, -9], [14, -8], [12, -10], [12, -8], [11, -9], [14, -10], [15, -9], [13, -11], [16, -8], [11, -11], [15, -11], [17, -9], [16, -10]], 'neighbours': [3, 2, 9]}, '2': {'hexes': [[20, -8], [19, -9], [22, -8], [19, -7], [21, -7], [18, -8], [21, -9], [20, -10], [17, -7], [24, -8], [18, -10], [23, -9], [19, -11]], 'neighbours': [1, 4, 9]}, '3': {'hexes': [[8, -12], [7, -11], [9, -13], [10, -12], [9, -11], [7, -13], [6, -12], [10, -10], [5, -11], [11, -13], [8, -10], [8, -14], [10, -14], [9, -9], [7, -9], [5, -13], [6, -14]], 'neighbours': [6, 1, 5]}, '4': {'hexes': [[24, -6], [25, -7], [23, -5], [26, -6], [23, -7], [25, -5], [22, -6], [27, -5], [27, -7], [26, -4], [24, -4], [27, -3]], 'neighbours': [2, 8]}, '5': {'hexes': [[1, -13], [-1, -13], [3, -13], [0, -12], [0, -14], [2, -12], [2, -14], [4, -12], [-2, -14], [4, -14], [1, -11], [3, -11]], 'neighbours': [12, 3, 6]}, '6': {'hexes': [[4, -8], [6, -8], [5, -7], [2, -8], [3, -7], [5, -9], [3, -9], [2, -10], [7, -7], [4, -10], [6, -10], [1, -7], [1, -9], [0, -10], [2, -6], [-1, -11]], 'neighbours': [3, 7, 14, 5, 12]}, '7': {'hexes': [[7, -5], [8, -6], [5, -5], [9, -5], [6, -4], [6, -6], [8, -4], [10, -4], [7, -3], [4, -6], [6, -2], [4, -2], [11, -5], [3, -5], [9, -3], [5, -3], [10, -6], [4, -4]], 'neighbours': [6, 19, 10]}, '8': {'hexes': [[27, -1], [29, -1], [26, -2], [28, 0], [25, -1], [28, -2], [26, 0], [27, 1], [23, -1], [29, -3], [24, 0], [28, 2], [25, 1], [24, -2], [22, 0], [23, 1]], 'neighbours': [4, 23]}, '9': {'hexes': [[21, -13], [20, -12], [19, -13], [22, -12], [20, -14], [22, -14], [23, -13], [24, -14], [25, -13], [24, -12], [18, -12], [16, -12], [21, -11], [26, -12], [26, -14], [17, -13]], 'neighbours': [2, 1]}, '10': {'hexes': [[4, 0], [3, 1], [2, 0], [6, 0], [3, -1], [5, -1], [5, 1], [4, 2], [7, 1], [6, 2], [1, -1], [8, 2], [7, 3]], 'neighbours': [11, 7, 13]}, '11': {'hexes': [[-2, -2], [-4, -2], [-1, -3], [-1, -1], [-3, -1], [0, -2], [-3, -3], [-5, -3], [-2, 0], [0, 0], [-5, -1], [-2, -4], [-4, -4]], 'neighbours': [15, 10, 18]}, '12': {'hexes': [[-4, -12], [-2, -12], [-5, -11], [-3, -11], [-3, -13], [-6, -12], [-5, -13], [-7, -11], [-4, -14], [-4, -10], [-2, -10], [-6, -14], [-8, -14], [-6, -10], [-7, -13], [-8, -12], [-9, -13], [-5, -9]], 'neighbours': [5, 6, 14, 26]}, '13': {'hexes': [[10, 4], [12, 4], [9, 5], [11, 3], [11, 5], [9, 3], [8, 4], [10, 2], [11, 1], [13, 5], [7, 5], [12, 2], [6, 4]], 'neighbours': [25, 16, 10, 19]}, '14': {'hexes': [[-8, -8], [-7, -7], [-10, -8], [-9, -7], [-6, -8], [-7, -9], [-9, -9], [-8, -10], [-5, -7], [-4, -8], [-3, -7], [-3, -9], [-1, -9], [-2, -8], [-6, -6], [0, -8]], 'neighbours': [18, 26, 12, 6]}, '15': {'hexes': [[-7, 1], [-5, 1], [-8, 2], [-6, 2], [-6, 0], [-9, 1], [-8, 0], [-7, 3], [-4, 0], [-9, -1], [-7, -1], [-3, 1], [-5, 3], [-8, -2], [-4, 2], [-6, -2], [-10, 0], [-11, -1]], 'neighbours': [24, 20, 11, 18]}, '16': {'hexes': [[4, 6], [3, 5], [3, 7], [5, 5], [6, 6], [2, 6], [5, 7], [1, 5], [8, 6], [4, 4], [7, 7], [6, 8], [0, 4], [2, 4], [-1, 5], [10, 6], [8, 8], [9, 7]], 'neighbours': [17, 13]}, '17': {'hexes': [[-1, 7], [-2, 8], [-3, 7], [-2, 6], [1, 7], [0, 6], [0, 8], [2, 8], [-4, 6], [1, 9], [-5, 5], [-5, 7]], 'neighbours': [21, 16]}, '18': {'hexes': [[-11, -5], [-10, -4], [-12, -6], [-12, -4], [-13, -5], [-9, -5], [-10, -6], [-11, -7], [-14, -6], [-8, -6], [-9, -3], [-13, -7], [-8, -4], [-7, -5], [-14, -4], [-11, -3], [-6, -4]], 'neighbours': [14, 26, 15, 11]}, '19': {'hexes': [[12, -2], [11, -1], [13, -1], [13, -3], [14, -2], [10, -2], [11, -3], [12, -4], [14, -4], [15, -3], [15, -1], [14, 0], [12, 0]], 'neighbours': [23, 7, 13]}, '20': {'hexes': [[-13, 1], [-14, 2], [-11, 1], [-12, 0], [-14, 0], [-12, 2], [-15, 1], [-16, 2], [-13, -1], [-13, 3], [-16, 0], [-10, 2], [-15, -1], [-15, 3], [-17, -1], [-18, 0]], 'neighbours': [15, 24, 22]}, '21': {'hexes': [[-4, 10], [-2, 10], [-5, 11], [-6, 10], [-3, 11], [-5, 9], [-3, 9], [-1, 9], [-1, 11], [0, 12], [-7, 11], [-7, 9], [1, 11], [-1, 13], [-2, 12], [0, 10]], 'neighbours': [17]}, '22': {'hexes': [[-19, 3], [-21, 3], [-18, 2], [-20, 2], [-18, 4], [-17, 3], [-20, 4], [-19, 5], [-22, 4], [-17, 1], [-19, 1], [-16, 4], [-18, 6], [-21, 5], [-23, 5], [-21, 1], [-22, 0], [-17, 5]], 'neighbours': [20, 24]}, '23': {'hexes': [[19, -1], [18, 0], [17, -1], [20, -2], [21, -1], [20, 0], [18, -2], [19, -3], [21, 1], [22, -2], [16, 0], [16, -2]], 'neighbours': [19, 8]}, '24': {'hexes': [[-13, 5], [-12, 4], [-15, 5], [-14, 4], [-11, 5], [-14, 6], [-12, 6], [-10, 4], [-9, 5], [-11, 3], [-8, 4], [-13, 7], [-10, 6], [-9, 3], [-12, 8], [-11, 7]], 'neighbours': [20, 22, 15]}, '25': {'hexes': [[16, 4], [18, 4], [14, 4], [17, 3], [15, 3], [15, 5], [17, 5], [14, 6], [13, 3], [15, 7], [16, 8], [16, 6], [16, 2], [19, 3]], 'neighbours': [13]}, '26': {'hexes': [[-11, -11], [-12, -12], [-10, -10], [-13, -11], [-10, -12], [-12, -10], [-9, -11], [-11, -9], [-14, -10], [-11, -13], [-12, -8], [-13, -9], [-16, -10], [-10, -14], [-15, -9]], 'neighbours': [14, 12, 18, 27]}, '27': {'hexes': [[-19, -9], [-18, -10], [-20, -10], [-17, -9], [-20, -8], [-21, -9], [-18, -8], [-21, -7], [-16, -8], [-19, -11], [-17, -11], [-17, -7], [-21, -11], [-20, -12], [-20, -6], [-19, -7]], 'neighbours': [26, 28, 29]}, '28': {'hexes': [[-23, -13], [-22, -12], [-22, -14], [-21, -13], [-24, -14], [-24, -12], [-25, -13], [-20, -14], [-26, -14], [-23, -11], [-27, -13], [-26, -12], [-25, -11], [-28, -12], [-22, -10], [-28, -14], [-19, -13]], 'neighbours': [27, 29]}, '29': {'hexes': [[-30, -10], [-28, -10], [-31, -9], [-29, -11], [-29, -9], [-32, -10], [-31, -11], [-26, -10], [-27, -11], [-25, -9], [-28, -8], [-27, -9], [-23, -9]], 'neighbours': [28, 27]}}, 'order': [2, 1]}

INFO:CLIENT:This is player name 2, the players order is [2, 1]
DEBUG:CLIENT:Sending end_turn message.
DEBUG:GUI:{'areas': {'9': {'owner': 2, 'dice': 5}, '8': {'owner': 2, 'dice': 4}, '28': {'owner': 2, 'dice': 5}, '6': {'owner': 2, 'dice': 4}, '27': {'owner': 2, 'dice': 4}}, 'score': {'1': 8, '2': 7}, 'type': 'end_turn', 'current_player': 1, 'reserves': {'1': 0, '2': 0}}
DEBUG:GUI:<dicewars.client.game.area.Area object at 0x7f0c60c3f100>
DEBUG:GUI:<dicewars.client.game.area.Area object at 0x7f0c60c3f190>
DEBUG:GUI:<dicewars.client.game.area.Area object at 0x7f0c603e9070>
DEBUG:GUI:<dicewars.client.game.area.Area object at 0x7f0c60c3f220>
DEBUG:GUI:<dicewars.client.game.area.Area object at 0x7f0c60c3ffd0>
DEBUG:GUI:<class 'int'>
DEBUG:GUI:<class 'int'>
DEBUG:GUI:<class 'int'>
DEBUG:GUI:<class 'int'>
DEBUG:GUI:<class 'int'>
DEBUG:GUI:<class 'int'>
DEBUG:GUI:<class 'int'>
DEBUG:GUI:<class 'int'>
DEBUG:GUI:<class 'int'>
DEBUG:GUI:<class 'int'>
DEBUG:GUI:<class 'int'>
DEBUG:GUI:<class 'int'>
DEBUG:GUI:<class 'int'>
DEBUG:GUI:{'areas': {'11': {'owner': 1, 'dice': 6}, '2': {'owner': 1, 'dice': 2}, '21': {'owner': 1, 'dice': 4}, '15': {'owner': 1, 'dice': 2}, '10': {'owner': 1, 'dice': 3}, '22': {'owner': 1, 'dice': 2}}, 'score': {'1': 9, '2': 4}, 'type': 'end_turn', 'current_player': 2, 'reserves': {'1': 0, '2': 0}}
DEBUG:GUI:<dicewars.client.game.area.Area object at 0x7f0c60c3f9d0>
DEBUG:GUI:<dicewars.client.game.area.Area object at 0x7f0c65890040>
DEBUG:GUI:<dicewars.client.game.area.Area object at 0x7f0c60c3fd90>
DEBUG:GUI:<dicewars.client.game.area.Area object at 0x7f0c60c3fb50>
DEBUG:GUI:<dicewars.client.game.area.Area object at 0x7f0c60c3f970>
DEBUG:GUI:<dicewars.client.game.area.Area object at 0x7f0c60c3fdf0>
DEBUG:CLIENT:Sending end_turn message.
DEBUG:GUI:{'areas': {'8': {'owner': 2, 'dice': 5}, '7': {'owner': 2, 'dice': 5}, '6': {'owner': 2, 'dice': 5}}, 'score': {'1': 9, '2': 4}, 'type': 'end_turn', 'current_player': 1, 'reserves': {'1': 0, '2': 0}}
DEBUG:GUI:<dicewars.client.game.area.Area object at 0x7f0c60c3f190>
DEBUG:GUI:<dicewars.client.game.area.Area object at 0x7f0c60c3f0d0>
DEBUG:GUI:<dicewars.client.game.area.Area object at 0x7f0c60c3f220>
DEBUG:GUI:<class 'int'>
DEBUG:GUI:<class 'int'>
DEBUG:GUI:{'areas': {'26': {'owner': 1, 'dice': 3}, '11': {'owner': 1, 'dice': 7}, '10': {'owner': 1, 'dice': 2}, '17': {'owner': 1, 'dice': 3}, '16': {'owner': 1, 'dice': 2}, '20': {'owner': 1, 'dice': 3}, '1': {'owner': 1, 'dice': 2}, '14': {'owner': 1, 'dice': 2}}, 'score': {'1': 9, '2': 4}, 'type': 'end_turn', 'current_player': 2, 'reserves': {'1': 0, '2': 0}}
DEBUG:GUI:<dicewars.client.game.area.Area object at 0x7f0c60c3ff70>
DEBUG:GUI:<dicewars.client.game.area.Area object at 0x7f0c60c3f9d0>
DEBUG:GUI:<dicewars.client.game.area.Area object at 0x7f0c60c3f970>
DEBUG:GUI:<dicewars.client.game.area.Area object at 0x7f0c60c3fc10>
DEBUG:GUI:<dicewars.client.game.area.Area object at 0x7f0c60c3fbb0>
DEBUG:GUI:<dicewars.client.game.area.Area object at 0x7f0c60c3fd30>
DEBUG:GUI:<dicewars.client.game.area.Area object at 0x7f0c65890850>
DEBUG:GUI:<dicewars.client.game.area.Area object at 0x7f0c60c3faf0>
DEBUG:CLIENT:Sending end_turn message.
DEBUG:GUI:{'areas': {'9': {'owner': 2, 'dice': 8}, '5': {'owner': 2, 'dice': 4}}, 'score': {'1': 9, '2': 4}, 'type': 'end_turn', 'current_player': 1, 'reserves': {'1': 0, '2': 0}}
DEBUG:GUI:<dicewars.client.game.area.Area object at 0x7f0c60c3f100>
DEBUG:GUI:<dicewars.client.game.area.Area object at 0x7f0c60c3f310>
DEBUG:GUI:<class 'int'>
DEBUG:GUI:<class 'int'>
DEBUG:GUI:<class 'int'>
DEBUG:GUI:<class 'int'>
DEBUG:GUI:<class 'int'>
DEBUG:GUI:<class 'int'>
DEBUG:GUI:{'areas': {'20': {'owner': 1, 'dice': 5}, '3': {'owner': 1, 'dice': 3}, '19': {'owner': 1, 'dice': 3}, '16': {'owner': 1, 'dice': 2}, '10': {'owner': 1, 'dice': 2}, '14': {'owner': 1, 'dice': 2}, '2': {'owner': 1, 'dice': 2}}, 'score': {'1': 10, '2': 3}, 'type': 'end_turn', 'current_player': 2, 'reserves': {'1': 0, '2': 0}}
DEBUG:GUI:<dicewars.client.game.area.Area object at 0x7f0c60c3fd30>
DEBUG:GUI:<dicewars.client.game.area.Area object at 0x7f0c60c3f8e0>
DEBUG:GUI:<dicewars.client.game.area.Area object at 0x7f0c60c3fcd0>
DEBUG:GUI:<dicewars.client.game.area.Area object at 0x7f0c60c3fbb0>
DEBUG:GUI:<dicewars.client.game.area.Area object at 0x7f0c60c3f970>
DEBUG:GUI:<dicewars.client.game.area.Area object at 0x7f0c60c3faf0>
DEBUG:GUI:<dicewars.client.game.area.Area object at 0x7f0c65890040>
DEBUG:CLIENT:Sending end_turn message.
DEBUG:GUI:{'areas': {'25': {'owner': 2, 'dice': 4}, '6': {'owner': 2, 'dice': 6}, '28': {'owner': 2, 'dice': 6}}, 'score': {'1': 10, '2': 3}, 'type': 'end_turn', 'current_player': 1, 'reserves': {'1': 0, '2': 0}}
DEBUG:GUI:<dicewars.client.game.area.Area object at 0x7f0c60c3ff10>
DEBUG:GUI:<dicewars.client.game.area.Area object at 0x7f0c60c3f220>
DEBUG:GUI:<dicewars.client.game.area.Area object at 0x7f0c603e9070>
DEBUG:GUI:<class 'int'>
DEBUG:GUI:<class 'int'>
DEBUG:GUI:<class 'int'>
DEBUG:GUI:<class 'int'>
DEBUG:GUI:<class 'int'>
DEBUG:GUI:<class 'int'>
DEBUG:GUI:{'areas': {'24': {'owner': 1, 'dice': 3}, '17': {'owner': 1, 'dice': 5}, '22': {'owner': 1, 'dice': 3}, '1': {'owner': 1, 'dice': 2}, '3': {'owner': 1, 'dice': 4}, '10': {'owner': 1, 'dice': 2}, '26': {'owner': 1, 'dice': 2}, '12': {'owner': 1, 'dice': 2}, '19': {'owner': 1, 'dice': 2}, '16': {'owner': 1, 'dice': 2}, '23': {'owner': 1, 'dice': 2}, '2': {'owner': 1, 'dice': 2}}, 'score': {'1': 16, '2': 3}, 'type': 'end_turn', 'current_player': 2, 'reserves': {'1': 0, '2': 0}}
DEBUG:GUI:<dicewars.client.game.area.Area object at 0x7f0c60c3feb0>
DEBUG:GUI:<dicewars.client.game.area.Area object at 0x7f0c60c3fc10>
DEBUG:GUI:<dicewars.client.game.area.Area object at 0x7f0c60c3fdf0>
DEBUG:GUI:<dicewars.client.game.area.Area object at 0x7f0c65890850>
DEBUG:GUI:<dicewars.client.game.area.Area object at 0x7f0c60c3f8e0>
DEBUG:GUI:<dicewars.client.game.area.Area object at 0x7f0c60c3f970>
DEBUG:GUI:<dicewars.client.game.area.Area object at 0x7f0c60c3ff70>
DEBUG:GUI:<dicewars.client.game.area.Area object at 0x7f0c60c3fa30>
DEBUG:GUI:<dicewars.client.game.area.Area object at 0x7f0c60c3fcd0>
DEBUG:GUI:<dicewars.client.game.area.Area object at 0x7f0c60c3fbb0>
DEBUG:GUI:<dicewars.client.game.area.Area object at 0x7f0c60c3fe50>
DEBUG:GUI:<dicewars.client.game.area.Area object at 0x7f0c65890040>
