DEBUG:CLIENT:Started socket daemon.
DEBUG:CLIENT:Received message: {'areas': {'1': {'adjacent_areas': [6, 2], 'owner': 3, 'dice': 3}, '2': {'adjacent_areas': [1, 3], 'owner': 2, 'dice': 3}, '3': {'adjacent_areas': [14, 2, 6, 4], 'owner': 1, 'dice': 3}, '4': {'adjacent_areas': [3, 5, 16, 10], 'owner': 2, 'dice': 3}, '5': {'adjacent_areas': [14, 4, 7], 'owner': 3, 'dice': 3}, '6': {'adjacent_areas': [1, 3, 14], 'owner': 1, 'dice': 3}, '7': {'adjacent_areas': [8, 5, 11, 9], 'owner': 4, 'dice': 3}, '8': {'adjacent_areas': [9, 7], 'owner': 4, 'dice': 3}, '9': {'adjacent_areas': [19, 15, 8, 7], 'owner': 3, 'dice': 3}, '10': {'adjacent_areas': [12, 4, 17, 16], 'owner': 2, 'dice': 3}, '11': {'adjacent_areas': [7, 15, 16], 'owner': 1, 'dice': 3}, '12': {'adjacent_areas': [10, 13, 29, 18], 'owner': 3, 'dice': 3}, '13': {'adjacent_areas': [12, 29, 17, 20], 'owner': 3, 'dice': 3}, '14': {'adjacent_areas': [3, 6, 5], 'owner': 1, 'dice': 3}, '15': {'adjacent_areas': [11, 26, 9, 16], 'owner': 4, 'dice': 3}, '16': {'adjacent_areas': [11, 10, 4, 15, 26], 'owner': 1, 'dice': 3}, '17': {'adjacent_areas': [22, 13, 10], 'owner': 4, 'dice': 3}, '18': {'adjacent_areas': [12], 'owner': 2, 'dice': 3}, '19': {'adjacent_areas': [9, 25], 'owner': 2, 'dice': 3}, '20': {'adjacent_areas': [13, 21, 24, 29], 'owner': 1, 'dice': 3}, '21': {'adjacent_areas': [20, 23], 'owner': 1, 'dice': 3}, '22': {'adjacent_areas': [17, 23], 'owner': 3, 'dice': 3}, '23': {'adjacent_areas': [22, 21], 'owner': 4, 'dice': 3}, '24': {'adjacent_areas': [20], 'owner': 2, 'dice': 3}, '25': {'adjacent_areas': [19], 'owner': 4, 'dice': 3}, '26': {'adjacent_areas': [15, 27, 16], 'owner': 2, 'dice': 3}, '27': {'adjacent_areas': [26, 28], 'owner': 4, 'dice': 3}, '28': {'adjacent_areas': [27], 'owner': 3, 'dice': 3}, '29': {'adjacent_areas': [12, 13, 20], 'owner': 1, 'dice': 3}}, 'score': {'4': 2, '2': 2, '3': 2, '1': 3}, 'type': 'game_start', 'player': 1, 'no_players': 4, 'current_player': 1, 'board': {'1': {'hexes': [[-30, -8], [-31, -7], [-29, -7], [-31, -9], [-28, -8], [-32, -8], [-29, -9], [-32, -6], [-32, -10], [-30, -6], [-28, -10], [-28, -6], [-30, -10], [-31, -5]], 'neighbours': [6, 2]}, '2': {'hexes': [[-25, -5], [-26, -4], [-24, -6], [-23, -5], [-27, -5], [-26, -6], [-24, -4], [-22, -6], [-21, -7], [-21, -5], [-25, -7], [-23, -7], [-20, -6], [-28, -4]], 'neighbours': [1, 3]}, '3': {'hexes': [[-18, -8], [-19, -9], [-17, -7], [-20, -8], [-17, -9], [-16, -8], [-19, -7], [-21, -9], [-18, -6], [-22, -8], [-20, -10], [-16, -6], [-22, -10], [-15, -7]], 'neighbours': [14, 2, 6, 4]}, '4': {'hexes': [[-12, -6], [-13, -5], [-13, -7], [-10, -6], [-11, -7], [-14, -6], [-11, -5], [-12, -4], [-15, -5], [-10, -8], [-14, -4], [-16, -4]], 'neighbours': [3, 5, 16, 10]}, '5': {'hexes': [[-12, -10], [-10, -10], [-14, -10], [-11, -11], [-13, -9], [-11, -9], [-13, -11], [-9, -11], [-10, -12], [-12, -12], [-12, -8], [-9, -9]], 'neighbours': [14, 4, 7]}, '6': {'hexes': [[-25, -11], [-26, -10], [-26, -12], [-27, -11], [-24, -10], [-24, -12], [-23, -11], [-25, -13], [-23, -9], [-29, -11], [-27, -13], [-25, -9], [-22, -12], [-23, -13], [-26, -14]], 'neighbours': [1, 3, 14]}, '7': {'hexes': [[-5, -11], [-4, -12], [-4, -10], [-6, -10], [-7, -11], [-3, -11], [-6, -12], [-3, -9], [-1, -11], [0, -10], [-5, -9], [-1, -9], [-7, -9], [-2, -10]], 'neighbours': [8, 5, 11, 9]}, '8': {'hexes': [[2, -12], [1, -11], [0, -12], [3, -13], [3, -11], [4, -12], [1, -13], [5, -11], [2, -14], [0, -14], [5, -13], [-2, -12]], 'neighbours': [9, 7]}, '9': {'hexes': [[7, -9], [9, -9], [8, -10], [8, -8], [6, -8], [5, -9], [6, -10], [4, -8], [4, -10], [7, -7], [9, -11], [3, -9], [8, -12], [7, -11], [2, -10]], 'neighbours': [19, 15, 8, 7]}, '10': {'hexes': [[-14, -2], [-15, -1], [-16, -2], [-13, -3], [-15, -3], [-12, -2], [-13, -1], [-17, -3], [-11, -1], [-14, 0], [-11, -3], [-18, -2], [-20, -2], [-12, 0]], 'neighbours': [12, 4, 17, 16]}, '11': {'hexes': [[-1, -7], [-2, -8], [0, -6], [1, -7], [-3, -7], [0, -8], [-2, -6], [-1, -5], [-4, -8], [-4, -6], [0, -4], [-6, -6]], 'neighbours': [7, 15, 16]}, '12': {'hexes': [[-18, 0], [-17, -1], [-17, 1], [-20, 0], [-16, 0], [-19, 1], [-19, -1], [-21, 1], [-15, 1], [-23, 1], [-21, -1], [-22, 0], [-18, 2], [-24, 0], [-24, 2], [-23, -1], [-22, 2], [-20, 2]], 'neighbours': [10, 13, 29, 18]}, '13': {'hexes': [[-15, 3], [-16, 4], [-14, 4], [-14, 2], [-17, 3], [-16, 2], [-13, 3], [-17, 5], [-12, 4], [-18, 4], [-20, 4], [-12, 2], [-15, 5], [-13, 5], [-19, 5]], 'neighbours': [12, 29, 17, 20]}, '14': {'hexes': [[-18, -12], [-19, -13], [-19, -11], [-17, -11], [-17, -13], [-20, -12], [-16, -12], [-14, -12], [-21, -11], [-16, -14], [-15, -13], [-20, -14], [-18, -10], [-21, -13], [-16, -10], [-15, -11], [-18, -14]], 'neighbours': [3, 6, 5]}, '15': {'hexes': [[3, -5], [2, -6], [4, -4], [1, -5], [5, -5], [2, -4], [4, -6], [3, -3], [5, -7], [1, -3], [6, -4], [3, -7], [7, -3], [5, -3]], 'neighbours': [11, 26, 9, 16]}, '16': {'hexes': [[-6, -4], [-7, -5], [-5, -5], [-7, -3], [-5, -3], [-8, -4], [-4, -4], [-3, -5], [-10, -4], [-2, -4], [-9, -3], [-1, -3], [-4, -2], [0, -2], [-9, -5], [-2, -2], [-3, -3]], 'neighbours': [11, 10, 4, 15, 26]}, '17': {'hexes': [[-9, 1], [-8, 2], [-8, 0], [-11, 1], [-7, 1], [-10, 2], [-10, 0], [-6, 0], [-9, -1], [-11, 3], [-9, 3], [-7, 3]], 'neighbours': [22, 13, 10]}, '18': {'hexes': [[-28, 0], [-29, 1], [-30, 0], [-29, -1], [-27, 1], [-26, 0], [-27, -1], [-25, -1], [-28, 2], [-31, 1], [-30, 2], [-32, 0], [-32, 2]], 'neighbours': [12]}, '19': {'hexes': [[13, -11], [11, -11], [15, -11], [14, -12], [14, -10], [12, -10], [12, -12], [15, -13], [10, -12], [10, -10], [13, -13], [11, -13], [16, -12]], 'neighbours': [9, 25]}, '20': {'hexes': [[-17, 7], [-15, 7], [-18, 8], [-16, 6], [-16, 8], [-18, 6], [-19, 7], [-20, 8], [-14, 8], [-21, 9], [-20, 6], [-17, 9], [-14, 6], [-19, 9]], 'neighbours': [13, 21, 24, 29]}, '21': {'hexes': [[-11, 9], [-12, 10], [-9, 9], [-10, 10], [-10, 8], [-12, 8], [-13, 9], [-8, 8], [-13, 11], [-14, 10], [-15, 9], [-15, 11], [-7, 9], [-6, 8]], 'neighbours': [20, 23]}, '22': {'hexes': [[-4, 2], [-5, 1], [-5, 3], [-3, 3], [-2, 2], [-6, 2], [-3, 1], [-6, 4], [-1, 3], [0, 4], [-4, 4], [-1, 1], [0, 2], [-4, 0], [1, 1], [-2, 0], [-2, 4]], 'neighbours': [17, 23]}, '23': {'hexes': [[-2, 6], [-3, 7], [-4, 6], [-1, 5], [-3, 5], [0, 6], [-1, 7], [1, 7], [2, 6], [-5, 5], [1, 5], [-2, 8], [3, 5], [3, 7], [-5, 7], [2, 4], [0, 8]], 'neighbours': [22, 21]}, '24': {'hexes': [[-24, 10], [-25, 11], [-23, 11], [-25, 9], [-26, 10], [-23, 9], [-22, 10], [-21, 11], [-27, 9], [-28, 10], [-20, 10], [-18, 10], [-29, 9], [-27, 11]], 'neighbours': [20]}, '25': {'hexes': [[20, -12], [19, -11], [22, -12], [18, -12], [19, -13], [21, -11], [21, -13], [18, -10], [17, -11], [17, -13], [22, -10], [20, -10], [24, -12], [19, -9], [23, -11]], 'neighbours': [19]}, '26': {'hexes': [[9, -1], [11, -1], [8, -2], [8, 0], [7, -1], [10, -2], [10, 0], [12, 0], [5, -1], [6, 0], [13, -1], [9, 1], [6, -2], [4, -2], [3, -1], [2, -2]], 'neighbours': [15, 27, 16]}, '27': {'hexes': [[16, -2], [15, -1], [17, -3], [17, -1], [14, -2], [15, -3], [18, -2], [14, -4], [18, -4], [16, 0], [18, 0], [15, 1], [19, -1], [17, 1], [18, 2], [14, 0], [19, 1], [16, -4]], 'neighbours': [26, 28]}, '28': {'hexes': [[20, 4], [22, 4], [19, 3], [19, 5], [18, 4], [21, 3], [21, 5], [16, 4], [20, 6], [23, 5], [17, 3], [17, 5], [22, 6]], 'neighbours': [27]}, '29': {'hexes': [[-24, 4], [-23, 5], [-25, 5], [-25, 3], [-22, 4], [-23, 3], [-26, 4], [-24, 6], [-21, 3], [-28, 4], [-27, 5], [-21, 5], [-19, 3]], 'neighbours': [12, 13, 20]}}, 'order': [1, 2, 3, 4]}

INFO:CLIENT:This is player name 1, the players order is [1, 2, 3, 4]
DEBUG:root:Starting clock with 10.000s left
DEBUG:root:Stopped clock, now with 10.000s left
DEBUG:AI:Received message type game_state.
DEBUG:root:Starting clock with 10.000s left
DEBUG:AI:Looking for possible turns.
DEBUG:AI:Possible turn: [11, 7, 0.09888413228669357]
DEBUG:root:Stopped clock, now with 10.248s left
DEBUG:AI:Sending battle message 11->7
DEBUG:AI:Received message type battle.
DEBUG:root:Starting clock with 10.248s left
DEBUG:AI:Looking for possible turns.
DEBUG:AI:Possible turn: [16, 15, 0.10525572199260713]
DEBUG:root:Stopped clock, now with 10.496s left
DEBUG:AI:Sending battle message 16->15
DEBUG:AI:Received message type battle.
DEBUG:root:Starting clock with 10.496s left
DEBUG:AI:Looking for possible turns.
DEBUG:AI:Possible turn: [21, 23, 0.11107081813133846]
DEBUG:root:Stopped clock, now with 10.745s left
DEBUG:AI:Sending battle message 21->23
DEBUG:AI:Received message type battle.
DEBUG:root:Starting clock with 10.745s left
DEBUG:AI:Looking for possible turns.
DEBUG:AI:Don't want to attack anymore.
DEBUG:root:Stopped clock, now with 10.994s left
DEBUG:AI:Sending end_turn message.
DEBUG:AI:Received message type end_turn.
DEBUG:AI:Received message type battle.
DEBUG:AI:Received message type battle.
DEBUG:AI:Received message type battle.
DEBUG:AI:Received message type battle.
DEBUG:AI:Received message type battle.
DEBUG:AI:Received message type battle.
DEBUG:AI:Received message type end_turn.
DEBUG:AI:Received message type battle.
DEBUG:AI:Received message type battle.
DEBUG:AI:Received message type battle.
DEBUG:AI:Received message type battle.
DEBUG:AI:Received message type battle.
DEBUG:AI:Received message type battle.
DEBUG:AI:Received message type battle.
DEBUG:AI:Received message type battle.
DEBUG:AI:Received message type battle.
DEBUG:AI:Received message type end_turn.
DEBUG:AI:Received message type battle.
DEBUG:AI:Received message type battle.
DEBUG:AI:Received message type battle.
DEBUG:AI:Received message type battle.
DEBUG:AI:Received message type end_turn.
DEBUG:root:Starting clock with 10.994s left
DEBUG:AI:Looking for possible turns.
DEBUG:AI:Possible turn: [3, 2, 0.19295968600892754]
DEBUG:root:Stopped clock, now with 11.242s left
DEBUG:AI:Sending battle message 3->2
DEBUG:AI:Received message type battle.
DEBUG:root:Starting clock with 11.242s left
DEBUG:AI:Looking for possible turns.
DEBUG:AI:Possible turn: [20, 24, 0.19235507080943215]
DEBUG:root:Stopped clock, now with 11.492s left
DEBUG:AI:Sending battle message 20->24
DEBUG:AI:Received message type battle.
DEBUG:root:Starting clock with 11.492s left
DEBUG:AI:Looking for possible turns.
DEBUG:AI:Possible turn: [29, 12, 0.23621920627418658]
DEBUG:root:Stopped clock, now with 11.741s left
DEBUG:AI:Sending battle message 29->12
DEBUG:AI:Received message type battle.
DEBUG:root:Starting clock with 11.741s left
DEBUG:AI:Looking for possible turns.
DEBUG:AI:Possible turn: [6, 1, 0.2762742018979294]
DEBUG:root:Stopped clock, now with 11.990s left
DEBUG:AI:Sending battle message 6->1
DEBUG:AI:Received message type battle.
DEBUG:root:Starting clock with 11.990s left
DEBUG:AI:Looking for possible turns.
DEBUG:AI:Possible turn: [12, 10, 0.26827537787801314]
DEBUG:root:Stopped clock, now with 12.239s left
DEBUG:AI:Sending battle message 12->10
DEBUG:AI:Received message type battle.
DEBUG:root:Starting clock with 12.239s left
DEBUG:AI:Looking for possible turns.
DEBUG:AI:Don't want to attack anymore.
DEBUG:root:Stopped clock, now with 12.489s left
DEBUG:AI:Sending end_turn message.
DEBUG:AI:Received message type end_turn.
DEBUG:AI:Received message type battle.
DEBUG:AI:Received message type battle.
DEBUG:AI:Received message type battle.
DEBUG:AI:Received message type battle.
DEBUG:AI:Received message type battle.
DEBUG:AI:Received message type end_turn.
DEBUG:AI:Received message type battle.
DEBUG:AI:Received message type battle.
DEBUG:AI:Received message type end_turn.
DEBUG:AI:Received message type battle.
DEBUG:AI:Received message type end_turn.
DEBUG:root:Starting clock with 12.489s left
DEBUG:AI:Looking for possible turns.
DEBUG:AI:Possible turn: [3, 14, 0.4095757384185803]
DEBUG:root:Stopped clock, now with 12.738s left
DEBUG:AI:Sending battle message 3->14
DEBUG:AI:Received message type battle.
DEBUG:root:Starting clock with 12.738s left
DEBUG:AI:Looking for possible turns.
DEBUG:AI:Possible turn: [21, 23, 0.17610281901943314]
DEBUG:root:Stopped clock, now with 12.988s left
DEBUG:AI:Sending battle message 21->23
DEBUG:AI:Received message type battle.
DEBUG:root:Starting clock with 12.988s left
DEBUG:AI:Looking for possible turns.
DEBUG:AI:Possible turn: [20, 13, 0.16544811536533954]
DEBUG:root:Stopped clock, now with 13.237s left
DEBUG:AI:Sending battle message 20->13
DEBUG:AI:Received message type battle.
DEBUG:root:Starting clock with 13.237s left
DEBUG:AI:Looking for possible turns.
DEBUG:AI:Don't want to attack anymore.
DEBUG:root:Stopped clock, now with 13.487s left
DEBUG:AI:Sending end_turn message.
DEBUG:AI:Received message type end_turn.
DEBUG:AI:Received message type battle.
DEBUG:AI:Received message type battle.
DEBUG:AI:Received message type battle.
DEBUG:AI:Received message type end_turn.
DEBUG:AI:Received message type battle.
DEBUG:AI:Received message type end_turn.
DEBUG:root:Starting clock with 13.487s left
DEBUG:AI:Looking for possible turns.
DEBUG:AI:Possible turn: [3, 4, 0.16479665313823944]
DEBUG:root:Stopped clock, now with 13.736s left
DEBUG:AI:Sending battle message 3->4
DEBUG:AI:Received message type battle.
DEBUG:root:Starting clock with 13.736s left
DEBUG:AI:Looking for possible turns.
DEBUG:AI:Possible turn: [20, 13, 0.1906059630563972]
DEBUG:root:Stopped clock, now with 13.985s left
DEBUG:AI:Sending battle message 20->13
DEBUG:AI:Received message type battle.
DEBUG:root:Starting clock with 13.985s left
DEBUG:AI:Looking for possible turns.
DEBUG:AI:Possible turn: [14, 5, 0.18880492667250026]
DEBUG:root:Stopped clock, now with 14.235s left
DEBUG:AI:Sending battle message 14->5
DEBUG:AI:Received message type battle.
DEBUG:root:Starting clock with 14.235s left
DEBUG:AI:Looking for possible turns.
DEBUG:AI:Don't want to attack anymore.
DEBUG:root:Stopped clock, now with 14.484s left
DEBUG:AI:Sending end_turn message.
DEBUG:AI:Received message type end_turn.
DEBUG:AI:Received message type battle.
DEBUG:AI:Received message type battle.
DEBUG:AI:Received message type battle.
DEBUG:AI:Received message type battle.
DEBUG:AI:Received message type battle.
DEBUG:AI:Received message type end_turn.
DEBUG:AI:Received message type battle.
DEBUG:AI:Received message type battle.
DEBUG:AI:Received message type end_turn.
DEBUG:root:Starting clock with 14.484s left
DEBUG:AI:Looking for possible turns.
DEBUG:AI:Possible turn: [23, 21, 0.16852732716491214]
DEBUG:root:Stopped clock, now with 14.733s left
DEBUG:AI:Sending battle message 23->21
DEBUG:AI:Received message type battle.
DEBUG:root:Starting clock with 14.733s left
DEBUG:AI:Looking for possible turns.
DEBUG:AI:Don't want to attack anymore.
DEBUG:root:Stopped clock, now with 14.983s left
DEBUG:AI:Sending end_turn message.
DEBUG:AI:Received message type end_turn.
DEBUG:AI:Received message type battle.
DEBUG:AI:Received message type battle.
DEBUG:AI:Received message type battle.
DEBUG:AI:Received message type battle.
DEBUG:AI:Received message type battle.
DEBUG:AI:Received message type battle.
DEBUG:AI:Received message type end_turn.
DEBUG:AI:Received message type battle.
DEBUG:AI:Received message type battle.
DEBUG:AI:Received message type battle.
DEBUG:AI:Received message type battle.
DEBUG:AI:Received message type end_turn.
DEBUG:root:Starting clock with 14.983s left
DEBUG:AI:Looking for possible turns.
DEBUG:AI:Possible turn: [24, 20, 0.13331850924176725]
DEBUG:root:Stopped clock, now with 15.232s left
DEBUG:AI:Sending battle message 24->20
DEBUG:AI:Received message type battle.
DEBUG:root:Starting clock with 15.232s left
DEBUG:AI:Looking for possible turns.
DEBUG:AI:Possible turn: [1, 6, 0.13237461520077787]
DEBUG:root:Stopped clock, now with 15.482s left
DEBUG:AI:Sending battle message 1->6
DEBUG:AI:Received message type battle.
DEBUG:root:Starting clock with 15.482s left
DEBUG:AI:Looking for possible turns.
DEBUG:AI:Possible turn: [20, 13, 0.18755699304343554]
DEBUG:root:Stopped clock, now with 15.731s left
DEBUG:AI:Sending battle message 20->13
DEBUG:AI:Received message type battle.
DEBUG:root:Starting clock with 15.731s left
DEBUG:AI:Looking for possible turns.
DEBUG:AI:Possible turn: [13, 12, 0.18804589823434448]
DEBUG:root:Stopped clock, now with 15.980s left
DEBUG:AI:Sending battle message 13->12
DEBUG:AI:Received message type battle.
DEBUG:root:Starting clock with 15.980s left
DEBUG:AI:Looking for possible turns.
DEBUG:AI:Don't want to attack anymore.
DEBUG:root:Stopped clock, now with 16.229s left
DEBUG:AI:Sending end_turn message.
DEBUG:AI:Received message type end_turn.
DEBUG:AI:Received message type battle.
DEBUG:AI:Received message type battle.
DEBUG:AI:Received message type battle.
DEBUG:AI:Received message type battle.
DEBUG:AI:Received message type battle.
DEBUG:AI:Received message type battle.
DEBUG:AI:Received message type battle.
DEBUG:AI:Received message type battle.
DEBUG:AI:Received message type battle.
DEBUG:AI:Received message type battle.
DEBUG:AI:Received message type battle.
DEBUG:AI:Received message type battle.
DEBUG:AI:Received message type end_turn.
DEBUG:AI:Received message type battle.
DEBUG:AI:Received message type battle.
DEBUG:AI:Received message type battle.
DEBUG:AI:Received message type battle.
DEBUG:AI:Received message type battle.
DEBUG:AI:Received message type end_turn.
DEBUG:root:Starting clock with 16.229s left
DEBUG:AI:Looking for possible turns.
DEBUG:AI:Don't want to attack anymore.
DEBUG:root:Stopped clock, now with 16.479s left
DEBUG:AI:Sending end_turn message.
DEBUG:AI:Received message type end_turn.
DEBUG:AI:Received message type battle.
DEBUG:AI:Received message type battle.
DEBUG:AI:Received message type battle.
DEBUG:AI:Received message type battle.
DEBUG:AI:Received message type battle.
DEBUG:AI:Received message type battle.
DEBUG:AI:Received message type battle.
DEBUG:AI:Received message type battle.
DEBUG:AI:Received message type end_turn.
DEBUG:AI:Received message type battle.
DEBUG:AI:Received message type battle.
DEBUG:AI:Received message type battle.
DEBUG:AI:Received message type battle.
DEBUG:AI:Received message type end_turn.
DEBUG:AI:Received message type battle.
DEBUG:AI:Received message type battle.
DEBUG:AI:Received message type battle.
DEBUG:AI:Received message type end_turn.
DEBUG:AI:Received message type end_turn.
DEBUG:AI:Received message type end_turn.
DEBUG:AI:Received message type battle.
DEBUG:AI:Received message type battle.
DEBUG:AI:Received message type end_turn.
DEBUG:AI:Received message type battle.
DEBUG:AI:Received message type battle.
DEBUG:AI:Received message type battle.
DEBUG:AI:Received message type end_turn.
DEBUG:AI:Received message type battle.
DEBUG:AI:Received message type battle.
DEBUG:AI:Received message type battle.
DEBUG:AI:Received message type end_turn.
DEBUG:AI:Received message type battle.
DEBUG:AI:Received message type battle.
DEBUG:AI:Received message type end_turn.
DEBUG:AI:Received message type battle.
DEBUG:AI:Received message type battle.
DEBUG:AI:Received message type end_turn.
DEBUG:AI:Received message type battle.
DEBUG:AI:Received message type battle.
DEBUG:AI:Received message type battle.
DEBUG:AI:Received message type battle.
DEBUG:AI:Received message type end_turn.
DEBUG:AI:Received message type battle.
DEBUG:AI:Received message type end_turn.
DEBUG:AI:Received message type end_turn.
DEBUG:AI:Received message type battle.
DEBUG:AI:Received message type end_turn.
DEBUG:AI:Received message type battle.
DEBUG:AI:Received message type battle.
DEBUG:AI:Received message type battle.
DEBUG:AI:Received message type battle.
DEBUG:AI:Received message type battle.
DEBUG:AI:Received message type battle.
DEBUG:AI:Received message type battle.
DEBUG:AI:Received message type end_turn.
DEBUG:AI:Received message type battle.
DEBUG:AI:Received message type battle.
DEBUG:AI:Received message type battle.
DEBUG:AI:Received message type end_turn.
DEBUG:AI:Received message type battle.
DEBUG:AI:Received message type battle.
DEBUG:AI:Received message type battle.
DEBUG:AI:Received message type battle.
DEBUG:AI:Received message type end_turn.
DEBUG:AI:Received message type end_turn.
DEBUG:AI:Received message type battle.
DEBUG:AI:Received message type battle.
DEBUG:AI:Received message type battle.
DEBUG:AI:Received message type end_turn.
DEBUG:AI:Received message type battle.
DEBUG:AI:Received message type end_turn.
DEBUG:AI:Received message type battle.
DEBUG:AI:Received message type battle.
DEBUG:AI:Received message type battle.
DEBUG:AI:Received message type end_turn.
DEBUG:AI:Received message type end_turn.
DEBUG:AI:Received message type battle.
DEBUG:AI:Received message type game_end.
INFO:AI:Player 2 has won
