DEBUG:CLIENT:Started socket daemon.
DEBUG:CLIENT:Received message: {'areas': {'1': {'adjacent_areas': [3, 2, 7, 4], 'owner': 3, 'dice': 3}, '2': {'adjacent_areas': [1, 7, 18], 'owner': 2, 'dice': 3}, '3': {'adjacent_areas': [6, 4, 1, 18], 'owner': 1, 'dice': 3}, '4': {'adjacent_areas': [5, 3, 1, 6], 'owner': 2, 'dice': 3}, '5': {'adjacent_areas': [9, 4, 8], 'owner': 3, 'dice': 3}, '6': {'adjacent_areas': [4, 12, 3, 18], 'owner': 1, 'dice': 3}, '7': {'adjacent_areas': [1, 2, 11], 'owner': 4, 'dice': 3}, '8': {'adjacent_areas': [5, 10, 28], 'owner': 4, 'dice': 3}, '9': {'adjacent_areas': [19, 5, 20], 'owner': 3, 'dice': 3}, '10': {'adjacent_areas': [8, 26, 21, 13, 28], 'owner': 2, 'dice': 3}, '11': {'adjacent_areas': [7, 16, 15], 'owner': 1, 'dice': 3}, '12': {'adjacent_areas': [6], 'owner': 3, 'dice': 3}, '13': {'adjacent_areas': [10, 17, 14, 21], 'owner': 3, 'dice': 3}, '14': {'adjacent_areas': [13, 17, 21, 23, 25], 'owner': 1, 'dice': 3}, '15': {'adjacent_areas': [22, 11, 20], 'owner': 4, 'dice': 3}, '16': {'adjacent_areas': [11], 'owner': 1, 'dice': 3}, '17': {'adjacent_areas': [14, 13, 23, 24], 'owner': 4, 'dice': 3}, '18': {'adjacent_areas': [6, 3, 2], 'owner': 2, 'dice': 3}, '19': {'adjacent_areas': [9, 20], 'owner': 2, 'dice': 3}, '20': {'adjacent_areas': [9, 19, 15], 'owner': 1, 'dice': 3}, '21': {'adjacent_areas': [13, 26, 10, 14], 'owner': 1, 'dice': 3}, '22': {'adjacent_areas': [27, 15], 'owner': 3, 'dice': 3}, '23': {'adjacent_areas': [17, 24, 25, 14, 29], 'owner': 4, 'dice': 3}, '24': {'adjacent_areas': [23, 29, 17], 'owner': 2, 'dice': 3}, '25': {'adjacent_areas': [23, 14], 'owner': 4, 'dice': 3}, '26': {'adjacent_areas': [21, 10, 28], 'owner': 2, 'dice': 3}, '27': {'adjacent_areas': [22], 'owner': 4, 'dice': 3}, '28': {'adjacent_areas': [8, 10, 26], 'owner': 3, 'dice': 3}, '29': {'adjacent_areas': [23, 24], 'owner': 1, 'dice': 3}}, 'score': {'1': 2, '3': 2, '2': 2, '4': 3}, 'type': 'game_start', 'player': 3, 'no_players': 4, 'current_player': 1, 'board': {'1': {'hexes': [[17, 9], [18, 8], [15, 9], [19, 9], [18, 10], [16, 8], [16, 10], [15, 11], [14, 10], [12, 10], [13, 9], [13, 11], [15, 7]], 'neighbours': [3, 2, 7, 4]}, '2': {'hexes': [[18, 12], [17, 11], [17, 13], [16, 12], [19, 13], [20, 12], [19, 11], [22, 12], [23, 13], [15, 13], [20, 10], [21, 11], [21, 13], [14, 12], [23, 11], [22, 10]], 'neighbours': [1, 7, 18]}, '3': {'hexes': [[20, 6], [21, 5], [18, 6], [19, 7], [21, 7], [19, 5], [22, 6], [20, 4], [23, 7], [17, 7], [20, 8], [22, 8], [24, 6]], 'neighbours': [6, 4, 1, 18]}, '4': {'hexes': [[16, 4], [14, 4], [17, 5], [15, 5], [15, 3], [17, 3], [18, 4], [14, 6], [16, 6], [18, 2], [19, 3], [21, 3], [16, 2]], 'neighbours': [5, 3, 1, 6]}, '5': {'hexes': [[14, 0], [13, -1], [15, 1], [13, 1], [15, -1], [16, 0], [12, 0], [12, 2], [12, -2], [14, -2], [16, -2], [11, 1], [10, 0], [14, 2], [13, 3], [13, -3], [17, 1]], 'neighbours': [9, 4, 8]}, '6': {'hexes': [[25, 3], [23, 3], [27, 3], [26, 2], [24, 4], [26, 4], [24, 2], [28, 4], [22, 4], [22, 2], [27, 5], [25, 5], [28, 6]], 'neighbours': [4, 12, 3, 18]}, '7': {'hexes': [[10, 12], [11, 11], [11, 13], [9, 11], [8, 12], [12, 12], [9, 13], [7, 13], [13, 13], [6, 12], [7, 11], [10, 10], [4, 12], [9, 9], [8, 10], [11, 9]], 'neighbours': [1, 2, 11]}, '8': {'hexes': [[19, -3], [21, -3], [18, -2], [20, -4], [18, -4], [20, -2], [17, -3], [19, -5], [19, -1], [22, -4], [21, -5], [15, -3], [17, -1], [22, -6], [16, -4], [23, -3]], 'neighbours': [5, 10, 28]}, '9': {'hexes': [[7, -1], [6, -2], [8, 0], [9, -1], [6, 0], [8, -2], [5, -1], [10, -2], [4, 0], [11, -1], [9, -3], [9, 1], [2, 0], [11, -3], [7, 1], [5, 1]], 'neighbours': [19, 5, 20]}, '10': {'hexes': [[19, -7], [17, -7], [18, -6], [20, -8], [21, -7], [18, -8], [20, -6], [16, -8], [17, -5], [15, -5], [16, -6], [15, -9], [13, -9], [21, -9], [23, -7], [15, -7], [22, -8]], 'neighbours': [8, 26, 21, 13, 28]}, '11': {'hexes': [[5, 9], [4, 10], [7, 9], [6, 10], [4, 8], [3, 9], [6, 8], [5, 11], [2, 10], [1, 9], [8, 8], [0, 10], [3, 7], [2, 8], [3, 11], [-1, 9], [5, 7]], 'neighbours': [7, 16, 15]}, '12': {'hexes': [[29, 1], [28, 2], [27, 1], [28, 0], [31, 1], [30, 0], [30, 2], [29, 3], [25, 1], [30, 4], [24, 0], [31, 3], [29, -1], [29, 5], [28, -2], [27, -3], [31, -1], [31, 5], [26, 0]], 'neighbours': [6]}, '13': {'hexes': [[10, -10], [11, -11], [12, -10], [9, -9], [9, -11], [8, -10], [11, -9], [8, -8], [13, -11], [10, -12], [12, -8], [13, -7], [12, -6], [12, -12], [9, -7], [10, -8], [11, -7]], 'neighbours': [10, 17, 14, 21]}, '14': {'hexes': [[7, -13], [6, -14], [8, -14], [9, -13], [8, -12], [5, -13], [6, -12], [4, -14], [4, -12], [11, -13], [2, -14], [3, -13], [2, -12], [1, -13], [1, -11], [0, -14]], 'neighbours': [13, 17, 21, 23, 25]}, '15': {'hexes': [[0, 6], [-2, 6], [2, 6], [1, 5], [-1, 5], [-1, 7], [1, 7], [3, 5], [4, 6], [0, 4], [-3, 5], [2, 4], [-3, 7]], 'neighbours': [22, 11, 20]}, '16': {'hexes': [[-3, 11], [-4, 12], [-1, 11], [-5, 11], [-4, 10], [-2, 12], [-2, 10], [-3, 9], [-6, 10], [1, 11], [0, 12], [-3, 13], [-7, 11]], 'neighbours': [11]}, '17': {'hexes': [[4, -10], [3, -11], [5, -9], [5, -11], [2, -10], [6, -10], [3, -9], [0, -10], [7, -11], [7, -9], [6, -8], [4, -8], [1, -9], [-2, -10], [0, -8], [2, -8]], 'neighbours': [14, 13, 23, 24]}, '18': {'hexes': [[28, 8], [29, 9], [30, 8], [29, 7], [27, 7], [27, 9], [26, 8], [28, 10], [24, 8], [26, 6], [25, 7], [31, 7], [25, 9], [27, 11], [31, 9], [23, 9], [26, 10]], 'neighbours': [6, 3, 2]}, '19': {'hexes': [[3, -3], [1, -3], [5, -3], [4, -4], [4, -2], [2, -2], [2, -4], [3, -1], [6, -4], [7, -3], [0, -2], [1, -1], [8, -4], [5, -5], [-1, -3]], 'neighbours': [9, 20]}, '20': {'hexes': [[-1, 1], [0, 0], [1, 1], [-2, 2], [0, 2], [-2, 0], [-3, 1], [2, 2], [-1, 3], [1, 3], [-1, -1], [-3, -1], [3, 1], [-2, -2], [-4, -2], [-4, 2]], 'neighbours': [9, 19, 15]}, '21': {'hexes': [[16, -12], [17, -11], [15, -11], [17, -13], [14, -12], [15, -13], [18, -12], [19, -11], [14, -14], [16, -10], [18, -14], [16, -14], [13, -13], [19, -13], [20, -12]], 'neighbours': [13, 26, 10, 14]}, '22': {'hexes': [[-7, 5], [-9, 5], [-8, 4], [-8, 6], [-6, 4], [-5, 5], [-6, 6], [-10, 4], [-10, 6], [-11, 5], [-7, 3], [-4, 6]], 'neighbours': [27, 15]}, '23': {'hexes': [[-5, -9], [-6, -10], [-7, -9], [-4, -10], [-3, -9], [-4, -8], [-6, -8], [-3, -11], [-7, -11], [-1, -11], [-5, -11], [-7, -7], [-8, -8], [-9, -7], [-4, -12]], 'neighbours': [17, 24, 25, 14, 29]}, '24': {'hexes': [[-4, -6], [-3, -5], [-6, -6], [-5, -7], [-5, -5], [-3, -7], [-2, -6], [-7, -5], [-8, -6], [-1, -5], [-1, -7], [-6, -4], [-4, -4]], 'neighbours': [23, 29, 17]}, '25': {'hexes': [[-7, -13], [-5, -13], [-6, -14], [-8, -14], [-8, -12], [-9, -13], [-6, -12], [-4, -14], [-10, -14], [-11, -13], [-3, -13], [-10, -12], [-9, -11], [-10, -10], [-2, -14]], 'neighbours': [23, 14]}, '26': {'hexes': [[23, -11], [22, -12], [21, -11], [22, -10], [25, -11], [24, -10], [24, -12], [25, -13], [20, -10], [21, -13], [25, -9], [19, -9], [26, -10], [23, -13]], 'neighbours': [21, 10, 28]}, '27': {'hexes': [[-10, 8], [-11, 9], [-11, 7], [-9, 9], [-8, 8], [-12, 8], [-9, 7], [-13, 9], [-14, 8], [-15, 9], [-12, 10], [-17, 9]], 'neighbours': [22]}, '28': {'hexes': [[26, -6], [27, -5], [28, -6], [27, -7], [24, -6], [25, -5], [25, -7], [29, -7], [26, -8], [29, -5], [30, -6], [27, -9], [24, -8], [31, -7], [31, -5], [28, -8], [29, -9], [30, -8]], 'neighbours': [8, 10, 26]}, '29': {'hexes': [[-13, -7], [-14, -6], [-12, -6], [-14, -8], [-12, -8], [-15, -7], [-11, -7], [-16, -8], [-15, -9], [-16, -6], [-10, -8], [-17, -7], [-13, -5], [-17, -9], [-11, -5], [-18, -6], [-10, -6], [-18, -8]], 'neighbours': [23, 24]}}, 'order': [1, 2, 3, 4]}

INFO:CLIENT:This is player name 3, the players order is [1, 2, 3, 4]
2020-12-27 21:52:36.731750: W tensorflow/stream_executor/platform/default/dso_loader.cc:59] Could not load dynamic library 'libcudart.so.10.1'; dlerror: libcudart.so.10.1: cannot open shared object file: No such file or directory
2020-12-27 21:52:36.731780: I tensorflow/stream_executor/cuda/cudart_stub.cc:29] Ignore above cudart dlerror if you do not have a GPU set up on your machine.
DEBUG:tensorflow:Falling back to TensorFlow client; we recommended you install the Cloud TPU client directly with pip install cloud-tpu-client.
DEBUG:root:Starting clock with 10.000s left
2020-12-27 21:52:37.669931: W tensorflow/stream_executor/platform/default/dso_loader.cc:59] Could not load dynamic library 'libcuda.so.1'; dlerror: libcuda.so.1: cannot open shared object file: No such file or directory
2020-12-27 21:52:37.669960: W tensorflow/stream_executor/cuda/cuda_driver.cc:312] failed call to cuInit: UNKNOWN ERROR (303)
2020-12-27 21:52:37.669980: I tensorflow/stream_executor/cuda/cuda_diagnostics.cc:156] kernel driver does not appear to be running on this host (osboxes): /proc/driver/nvidia/version does not exist
2020-12-27 21:52:37.670159: I tensorflow/core/platform/cpu_feature_guard.cc:142] This TensorFlow binary is optimized with oneAPI Deep Neural Network Library (oneDNN)to use the following CPU instructions in performance-critical operations:  AVX2
To enable them in other operations, rebuild TensorFlow with the appropriate compiler flags.
2020-12-27 21:52:37.676416: I tensorflow/core/platform/profile_utils/cpu_utils.cc:104] CPU Frequency: 2994365000 Hz
2020-12-27 21:52:37.676511: I tensorflow/compiler/xla/service/service.cc:168] XLA service 0x3e9fdc0 initialized for platform Host (this does not guarantee that XLA will be used). Devices:
2020-12-27 21:52:37.676522: I tensorflow/compiler/xla/service/service.cc:176]   StreamExecutor device (0): Host, Default Version
DEBUG:root:Stopped clock, now with 9.922s left
DEBUG:AI:Received message type game_state.
DEBUG:AI:Received message type battle.
DEBUG:AI:Received message type battle.
DEBUG:AI:Received message type battle.
DEBUG:AI:Received message type battle.
DEBUG:AI:Received message type battle.
DEBUG:AI:Received message type battle.
DEBUG:AI:Received message type battle.
DEBUG:AI:Received message type end_turn.
DEBUG:AI:Received message type battle.
DEBUG:AI:Received message type battle.
DEBUG:AI:Received message type end_turn.
DEBUG:root:Starting clock with 10.000s left
DEBUG:root:Stopped clock, now with 10.235s left
DEBUG:AI:Sending battle message 1->4
DEBUG:AI:Received message type battle.
DEBUG:root:Starting clock with 10.235s left
DEBUG:root:Stopped clock, now with 10.475s left
DEBUG:AI:Sending battle message 5->4
DEBUG:AI:Received message type battle.
DEBUG:root:Starting clock with 10.475s left
DEBUG:root:Stopped clock, now with 10.713s left
DEBUG:AI:Sending battle message 4->6
DEBUG:AI:Received message type battle.
DEBUG:root:Starting clock with 10.713s left
DEBUG:root:Stopped clock, now with 10.785s left
DEBUG:AI:Sending battle message 9->20
DEBUG:AI:Received message type battle.
DEBUG:root:Starting clock with 10.785s left
DEBUG:root:Stopped clock, now with 10.941s left
DEBUG:AI:Sending battle message 13->14
DEBUG:AI:Received message type battle.
DEBUG:root:Starting clock with 10.941s left
DEBUG:root:Stopped clock, now with 11.157s left
DEBUG:AI:Sending battle message 28->10
DEBUG:AI:Received message type battle.
DEBUG:root:Starting clock with 11.157s left
DEBUG:root:Stopped clock, now with 11.215s left
DEBUG:AI:Sending end_turn message.
DEBUG:AI:Received message type end_turn.
DEBUG:AI:Received message type battle.
DEBUG:AI:Received message type battle.
DEBUG:AI:Received message type battle.
DEBUG:AI:Received message type battle.
DEBUG:AI:Received message type battle.
DEBUG:AI:Received message type battle.
DEBUG:AI:Received message type battle.
DEBUG:AI:Received message type end_turn.
DEBUG:AI:Received message type battle.
DEBUG:AI:Received message type battle.
DEBUG:AI:Received message type battle.
DEBUG:AI:Received message type battle.
DEBUG:AI:Received message type end_turn.
DEBUG:AI:Received message type battle.
DEBUG:AI:Received message type battle.
DEBUG:AI:Received message type end_turn.
DEBUG:root:Starting clock with 11.215s left
DEBUG:root:Stopped clock, now with 11.330s left
DEBUG:AI:Sending battle message 10->21
DEBUG:AI:Received message type battle.
DEBUG:root:Starting clock with 11.330s left
DEBUG:root:Stopped clock, now with 11.474s left
DEBUG:AI:Sending battle message 28->8
DEBUG:AI:Received message type battle.
DEBUG:root:Starting clock with 11.474s left
DEBUG:root:Stopped clock, now with 11.658s left
DEBUG:AI:Sending battle message 22->27
DEBUG:AI:Received message type battle.
DEBUG:root:Starting clock with 11.658s left
DEBUG:root:Stopped clock, now with 11.789s left
DEBUG:AI:Sending end_turn message.
DEBUG:AI:Received message type end_turn.
DEBUG:AI:Received message type battle.
DEBUG:AI:Received message type battle.
DEBUG:AI:Received message type battle.
DEBUG:AI:Received message type battle.
DEBUG:AI:Received message type battle.
DEBUG:AI:Received message type battle.
DEBUG:AI:Received message type end_turn.
DEBUG:AI:Received message type battle.
DEBUG:AI:Received message type end_turn.
DEBUG:AI:Received message type battle.
DEBUG:AI:Received message type battle.
DEBUG:AI:Received message type end_turn.
DEBUG:root:Starting clock with 11.789s left
DEBUG:root:Stopped clock, now with 11.993s left
DEBUG:AI:Sending battle message 6->4
DEBUG:AI:Received message type battle.
DEBUG:root:Starting clock with 11.993s left
DEBUG:root:Stopped clock, now with 12.193s left
DEBUG:AI:Sending battle message 21->13
DEBUG:AI:Received message type battle.
DEBUG:root:Starting clock with 12.193s left
DEBUG:root:Stopped clock, now with 12.283s left
DEBUG:AI:Sending end_turn message.
DEBUG:AI:Received message type end_turn.
DEBUG:AI:Received message type battle.
DEBUG:AI:Received message type battle.
DEBUG:AI:Received message type battle.
DEBUG:AI:Received message type battle.
DEBUG:AI:Received message type battle.
DEBUG:AI:Received message type battle.
DEBUG:AI:Received message type end_turn.
DEBUG:AI:Received message type end_turn.
DEBUG:AI:Received message type battle.
DEBUG:AI:Received message type battle.
DEBUG:AI:Received message type end_turn.
DEBUG:root:Starting clock with 12.283s left
DEBUG:root:Stopped clock, now with 12.502s left
DEBUG:AI:Sending battle message 12->6
DEBUG:AI:Received message type battle.
DEBUG:root:Starting clock with 12.502s left
DEBUG:root:Stopped clock, now with 12.673s left
DEBUG:AI:Sending battle message 6->3
DEBUG:AI:Received message type battle.
DEBUG:root:Starting clock with 12.673s left
DEBUG:root:Stopped clock, now with 12.881s left
DEBUG:AI:Sending battle message 3->4
DEBUG:AI:Received message type battle.
DEBUG:root:Starting clock with 12.881s left
DEBUG:root:Stopped clock, now with 13.131s left
DEBUG:AI:Sending end_turn message.
DEBUG:AI:Received message type end_turn.
DEBUG:AI:Received message type battle.
DEBUG:AI:Received message type battle.
DEBUG:AI:Received message type end_turn.
DEBUG:AI:Received message type battle.
DEBUG:AI:Received message type end_turn.
DEBUG:AI:Received message type battle.
DEBUG:AI:Received message type battle.
DEBUG:AI:Received message type end_turn.
DEBUG:root:Starting clock with 13.131s left
DEBUG:root:Stopped clock, now with 13.349s left
DEBUG:AI:Sending battle message 22->15
DEBUG:AI:Received message type battle.
DEBUG:root:Starting clock with 13.349s left
DEBUG:root:Stopped clock, now with 13.567s left
DEBUG:AI:Sending battle message 15->11
DEBUG:AI:Received message type battle.
DEBUG:root:Starting clock with 13.567s left
DEBUG:root:Stopped clock, now with 13.692s left
DEBUG:AI:Sending end_turn message.
DEBUG:AI:Received message type end_turn.
DEBUG:AI:Received message type battle.
DEBUG:AI:Received message type battle.
DEBUG:AI:Received message type battle.
DEBUG:AI:Received message type battle.
DEBUG:AI:Received message type end_turn.
DEBUG:AI:Received message type battle.
DEBUG:AI:Received message type battle.
DEBUG:AI:Received message type battle.
DEBUG:AI:Received message type end_turn.
DEBUG:AI:Received message type battle.
DEBUG:AI:Received message type battle.
DEBUG:AI:Received message type end_turn.
DEBUG:root:Starting clock with 13.692s left
DEBUG:root:Stopped clock, now with 13.939s left
DEBUG:AI:Sending battle message 12->6
DEBUG:AI:Received message type battle.
DEBUG:root:Starting clock with 13.939s left
DEBUG:root:Stopped clock, now with 14.123s left
DEBUG:AI:Sending battle message 27->22
DEBUG:AI:Received message type battle.
DEBUG:root:Starting clock with 14.123s left
DEBUG:root:Stopped clock, now with 14.341s left
DEBUG:AI:Sending battle message 6->18
DEBUG:AI:Received message type battle.
DEBUG:root:Starting clock with 14.341s left
DEBUG:root:Stopped clock, now with 14.591s left
DEBUG:AI:Sending end_turn message.
DEBUG:AI:Received message type end_turn.
DEBUG:AI:Received message type battle.
DEBUG:AI:Received message type battle.
DEBUG:AI:Received message type battle.
DEBUG:AI:Received message type battle.
DEBUG:AI:Received message type end_turn.
DEBUG:AI:Received message type battle.
DEBUG:AI:Received message type battle.
DEBUG:AI:Received message type end_turn.
DEBUG:AI:Received message type battle.
DEBUG:AI:Received message type battle.
DEBUG:AI:Received message type end_turn.
DEBUG:root:Starting clock with 14.591s left
DEBUG:root:Stopped clock, now with 14.797s left
DEBUG:AI:Sending end_turn message.
DEBUG:AI:Received message type end_turn.
DEBUG:AI:Received message type battle.
DEBUG:AI:Received message type battle.
DEBUG:AI:Received message type battle.
DEBUG:AI:Received message type end_turn.
DEBUG:AI:Received message type battle.
DEBUG:AI:Received message type end_turn.
DEBUG:AI:Received message type battle.
DEBUG:AI:Received message type battle.
DEBUG:AI:Received message type end_turn.
DEBUG:root:Starting clock with 14.797s left
DEBUG:root:Stopped clock, now with 15.006s left
DEBUG:AI:Sending battle message 22->15
DEBUG:AI:Received message type battle.
DEBUG:root:Starting clock with 15.006s left
DEBUG:root:Stopped clock, now with 15.223s left
DEBUG:AI:Sending battle message 3->1
DEBUG:AI:Received message type battle.
DEBUG:root:Starting clock with 15.223s left
DEBUG:root:Stopped clock, now with 15.412s left
DEBUG:AI:Sending end_turn message.
DEBUG:AI:Received message type end_turn.
DEBUG:AI:Received message type battle.
DEBUG:AI:Received message type end_turn.
DEBUG:AI:Received message type end_turn.
DEBUG:AI:Received message type battle.
DEBUG:AI:Received message type battle.
DEBUG:AI:Received message type end_turn.
DEBUG:root:Starting clock with 15.412s left
DEBUG:root:Stopped clock, now with 15.652s left
DEBUG:AI:Sending battle message 1->4
DEBUG:AI:Received message type battle.
DEBUG:root:Starting clock with 15.652s left
DEBUG:root:Stopped clock, now with 15.774s left
DEBUG:AI:Sending battle message 15->20
DEBUG:AI:Received message type battle.
DEBUG:root:Starting clock with 15.774s left
DEBUG:root:Stopped clock, now with 15.929s left
DEBUG:AI:Sending battle message 6->3
DEBUG:AI:Received message type battle.
DEBUG:root:Starting clock with 15.929s left
DEBUG:root:Stopped clock, now with 16.147s left
DEBUG:AI:Sending end_turn message.
DEBUG:AI:Received message type end_turn.
DEBUG:AI:Received message type battle.
DEBUG:AI:Received message type end_turn.
DEBUG:AI:Received message type battle.
DEBUG:AI:Received message type end_turn.
DEBUG:AI:Received message type battle.
DEBUG:AI:Received message type battle.
DEBUG:AI:Received message type end_turn.
DEBUG:root:Starting clock with 16.147s left
DEBUG:root:Stopped clock, now with 16.364s left
DEBUG:AI:Sending end_turn message.
DEBUG:AI:Received message type end_turn.
DEBUG:AI:Received message type battle.
DEBUG:AI:Received message type battle.
DEBUG:AI:Received message type battle.
DEBUG:AI:Received message type battle.
DEBUG:AI:Received message type battle.
DEBUG:AI:Received message type end_turn.
DEBUG:AI:Received message type battle.
DEBUG:AI:Received message type end_turn.
DEBUG:AI:Received message type battle.
DEBUG:AI:Received message type battle.
DEBUG:AI:Received message type end_turn.
DEBUG:root:Starting clock with 16.364s left
DEBUG:root:Stopped clock, now with 16.452s left
DEBUG:AI:Sending battle message 22->15
DEBUG:AI:Received message type battle.
DEBUG:root:Starting clock with 16.452s left
DEBUG:root:Stopped clock, now with 16.569s left
DEBUG:AI:Sending end_turn message.
DEBUG:AI:Received message type end_turn.
DEBUG:AI:Received message type battle.
DEBUG:AI:Received message type end_turn.
DEBUG:AI:Received message type end_turn.
DEBUG:AI:Received message type battle.
DEBUG:AI:Received message type battle.
DEBUG:AI:Received message type end_turn.
DEBUG:root:Starting clock with 16.569s left
DEBUG:root:Stopped clock, now with 16.740s left
DEBUG:AI:Sending end_turn message.
DEBUG:AI:Received message type end_turn.
DEBUG:AI:Received message type battle.
DEBUG:AI:Received message type battle.
DEBUG:AI:Received message type battle.
DEBUG:AI:Received message type end_turn.
DEBUG:AI:Received message type end_turn.
DEBUG:AI:Received message type battle.
DEBUG:AI:Received message type battle.
DEBUG:AI:Received message type end_turn.
DEBUG:root:Starting clock with 16.740s left
DEBUG:root:Stopped clock, now with 16.891s left
DEBUG:AI:Sending end_turn message.
DEBUG:AI:Received message type end_turn.
DEBUG:AI:Received message type battle.
DEBUG:AI:Received message type battle.
DEBUG:AI:Received message type battle.
DEBUG:AI:Received message type battle.
DEBUG:AI:Received message type end_turn.
DEBUG:AI:Received message type battle.
DEBUG:AI:Received message type battle.
DEBUG:AI:Received message type battle.
DEBUG:AI:Received message type end_turn.
DEBUG:AI:Received message type battle.
DEBUG:AI:Received message type battle.
DEBUG:AI:Received message type end_turn.
DEBUG:root:Starting clock with 16.891s left
DEBUG:root:Stopped clock, now with 17.135s left
DEBUG:AI:Sending battle message 12->6
DEBUG:AI:Received message type battle.
DEBUG:root:Starting clock with 17.135s left
DEBUG:root:Stopped clock, now with 17.322s left
DEBUG:AI:Sending battle message 27->22
DEBUG:AI:Received message type battle.
DEBUG:root:Starting clock with 17.322s left
DEBUG:root:Stopped clock, now with 17.503s left
DEBUG:AI:Sending battle message 22->15
DEBUG:AI:Received message type battle.
DEBUG:root:Starting clock with 17.503s left
DEBUG:root:Stopped clock, now with 17.659s left
DEBUG:AI:Sending end_turn message.
DEBUG:AI:Received message type end_turn.
DEBUG:AI:Received message type battle.
DEBUG:AI:Received message type battle.
DEBUG:AI:Received message type battle.
DEBUG:AI:Received message type battle.
DEBUG:AI:Received message type battle.
DEBUG:AI:Received message type battle.
DEBUG:AI:Received message type end_turn.
DEBUG:AI:Received message type battle.
DEBUG:AI:Received message type battle.
DEBUG:AI:Received message type end_turn.
DEBUG:root:Starting clock with 17.659s left
DEBUG:root:Stopped clock, now with 17.777s left
DEBUG:AI:Sending battle message 15->11
DEBUG:AI:Received message type battle.
DEBUG:root:Starting clock with 17.777s left
DEBUG:root:Stopped clock, now with 17.928s left
DEBUG:AI:Sending end_turn message.
DEBUG:AI:Received message type end_turn.
DEBUG:AI:Received message type battle.
DEBUG:AI:Received message type battle.
DEBUG:AI:Received message type battle.
DEBUG:AI:Received message type battle.
DEBUG:AI:Received message type battle.
DEBUG:AI:Received message type battle.
DEBUG:AI:Received message type battle.
DEBUG:AI:Received message type end_turn.
DEBUG:AI:Received message type battle.
DEBUG:AI:Received message type battle.
DEBUG:AI:Received message type end_turn.
DEBUG:root:Starting clock with 17.928s left
DEBUG:root:Stopped clock, now with 18.141s left
DEBUG:AI:Sending end_turn message.
DEBUG:AI:Received message type end_turn.
DEBUG:AI:Received message type battle.
DEBUG:AI:Received message type battle.
DEBUG:AI:Received message type battle.
DEBUG:AI:Received message type battle.
DEBUG:AI:Received message type end_turn.
DEBUG:AI:Received message type battle.
DEBUG:AI:Received message type end_turn.
DEBUG:root:Starting clock with 18.141s left
DEBUG:root:Stopped clock, now with 18.359s left
DEBUG:AI:Sending end_turn message.
DEBUG:AI:Received message type end_turn.
DEBUG:AI:Received message type battle.
DEBUG:AI:Received message type battle.
DEBUG:AI:Received message type end_turn.
DEBUG:root:Starting clock with 18.359s left
DEBUG:root:Stopped clock, now with 18.578s left
DEBUG:AI:Sending battle message 27->22
DEBUG:AI:Received message type battle.
DEBUG:root:Starting clock with 18.578s left
DEBUG:root:Stopped clock, now with 18.798s left
DEBUG:AI:Sending end_turn message.
DEBUG:AI:Received message type end_turn.
DEBUG:AI:Received message type battle.
DEBUG:AI:Received message type end_turn.
DEBUG:root:Starting clock with 18.798s left
DEBUG:root:Stopped clock, now with 19.018s left
DEBUG:AI:Sending end_turn message.
DEBUG:AI:Received message type end_turn.
DEBUG:AI:Received message type battle.
DEBUG:AI:Received message type battle.
DEBUG:AI:Received message type game_end.
INFO:AI:Player 4 has won
