DEBUG:CLIENT:Started socket daemon.
DEBUG:CLIENT:Received message: {'areas': {'1': {'adjacent_areas': [5, 3, 6, 18, 2], 'owner': 2, 'dice': 3}, '2': {'adjacent_areas': [4, 1, 9, 18, 6], 'owner': 2, 'dice': 3}, '3': {'adjacent_areas': [1, 12, 7, 5, 6], 'owner': 2, 'dice': 3}, '4': {'adjacent_areas': [2, 6, 11, 17], 'owner': 2, 'dice': 3}, '5': {'adjacent_areas': [7, 13, 1, 3, 18], 'owner': 1, 'dice': 3}, '6': {'adjacent_areas': [4, 8, 1, 3, 2], 'owner': 1, 'dice': 3}, '7': {'adjacent_areas': [3, 12, 13, 5], 'owner': 1, 'dice': 3}, '8': {'adjacent_areas': [6, 14, 29, 16], 'owner': 1, 'dice': 3}, '9': {'adjacent_areas': [19, 2, 18, 10], 'owner': 2, 'dice': 3}, '10': {'adjacent_areas': [9], 'owner': 2, 'dice': 3}, '11': {'adjacent_areas': [4, 21, 22], 'owner': 1, 'dice': 3}, '12': {'adjacent_areas': [3, 7, 20], 'owner': 1, 'dice': 3}, '13': {'adjacent_areas': [5, 7], 'owner': 1, 'dice': 3}, '14': {'adjacent_areas': [8, 29, 15], 'owner': 2, 'dice': 3}, '15': {'adjacent_areas': [14, 27, 20], 'owner': 1, 'dice': 3}, '16': {'adjacent_areas': [29, 17, 8, 23], 'owner': 2, 'dice': 3}, '17': {'adjacent_areas': [4, 26, 16, 23], 'owner': 1, 'dice': 3}, '18': {'adjacent_areas': [5, 2, 1, 9], 'owner': 1, 'dice': 3}, '19': {'adjacent_areas': [9, 25], 'owner': 2, 'dice': 3}, '20': {'adjacent_areas': [15, 12], 'owner': 1, 'dice': 3}, '21': {'adjacent_areas': [11, 22], 'owner': 1, 'dice': 3}, '22': {'adjacent_areas': [11, 21, 26], 'owner': 1, 'dice': 3}, '23': {'adjacent_areas': [17, 16, 26, 24], 'owner': 2, 'dice': 3}, '24': {'adjacent_areas': [23, 26], 'owner': 1, 'dice': 3}, '25': {'adjacent_areas': [19], 'owner': 2, 'dice': 3}, '26': {'adjacent_areas': [22, 17, 23, 24], 'owner': 2, 'dice': 3}, '27': {'adjacent_areas': [15, 28], 'owner': 1, 'dice': 3}, '28': {'adjacent_areas': [27], 'owner': 2, 'dice': 3}, '29': {'adjacent_areas': [8, 14, 16], 'owner': 2, 'dice': 3}}, 'score': {'1': 8, '2': 8}, 'type': 'game_start', 'player': 1, 'no_players': 2, 'current_player': 1, 'board': {'1': {'hexes': [[8, 6], [7, 7], [6, 6], [9, 5], [10, 6], [7, 5], [9, 7], [5, 7], [6, 4], [11, 5], [10, 4], [12, 6], [12, 4], [4, 6], [11, 3], [8, 4]], 'neighbours': [5, 3, 6, 18, 2]}, '2': {'hexes': [[11, 1], [10, 0], [12, 2], [12, 0], [9, 1], [10, 2], [13, 1], [9, 3], [13, -1], [14, 0], [14, 2], [16, 0], [8, 2], [7, 1], [15, 1]], 'neighbours': [4, 1, 9, 18, 6]}, '3': {'hexes': [[2, 8], [3, 7], [0, 8], [1, 7], [3, 9], [1, 9], [4, 8], [2, 6], [5, 9], [6, 8], [3, 5], [4, 10], [-1, 7], [1, 5]], 'neighbours': [1, 12, 7, 5, 6]}, '4': {'hexes': [[5, -1], [4, -2], [6, 0], [4, 0], [7, -1], [6, -2], [3, -1], [2, -2], [8, 0], [3, -3], [2, -4], [0, -2], [8, -2], [4, -4], [5, -3]], 'neighbours': [2, 6, 11, 17]}, '5': {'hexes': [[11, 9], [9, 9], [10, 10], [12, 10], [12, 8], [13, 9], [10, 8], [11, 7], [8, 8], [13, 7], [14, 8], [15, 7], [16, 8], [18, 8], [17, 9], [15, 9], [14, 10], [14, 6]], 'neighbours': [7, 13, 1, 3, 18]}, '6': {'hexes': [[2, 2], [4, 2], [3, 1], [1, 1], [0, 2], [1, 3], [3, 3], [2, 0], [-1, 3], [5, 3], [4, 4], [5, 1]], 'neighbours': [4, 8, 1, 3, 2]}, '7': {'hexes': [[4, 12], [3, 13], [6, 12], [5, 13], [5, 11], [2, 12], [3, 11], [7, 13], [8, 12], [1, 11], [1, 13], [9, 13], [2, 10], [10, 12], [7, 11], [0, 12], [8, 10], [9, 11]], 'neighbours': [3, 12, 13, 5]}, '8': {'hexes': [[-5, 3], [-4, 2], [-7, 3], [-4, 4], [-6, 2], [-6, 4], [-3, 3], [-3, 5], [-8, 2], [-2, 2], [-9, 1], [-9, 3], [-3, 1], [-2, 4], [-5, 1], [-8, 4], [-5, 5], [-7, 1]], 'neighbours': [6, 14, 29, 16]}, '9': {'hexes': [[19, -1], [20, -2], [20, 0], [17, -1], [18, -2], [21, -1], [18, 0], [16, -2], [15, -1], [17, -3], [15, -3], [19, 1], [22, 0], [17, 1], [23, 1], [21, 1]], 'neighbours': [19, 2, 18, 10]}, '10': {'hexes': [[23, 3], [24, 2], [25, 3], [21, 3], [24, 4], [22, 4], [22, 2], [26, 2], [23, 5], [26, 4], [25, 5], [27, 3], [27, 5], [28, 4], [28, 2], [29, 5]], 'neighbours': [9]}, '11': {'hexes': [[7, -5], [8, -6], [6, -4], [5, -5], [6, -6], [8, -4], [9, -5], [11, -5], [12, -6], [7, -7], [7, -3], [9, -3], [6, -8], [10, -6], [11, -3], [8, -8], [10, -4], [9, -7]], 'neighbours': [4, 21, 22]}, '12': {'hexes': [[-2, 10], [-1, 9], [0, 10], [-3, 9], [-4, 10], [-3, 11], [-1, 11], [-5, 9], [-6, 10], [-2, 8], [-4, 8], [-2, 12], [-5, 11], [-6, 8], [-4, 12], [-3, 7]], 'neighbours': [3, 7, 20]}, '13': {'hexes': [[16, 12], [18, 12], [17, 11], [15, 11], [15, 13], [14, 12], [17, 13], [18, 10], [16, 10], [13, 11], [13, 13], [12, 12]], 'neighbours': [5, 7]}, '14': {'hexes': [[-11, 5], [-10, 6], [-10, 4], [-12, 4], [-13, 5], [-9, 5], [-12, 6], [-13, 3], [-11, 3], [-14, 6], [-11, 7], [-14, 4], [-13, 7], [-16, 6], [-10, 2]], 'neighbours': [8, 29, 15]}, '15': {'hexes': [[-18, 8], [-19, 7], [-19, 9], [-20, 8], [-16, 8], [-17, 7], [-17, 9], [-15, 9], [-20, 6], [-18, 6], [-15, 7], [-17, 5], [-14, 10]], 'neighbours': [14, 27, 20]}, '16': {'hexes': [[-7, -1], [-9, -1], [-6, -2], [-8, 0], [-5, -1], [-8, -2], [-6, 0], [-10, -2], [-11, -3], [-11, -1], [-12, -2], [-4, 0], [-13, -1]], 'neighbours': [29, 17, 8, 23]}, '17': {'hexes': [[-2, -4], [-4, -4], [0, -4], [-3, -3], [-1, -5], [-3, -5], [-1, -3], [-2, -2], [1, -5], [0, -6], [-5, -3], [-6, -4], [-7, -5], [-5, -5], [-4, -2], [2, -6]], 'neighbours': [4, 26, 16, 23]}, '18': {'hexes': [[16, 4], [15, 5], [17, 5], [15, 3], [14, 4], [18, 4], [17, 3], [16, 6], [13, 5], [16, 2], [19, 5], [18, 2], [18, 6]], 'neighbours': [5, 2, 1, 9]}, '19': {'hexes': [[24, -2], [25, -1], [26, -2], [23, -1], [22, -2], [25, -3], [23, -3], [27, -3], [21, -3], [24, -4], [22, -4], [21, -5], [20, -4], [24, 0], [27, -1], [18, -4], [26, -4]], 'neighbours': [9, 25]}, '20': {'hexes': [[-11, 11], [-12, 12], [-13, 11], [-10, 12], [-9, 11], [-12, 10], [-10, 10], [-8, 10], [-8, 12], [-15, 11], [-9, 9], [-9, 13]], 'neighbours': [15, 12]}, '21': {'hexes': [[15, -7], [13, -7], [14, -6], [17, -7], [14, -8], [16, -6], [16, -8], [18, -8], [17, -9], [13, -9], [15, -9], [19, -9], [11, -7], [14, -10], [12, -10]], 'neighbours': [11, 22]}, '22': {'hexes': [[6, -10], [8, -10], [5, -9], [4, -10], [5, -11], [7, -9], [7, -11], [9, -9], [6, -12], [9, -11], [8, -12], [10, -10], [10, -8], [3, -11], [11, -9], [2, -10]], 'neighbours': [11, 21, 26]}, '23': {'hexes': [[-10, -6], [-11, -5], [-9, -5], [-9, -7], [-12, -6], [-11, -7], [-8, -6], [-13, -7], [-7, -7], [-8, -8], [-9, -9], [-10, -4], [-7, -9], [-5, -7], [-5, -9], [-10, -8], [-6, -10], [-4, -8], [-6, -8]], 'neighbours': [17, 16, 26, 24]}, '24': {'hexes': [[-8, -12], [-10, -12], [-9, -13], [-7, -13], [-6, -12], [-9, -11], [-7, -11], [-5, -13], [-6, -14], [-8, -14], [-12, -12], [-11, -11], [-10, -14], [-4, -12]], 'neighbours': [23, 26]}, '25': {'hexes': [[28, -6], [30, -6], [29, -7], [26, -6], [27, -5], [29, -5], [27, -7], [28, -4], [31, -5], [25, -5], [23, -5], [30, -4], [26, -8], [25, -7], [30, -8], [31, -7], [28, -8]], 'neighbours': [19]}, '26': {'hexes': [[0, -8], [2, -8], [-1, -9], [1, -9], [1, -7], [-2, -8], [-1, -7], [0, -10], [1, -11], [-3, -7], [-2, -6], [-1, -11], [-3, -9], [-2, -10], [3, -7], [-2, -12]], 'neighbours': [22, 17, 23, 24]}, '27': {'hexes': [[-23, 5], [-21, 5], [-22, 6], [-24, 4], [-24, 6], [-25, 5], [-22, 4], [-23, 3], [-25, 3], [-24, 2], [-21, 3], [-26, 2], [-26, 6], [-27, 3], [-27, 1]], 'neighbours': [15, 28]}, '28': {'hexes': [[-30, 0], [-31, -1], [-28, 0], [-32, 0], [-29, 1], [-29, -1], [-31, 1], [-28, 2], [-27, -1], [-30, 2], [-32, 2], [-31, 3], [-26, 0], [-24, 0], [-25, 1], [-28, -2], [-29, -3], [-30, -2]], 'neighbours': [27]}, '29': {'hexes': [[-13, 1], [-11, 1], [-15, 1], [-14, 2], [-12, 2], [-12, 0], [-14, 0], [-16, 2], [-16, 0], [-10, 0], [-15, 3], [-17, 1], [-17, 3], [-17, -1], [-18, 0]], 'neighbours': [8, 14, 16]}}, 'order': [1, 2]}

INFO:CLIENT:This is player name 1, the players order is [1, 2]
DEBUG:CLIENT:Sending end_turn message.
DEBUG:GUI:{'areas': {'5': {'owner': 1, 'dice': 4}, '11': {'owner': 1, 'dice': 5}, '15': {'owner': 1, 'dice': 4}, '6': {'owner': 1, 'dice': 4}, '18': {'owner': 1, 'dice': 5}, '22': {'owner': 1, 'dice': 4}}, 'score': {'1': 8, '2': 8}, 'type': 'end_turn', 'current_player': 2, 'reserves': {'1': 0, '2': 0}}
DEBUG:GUI:<dicewars.client.game.area.Area object at 0x7f91857a7430>
DEBUG:GUI:<dicewars.client.game.area.Area object at 0x7f91857a7c10>
DEBUG:GUI:<dicewars.client.game.area.Area object at 0x7f91857a7d90>
DEBUG:GUI:<dicewars.client.game.area.Area object at 0x7f91857a7490>
DEBUG:GUI:<dicewars.client.game.area.Area object at 0x7f91857a7eb0>
DEBUG:GUI:<dicewars.client.game.area.Area object at 0x7f91857d2070>
DEBUG:GUI:{'areas': {'1': {'owner': 2, 'dice': 4}, '10': {'owner': 2, 'dice': 4}, '19': {'owner': 2, 'dice': 5}, '29': {'owner': 2, 'dice': 5}, '2': {'owner': 2, 'dice': 4}, '23': {'owner': 2, 'dice': 4}}, 'score': {'1': 8, '2': 8}, 'type': 'end_turn', 'current_player': 1, 'reserves': {'1': 0, '2': 0}}
DEBUG:GUI:<dicewars.client.game.area.Area object at 0x7f918a987100>
DEBUG:GUI:<dicewars.client.game.area.Area object at 0x7f91857a7bb0>
DEBUG:GUI:<dicewars.client.game.area.Area object at 0x7f91857a7f10>
DEBUG:GUI:<dicewars.client.game.area.Area object at 0x7f91857d2310>
DEBUG:GUI:<dicewars.client.game.area.Area object at 0x7f918a987340>
DEBUG:GUI:<dicewars.client.game.area.Area object at 0x7f91857d20d0>
DEBUG:CLIENT:Sending end_turn message.
DEBUG:GUI:{'areas': {'5': {'owner': 1, 'dice': 5}, '18': {'owner': 1, 'dice': 6}, '21': {'owner': 1, 'dice': 4}, '17': {'owner': 1, 'dice': 4}, '20': {'owner': 1, 'dice': 4}, '11': {'owner': 1, 'dice': 6}, '6': {'owner': 1, 'dice': 5}, '13': {'owner': 1, 'dice': 4}}, 'score': {'1': 8, '2': 8}, 'type': 'end_turn', 'current_player': 2, 'reserves': {'1': 0, '2': 0}}
DEBUG:GUI:<dicewars.client.game.area.Area object at 0x7f91857a7430>
DEBUG:GUI:<dicewars.client.game.area.Area object at 0x7f91857a7eb0>
DEBUG:GUI:<dicewars.client.game.area.Area object at 0x7f91857a7fd0>
DEBUG:GUI:<dicewars.client.game.area.Area object at 0x7f91857a7e50>
DEBUG:GUI:<dicewars.client.game.area.Area object at 0x7f91857a7f70>
DEBUG:GUI:<dicewars.client.game.area.Area object at 0x7f91857a7c10>
DEBUG:GUI:<dicewars.client.game.area.Area object at 0x7f91857a7490>
DEBUG:GUI:<dicewars.client.game.area.Area object at 0x7f91857a7cd0>
DEBUG:GUI:<class 'int'>
DEBUG:GUI:<class 'int'>
DEBUG:GUI:{'areas': {'19': {'owner': 2, 'dice': 6}, '28': {'owner': 2, 'dice': 4}, '29': {'owner': 2, 'dice': 2}, '14': {'owner': 2, 'dice': 4}, '1': {'owner': 2, 'dice': 5}, '26': {'owner': 2, 'dice': 4}, '25': {'owner': 2, 'dice': 4}, '9': {'owner': 2, 'dice': 4}}, 'score': {'1': 8, '2': 8}, 'type': 'end_turn', 'current_player': 1, 'reserves': {'1': 0, '2': 0}}
DEBUG:GUI:<dicewars.client.game.area.Area object at 0x7f91857a7f10>
DEBUG:GUI:<dicewars.client.game.area.Area object at 0x7f91857d22b0>
DEBUG:GUI:<dicewars.client.game.area.Area object at 0x7f91857d2310>
DEBUG:GUI:<dicewars.client.game.area.Area object at 0x7f91857a7d30>
DEBUG:GUI:<dicewars.client.game.area.Area object at 0x7f918a987100>
DEBUG:GUI:<dicewars.client.game.area.Area object at 0x7f91857d21f0>
DEBUG:GUI:<dicewars.client.game.area.Area object at 0x7f91857d2190>
DEBUG:GUI:<dicewars.client.game.area.Area object at 0x7f91857a73a0>
DEBUG:GUI:<class 'int'>
DEBUG:GUI:<class 'int'>
DEBUG:GUI:<class 'int'>
DEBUG:GUI:<class 'int'>
DEBUG:CLIENT:Sending end_turn message.
DEBUG:GUI:{'areas': {'12': {'owner': 1, 'dice': 4}, '11': {'owner': 1, 'dice': 7}, '18': {'owner': 1, 'dice': 3}, '21': {'owner': 1, 'dice': 6}, '17': {'owner': 1, 'dice': 5}, '24': {'owner': 1, 'dice': 4}, '27': {'owner': 1, 'dice': 5}, '6': {'owner': 1, 'dice': 6}, '5': {'owner': 1, 'dice': 6}, '15': {'owner': 1, 'dice': 5}}, 'score': {'1': 13, '2': 3}, 'type': 'end_turn', 'current_player': 2, 'reserves': {'1': 0, '2': 0}}
DEBUG:GUI:<dicewars.client.game.area.Area object at 0x7f91857a7c70>
DEBUG:GUI:<dicewars.client.game.area.Area object at 0x7f91857a7c10>
DEBUG:GUI:<dicewars.client.game.area.Area object at 0x7f91857a7eb0>
DEBUG:GUI:<dicewars.client.game.area.Area object at 0x7f91857a7fd0>
DEBUG:GUI:<dicewars.client.game.area.Area object at 0x7f91857a7e50>
DEBUG:GUI:<dicewars.client.game.area.Area object at 0x7f91857d2130>
DEBUG:GUI:<dicewars.client.game.area.Area object at 0x7f91857d2250>
DEBUG:GUI:<dicewars.client.game.area.Area object at 0x7f91857a7490>
DEBUG:GUI:<dicewars.client.game.area.Area object at 0x7f91857a7430>
DEBUG:GUI:<dicewars.client.game.area.Area object at 0x7f91857a7d90>
DEBUG:GUI:<class 'int'>
DEBUG:GUI:<class 'int'>
DEBUG:GUI:<class 'int'>
DEBUG:GUI:<class 'int'>
DEBUG:GUI:<class 'int'>
DEBUG:GUI:<class 'int'>
DEBUG:GUI:{'areas': {'8': {'owner': 2, 'dice': 3}, '19': {'owner': 2, 'dice': 8}, '28': {'owner': 2, 'dice': 6}, '1': {'owner': 2, 'dice': 2}, '2': {'owner': 2, 'dice': 2}, '16': {'owner': 2, 'dice': 4}}, 'score': {'1': 7, '2': 9}, 'type': 'end_turn', 'current_player': 1, 'reserves': {'1': 0, '2': 0}}
DEBUG:GUI:<dicewars.client.game.area.Area object at 0x7f91857a7280>
DEBUG:GUI:<dicewars.client.game.area.Area object at 0x7f91857a7f10>
DEBUG:GUI:<dicewars.client.game.area.Area object at 0x7f91857d22b0>
DEBUG:GUI:<dicewars.client.game.area.Area object at 0x7f918a987100>
DEBUG:GUI:<dicewars.client.game.area.Area object at 0x7f918a987340>
DEBUG:GUI:<dicewars.client.game.area.Area object at 0x7f91857a7df0>
DEBUG:GUI:<class 'int'>
DEBUG:GUI:<class 'int'>
DEBUG:GUI:<class 'int'>
DEBUG:GUI:<class 'int'>
DEBUG:GUI:<class 'int'>
DEBUG:GUI:<class 'int'>
DEBUG:GUI:<class 'int'>
DEBUG:GUI:<class 'int'>
DEBUG:GUI:<class 'int'>
DEBUG:GUI:<class 'int'>
DEBUG:GUI:<class 'int'>
DEBUG:CLIENT:Sending end_turn message.
DEBUG:GUI:{'areas': {'12': {'owner': 1, 'dice': 2}, '4': {'owner': 1, 'dice': 8}, '2': {'owner': 1, 'dice': 2}, '21': {'owner': 1, 'dice': 7}, '22': {'owner': 1, 'dice': 5}, '17': {'owner': 1, 'dice': 3}, '15': {'owner': 1, 'dice': 2}, '5': {'owner': 1, 'dice': 3}, '23': {'owner': 1, 'dice': 6}, '11': {'owner': 1, 'dice': 8}, '14': {'owner': 1, 'dice': 4}, '10': {'owner': 1, 'dice': 3}, '9': {'owner': 1, 'dice': 2}, '29': {'owner': 1, 'dice': 3}, '13': {'owner': 1, 'dice': 5}}, 'score': {'1': 23, '2': 2}, 'type': 'end_turn', 'current_player': 2, 'reserves': {'1': 0, '2': 0}}
DEBUG:GUI:<dicewars.client.game.area.Area object at 0x7f91857a7c70>
DEBUG:GUI:<dicewars.client.game.area.Area object at 0x7f91857a74f0>
DEBUG:GUI:<dicewars.client.game.area.Area object at 0x7f918a987340>
DEBUG:GUI:<dicewars.client.game.area.Area object at 0x7f91857a7fd0>
DEBUG:GUI:<dicewars.client.game.area.Area object at 0x7f91857d2070>
DEBUG:GUI:<dicewars.client.game.area.Area object at 0x7f91857a7e50>
DEBUG:GUI:<dicewars.client.game.area.Area object at 0x7f91857a7d90>
DEBUG:GUI:<dicewars.client.game.area.Area object at 0x7f91857a7430>
DEBUG:GUI:<dicewars.client.game.area.Area object at 0x7f91857d20d0>
DEBUG:GUI:<dicewars.client.game.area.Area object at 0x7f91857a7c10>
DEBUG:GUI:<dicewars.client.game.area.Area object at 0x7f91857a7d30>
DEBUG:GUI:<dicewars.client.game.area.Area object at 0x7f91857a7bb0>
DEBUG:GUI:<dicewars.client.game.area.Area object at 0x7f91857a73a0>
DEBUG:GUI:<dicewars.client.game.area.Area object at 0x7f91857d2310>
DEBUG:GUI:<dicewars.client.game.area.Area object at 0x7f91857a7cd0>
DEBUG:GUI:<class 'int'>
DEBUG:GUI:<class 'int'>
DEBUG:GUI:<class 'int'>
DEBUG:GUI:<class 'int'>
DEBUG:GUI:<class 'int'>
DEBUG:GUI:<class 'int'>
DEBUG:GUI:<class 'int'>
DEBUG:GUI:<class 'int'>
DEBUG:GUI:{'areas': {'6': {'owner': 2, 'dice': 2}, '16': {'owner': 2, 'dice': 3}, '18': {'owner': 2, 'dice': 2}, '1': {'owner': 2, 'dice': 3}, '8': {'owner': 2, 'dice': 3}, '2': {'owner': 2, 'dice': 2}, '28': {'owner': 2, 'dice': 2}, '9': {'owner': 2, 'dice': 2}, '3': {'owner': 2, 'dice': 2}}, 'score': {'1': 8, '2': 11}, 'type': 'end_turn', 'current_player': 1, 'reserves': {'1': 0, '2': 0}}
DEBUG:GUI:<dicewars.client.game.area.Area object at 0x7f91857a7490>
DEBUG:GUI:<dicewars.client.game.area.Area object at 0x7f91857a7df0>
DEBUG:GUI:<dicewars.client.game.area.Area object at 0x7f91857a7eb0>
DEBUG:GUI:<dicewars.client.game.area.Area object at 0x7f918a987100>
DEBUG:GUI:<dicewars.client.game.area.Area object at 0x7f91857a7280>
DEBUG:GUI:<dicewars.client.game.area.Area object at 0x7f918a987340>
DEBUG:GUI:<dicewars.client.game.area.Area object at 0x7f91857d22b0>
DEBUG:GUI:<dicewars.client.game.area.Area object at 0x7f91857a73a0>
DEBUG:GUI:<dicewars.client.game.area.Area object at 0x7f91857a7b20>
DEBUG:GUI:<class 'int'>
DEBUG:GUI:<class 'int'>
DEBUG:GUI:<class 'int'>
DEBUG:GUI:<class 'int'>
DEBUG:GUI:<class 'int'>
DEBUG:GUI:<class 'int'>
DEBUG:GUI:<class 'int'>
DEBUG:GUI:<class 'int'>
DEBUG:GUI:<class 'int'>
DEBUG:CLIENT:Sending end_turn message.
DEBUG:GUI:{'areas': {'14': {'owner': 1, 'dice': 3}, '5': {'owner': 1, 'dice': 5}, '12': {'owner': 1, 'dice': 4}, '3': {'owner': 1, 'dice': 2}, '10': {'owner': 1, 'dice': 4}, '13': {'owner': 1, 'dice': 6}, '18': {'owner': 1, 'dice': 2}, '15': {'owner': 1, 'dice': 3}, '8': {'owner': 1, 'dice': 2}, '1': {'owner': 1, 'dice': 3}, '4': {'owner': 1, 'dice': 2}, '26': {'owner': 1, 'dice': 2}, '24': {'owner': 1, 'dice': 6}, '9': {'owner': 1, 'dice': 3}, '17': {'owner': 1, 'dice': 4}, '21': {'owner': 1, 'dice': 8}, '22': {'owner': 1, 'dice': 6}, '7': {'owner': 1, 'dice': 4}, '6': {'owner': 1, 'dice': 2}, '20': {'owner': 1, 'dice': 5}}, 'score': {'1': 25, '2': 2}, 'type': 'end_turn', 'current_player': 2, 'reserves': {'1': 0, '2': 0}}
DEBUG:GUI:<dicewars.client.game.area.Area object at 0x7f91857a7d30>
DEBUG:GUI:<dicewars.client.game.area.Area object at 0x7f91857a7430>
DEBUG:GUI:<dicewars.client.game.area.Area object at 0x7f91857a7c70>
DEBUG:GUI:<dicewars.client.game.area.Area object at 0x7f91857a7b20>
DEBUG:GUI:<dicewars.client.game.area.Area object at 0x7f91857a7bb0>
DEBUG:GUI:<dicewars.client.game.area.Area object at 0x7f91857a7cd0>
DEBUG:GUI:<dicewars.client.game.area.Area object at 0x7f91857a7eb0>
DEBUG:GUI:<dicewars.client.game.area.Area object at 0x7f91857a7d90>
DEBUG:GUI:<dicewars.client.game.area.Area object at 0x7f91857a7280>
DEBUG:GUI:<dicewars.client.game.area.Area object at 0x7f918a987100>
DEBUG:GUI:<dicewars.client.game.area.Area object at 0x7f91857a74f0>
DEBUG:GUI:<dicewars.client.game.area.Area object at 0x7f91857d21f0>
DEBUG:GUI:<dicewars.client.game.area.Area object at 0x7f91857d2130>
DEBUG:GUI:<dicewars.client.game.area.Area object at 0x7f91857a73a0>
DEBUG:GUI:<dicewars.client.game.area.Area object at 0x7f91857a7e50>
DEBUG:GUI:<dicewars.client.game.area.Area object at 0x7f91857a7fd0>
DEBUG:GUI:<dicewars.client.game.area.Area object at 0x7f91857d2070>
DEBUG:GUI:<dicewars.client.game.area.Area object at 0x7f91857a7370>
DEBUG:GUI:<dicewars.client.game.area.Area object at 0x7f91857a7490>
DEBUG:GUI:<dicewars.client.game.area.Area object at 0x7f91857a7f70>
DEBUG:GUI:<class 'int'>
DEBUG:GUI:<class 'int'>
DEBUG:GUI:{'areas': {'9': {'owner': 2, 'dice': 8}, '29': {'owner': 2, 'dice': 2}, '8': {'owner': 2, 'dice': 3}}, 'score': {'1': 22, '2': 3}, 'type': 'end_turn', 'current_player': 1, 'reserves': {'1': 0, '2': 0}}
DEBUG:GUI:<dicewars.client.game.area.Area object at 0x7f91857a73a0>
DEBUG:GUI:<dicewars.client.game.area.Area object at 0x7f91857d2310>
DEBUG:GUI:<dicewars.client.game.area.Area object at 0x7f91857a7280>
DEBUG:GUI:<class 'int'>
DEBUG:GUI:<class 'int'>
DEBUG:GUI:<class 'int'>
DEBUG:GUI:<class 'int'>
DEBUG:CLIENT:Sending end_turn message.
DEBUG:GUI:{'areas': {'26': {'owner': 1, 'dice': 4}, '27': {'owner': 1, 'dice': 2}, '1': {'owner': 1, 'dice': 4}, '5': {'owner': 1, 'dice': 7}, '24': {'owner': 1, 'dice': 8}, '28': {'owner': 1, 'dice': 6}, '16': {'owner': 1, 'dice': 3}, '14': {'owner': 1, 'dice': 4}, '10': {'owner': 1, 'dice': 5}, '29': {'owner': 1, 'dice': 5}, '15': {'owner': 1, 'dice': 6}, '22': {'owner': 1, 'dice': 7}, '7': {'owner': 1, 'dice': 5}}, 'score': {'1': 24, '2': 3}, 'type': 'end_turn', 'current_player': 2, 'reserves': {'1': 0, '2': 0}}
DEBUG:GUI:<dicewars.client.game.area.Area object at 0x7f91857d21f0>
DEBUG:GUI:<dicewars.client.game.area.Area object at 0x7f91857d2250>
DEBUG:GUI:<dicewars.client.game.area.Area object at 0x7f918a987100>
DEBUG:GUI:<dicewars.client.game.area.Area object at 0x7f91857a7430>
DEBUG:GUI:<dicewars.client.game.area.Area object at 0x7f91857d2130>
DEBUG:GUI:<dicewars.client.game.area.Area object at 0x7f91857d22b0>
DEBUG:GUI:<dicewars.client.game.area.Area object at 0x7f91857a7df0>
DEBUG:GUI:<dicewars.client.game.area.Area object at 0x7f91857a7d30>
DEBUG:GUI:<dicewars.client.game.area.Area object at 0x7f91857a7bb0>
DEBUG:GUI:<dicewars.client.game.area.Area object at 0x7f91857d2310>
DEBUG:GUI:<dicewars.client.game.area.Area object at 0x7f91857a7d90>
DEBUG:GUI:<dicewars.client.game.area.Area object at 0x7f91857d2070>
DEBUG:GUI:<dicewars.client.game.area.Area object at 0x7f91857a7370>
DEBUG:GUI:<class 'int'>
DEBUG:GUI:<class 'int'>
DEBUG:GUI:{'areas': {'25': {'owner': 2, 'dice': 6}, '2': {'owner': 2, 'dice': 2}, '6': {'owner': 2, 'dice': 2}, '8': {'owner': 2, 'dice': 2}, '19': {'owner': 2, 'dice': 2}}, 'score': {'1': 22, '2': 6}, 'type': 'end_turn', 'current_player': 1, 'reserves': {'1': 0, '2': 0}}
DEBUG:GUI:<dicewars.client.game.area.Area object at 0x7f91857d2190>
DEBUG:GUI:<dicewars.client.game.area.Area object at 0x7f918a987340>
DEBUG:GUI:<dicewars.client.game.area.Area object at 0x7f91857a7490>
DEBUG:GUI:<dicewars.client.game.area.Area object at 0x7f91857a7280>
DEBUG:GUI:<dicewars.client.game.area.Area object at 0x7f91857a7f10>
DEBUG:GUI:<class 'int'>
DEBUG:GUI:<class 'int'>
DEBUG:GUI:<class 'int'>
DEBUG:GUI:<class 'int'>
DEBUG:GUI:<class 'int'>
DEBUG:CLIENT:Sending end_turn message.
DEBUG:GUI:{'areas': {'13': {'owner': 1, 'dice': 7}, '16': {'owner': 1, 'dice': 5}, '15': {'owner': 1, 'dice': 8}, '12': {'owner': 1, 'dice': 7}, '20': {'owner': 1, 'dice': 7}, '17': {'owner': 1, 'dice': 4}, '22': {'owner': 1, 'dice': 8}, '26': {'owner': 1, 'dice': 5}, '8': {'owner': 1, 'dice': 4}, '6': {'owner': 1, 'dice': 4}, '18': {'owner': 1, 'dice': 2}, '10': {'owner': 1, 'dice': 2}, '2': {'owner': 1, 'dice': 4}, '4': {'owner': 1, 'dice': 3}, '3': {'owner': 1, 'dice': 4}}, 'score': {'1': 25, '2': 3}, 'type': 'end_turn', 'current_player': 2, 'reserves': {'1': 0, '2': 0}}
DEBUG:GUI:<dicewars.client.game.area.Area object at 0x7f91857a7cd0>
DEBUG:GUI:<dicewars.client.game.area.Area object at 0x7f91857a7df0>
DEBUG:GUI:<dicewars.client.game.area.Area object at 0x7f91857a7d90>
DEBUG:GUI:<dicewars.client.game.area.Area object at 0x7f91857a7c70>
DEBUG:GUI:<dicewars.client.game.area.Area object at 0x7f91857a7f70>
DEBUG:GUI:<dicewars.client.game.area.Area object at 0x7f91857a7e50>
DEBUG:GUI:<dicewars.client.game.area.Area object at 0x7f91857d2070>
DEBUG:GUI:<dicewars.client.game.area.Area object at 0x7f91857d21f0>
DEBUG:GUI:<dicewars.client.game.area.Area object at 0x7f91857a7280>
DEBUG:GUI:<dicewars.client.game.area.Area object at 0x7f91857a7490>
DEBUG:GUI:<dicewars.client.game.area.Area object at 0x7f91857a7eb0>
DEBUG:GUI:<dicewars.client.game.area.Area object at 0x7f91857a7bb0>
DEBUG:GUI:<dicewars.client.game.area.Area object at 0x7f918a987340>
DEBUG:GUI:<dicewars.client.game.area.Area object at 0x7f91857a74f0>
DEBUG:GUI:<dicewars.client.game.area.Area object at 0x7f91857a7b20>
DEBUG:GUI:<class 'int'>
DEBUG:GUI:{'areas': {'25': {'owner': 2, 'dice': 8}, '10': {'owner': 2, 'dice': 8}, '19': {'owner': 2, 'dice': 3}}, 'score': {'1': 25, '2': 4}, 'type': 'end_turn', 'current_player': 1, 'reserves': {'1': 0, '2': 0}}
DEBUG:GUI:<dicewars.client.game.area.Area object at 0x7f91857d2190>
DEBUG:GUI:<dicewars.client.game.area.Area object at 0x7f91857a7bb0>
DEBUG:GUI:<dicewars.client.game.area.Area object at 0x7f91857a7f10>
DEBUG:GUI:<class 'int'>
DEBUG:GUI:<class 'int'>
DEBUG:CLIENT:Sending end_turn message.
DEBUG:GUI:{'areas': {'3': {'owner': 1, 'dice': 7}, '12': {'owner': 1, 'dice': 8}, '20': {'owner': 1, 'dice': 8}, '5': {'owner': 1, 'dice': 8}, '1': {'owner': 1, 'dice': 3}, '28': {'owner': 1, 'dice': 8}, '4': {'owner': 1, 'dice': 5}, '2': {'owner': 1, 'dice': 4}, '29': {'owner': 1, 'dice': 2}, '23': {'owner': 1, 'dice': 8}, '27': {'owner': 1, 'dice': 3}, '9': {'owner': 1, 'dice': 2}, '16': {'owner': 1, 'dice': 7}, '26': {'owner': 1, 'dice': 6}, '18': {'owner': 1, 'dice': 3}, '17': {'owner': 1, 'dice': 5}, '6': {'owner': 1, 'dice': 5}}, 'score': {'1': 26, '2': 2}, 'type': 'end_turn', 'current_player': 2, 'reserves': {'1': 0, '2': 0}}
DEBUG:GUI:<dicewars.client.game.area.Area object at 0x7f91857a7b20>
DEBUG:GUI:<dicewars.client.game.area.Area object at 0x7f91857a7c70>
DEBUG:GUI:<dicewars.client.game.area.Area object at 0x7f91857a7f70>
DEBUG:GUI:<dicewars.client.game.area.Area object at 0x7f91857a7430>
DEBUG:GUI:<dicewars.client.game.area.Area object at 0x7f918a987100>
DEBUG:GUI:<dicewars.client.game.area.Area object at 0x7f91857d22b0>
DEBUG:GUI:<dicewars.client.game.area.Area object at 0x7f91857a74f0>
DEBUG:GUI:<dicewars.client.game.area.Area object at 0x7f918a987340>
DEBUG:GUI:<dicewars.client.game.area.Area object at 0x7f91857d2310>
DEBUG:GUI:<dicewars.client.game.area.Area object at 0x7f91857d20d0>
DEBUG:GUI:<dicewars.client.game.area.Area object at 0x7f91857d2250>
DEBUG:GUI:<dicewars.client.game.area.Area object at 0x7f91857a73a0>
DEBUG:GUI:<dicewars.client.game.area.Area object at 0x7f91857a7df0>
DEBUG:GUI:<dicewars.client.game.area.Area object at 0x7f91857d21f0>
DEBUG:GUI:<dicewars.client.game.area.Area object at 0x7f91857a7eb0>
DEBUG:GUI:<dicewars.client.game.area.Area object at 0x7f91857a7e50>
DEBUG:GUI:<dicewars.client.game.area.Area object at 0x7f91857a7490>
DEBUG:GUI:<class 'int'>
DEBUG:GUI:{'areas': {'9': {'owner': 2, 'dice': 8}, '19': {'owner': 2, 'dice': 6}}, 'score': {'1': 25, '2': 4}, 'type': 'end_turn', 'current_player': 1, 'reserves': {'1': 0, '2': 0}}
DEBUG:GUI:<dicewars.client.game.area.Area object at 0x7f91857a73a0>
DEBUG:GUI:<dicewars.client.game.area.Area object at 0x7f91857a7f10>
DEBUG:GUI:<class 'int'>
DEBUG:CLIENT:Sending end_turn message.
DEBUG:GUI:{'areas': {'27': {'owner': 1, 'dice': 8}, '13': {'owner': 1, 'dice': 8}, '16': {'owner': 1, 'dice': 8}, '6': {'owner': 1, 'dice': 7}, '17': {'owner': 1, 'dice': 6}, '2': {'owner': 1, 'dice': 4}, '14': {'owner': 1, 'dice': 6}, '1': {'owner': 1, 'dice': 6}, '8': {'owner': 1, 'dice': 5}, '29': {'owner': 1, 'dice': 3}, '26': {'owner': 1, 'dice': 7}, '4': {'owner': 1, 'dice': 8}, '7': {'owner': 1, 'dice': 6}}, 'score': {'1': 25, '2': 4}, 'type': 'end_turn', 'current_player': 2, 'reserves': {'1': 0, '2': 0}}
DEBUG:GUI:<dicewars.client.game.area.Area object at 0x7f91857d2250>
DEBUG:GUI:<dicewars.client.game.area.Area object at 0x7f91857a7cd0>
DEBUG:GUI:<dicewars.client.game.area.Area object at 0x7f91857a7df0>
DEBUG:GUI:<dicewars.client.game.area.Area object at 0x7f91857a7490>
DEBUG:GUI:<dicewars.client.game.area.Area object at 0x7f91857a7e50>
DEBUG:GUI:<dicewars.client.game.area.Area object at 0x7f918a987340>
DEBUG:GUI:<dicewars.client.game.area.Area object at 0x7f91857a7d30>
DEBUG:GUI:<dicewars.client.game.area.Area object at 0x7f918a987100>
DEBUG:GUI:<dicewars.client.game.area.Area object at 0x7f91857a7280>
DEBUG:GUI:<dicewars.client.game.area.Area object at 0x7f91857d2310>
DEBUG:GUI:<dicewars.client.game.area.Area object at 0x7f91857d21f0>
DEBUG:GUI:<dicewars.client.game.area.Area object at 0x7f91857a74f0>
DEBUG:GUI:<dicewars.client.game.area.Area object at 0x7f91857a7370>
DEBUG:GUI:{'areas': {'10': {'owner': 2, 'dice': 4}, '19': {'owner': 2, 'dice': 7}}, 'score': {'1': 25, '2': 4}, 'type': 'end_turn', 'current_player': 1, 'reserves': {'1': 0, '2': 0}}
DEBUG:GUI:<dicewars.client.game.area.Area object at 0x7f91857a7bb0>
DEBUG:GUI:<dicewars.client.game.area.Area object at 0x7f91857a7f10>
DEBUG:GUI:<class 'int'>
DEBUG:GUI:<class 'int'>
DEBUG:CLIENT:Sending end_turn message.
DEBUG:GUI:{'areas': {'14': {'owner': 1, 'dice': 8}, '1': {'owner': 1, 'dice': 8}, '18': {'owner': 1, 'dice': 4}, '26': {'owner': 1, 'dice': 8}, '3': {'owner': 1, 'dice': 8}, '2': {'owner': 1, 'dice': 4}, '6': {'owner': 1, 'dice': 8}, '29': {'owner': 1, 'dice': 8}, '8': {'owner': 1, 'dice': 8}, '7': {'owner': 1, 'dice': 8}, '17': {'owner': 1, 'dice': 8}}, 'score': {'1': 25, '2': 4}, 'type': 'end_turn', 'current_player': 2, 'reserves': {'1': 0, '2': 0}}
DEBUG:GUI:<dicewars.client.game.area.Area object at 0x7f91857a7d30>
DEBUG:GUI:<dicewars.client.game.area.Area object at 0x7f918a987100>
DEBUG:GUI:<dicewars.client.game.area.Area object at 0x7f91857a7eb0>
DEBUG:GUI:<dicewars.client.game.area.Area object at 0x7f91857d21f0>
DEBUG:GUI:<dicewars.client.game.area.Area object at 0x7f91857a7b20>
DEBUG:GUI:<dicewars.client.game.area.Area object at 0x7f918a987340>
DEBUG:GUI:<dicewars.client.game.area.Area object at 0x7f91857a7490>
DEBUG:GUI:<dicewars.client.game.area.Area object at 0x7f91857d2310>
DEBUG:GUI:<dicewars.client.game.area.Area object at 0x7f91857a7280>
DEBUG:GUI:<dicewars.client.game.area.Area object at 0x7f91857a7370>
DEBUG:GUI:<dicewars.client.game.area.Area object at 0x7f91857a7e50>
DEBUG:GUI:{'areas': {'19': {'owner': 2, 'dice': 8}, '10': {'owner': 2, 'dice': 7}}, 'score': {'1': 25, '2': 4}, 'type': 'end_turn', 'current_player': 1, 'reserves': {'1': 0, '2': 0}}
DEBUG:GUI:<dicewars.client.game.area.Area object at 0x7f91857a7f10>
DEBUG:GUI:<dicewars.client.game.area.Area object at 0x7f91857a7bb0>
DEBUG:GUI:<class 'int'>
DEBUG:GUI:<class 'int'>
DEBUG:CLIENT:Sending end_turn message.
DEBUG:GUI:{'areas': {'18': {'owner': 1, 'dice': 8}, '2': {'owner': 1, 'dice': 8}}, 'score': {'1': 25, '2': 4}, 'type': 'end_turn', 'current_player': 2, 'reserves': {'1': 11, '2': 0}}
DEBUG:GUI:<dicewars.client.game.area.Area object at 0x7f91857a7eb0>
DEBUG:GUI:<dicewars.client.game.area.Area object at 0x7f918a987340>
DEBUG:GUI:{'areas': {'10': {'owner': 2, 'dice': 8}}, 'score': {'1': 25, '2': 4}, 'type': 'end_turn', 'current_player': 1, 'reserves': {'1': 11, '2': 3}}
DEBUG:GUI:<dicewars.client.game.area.Area object at 0x7f91857a7bb0>
DEBUG:CLIENT:Sending end_turn message.
DEBUG:GUI:{'areas': {}, 'score': {'1': 25, '2': 4}, 'type': 'end_turn', 'current_player': 2, 'reserves': {'1': 36, '2': 3}}
DEBUG:GUI:{'areas': {}, 'score': {'1': 25, '2': 4}, 'type': 'end_turn', 'current_player': 1, 'reserves': {'1': 36, '2': 7}}
DEBUG:GUI:<class 'int'>
DEBUG:GUI:<class 'int'>
DEBUG:CLIENT:Sending end_turn message.
DEBUG:GUI:{'areas': {'18': {'owner': 1, 'dice': 8}, '9': {'owner': 1, 'dice': 8}, '2': {'owner': 1, 'dice': 8}}, 'score': {'1': 26, '2': 2}, 'type': 'end_turn', 'current_player': 2, 'reserves': {'1': 47, '2': 7}}
DEBUG:GUI:<dicewars.client.game.area.Area object at 0x7f91857a7eb0>
DEBUG:GUI:<dicewars.client.game.area.Area object at 0x7f91857a73a0>
DEBUG:GUI:<dicewars.client.game.area.Area object at 0x7f918a987340>
DEBUG:GUI:{'areas': {}, 'score': {'1': 26, '2': 2}, 'type': 'end_turn', 'current_player': 1, 'reserves': {'1': 47, '2': 9}}
DEBUG:GUI:<class 'int'>
DEBUG:CLIENT:Sending end_turn message.
DEBUG:GUI:{'areas': {'9': {'owner': 1, 'dice': 8}, '10': {'owner': 1, 'dice': 8}}, 'score': {'1': 27, '2': 2}, 'type': 'end_turn', 'current_player': 2, 'reserves': {'1': 56, '2': 9}}
DEBUG:GUI:<dicewars.client.game.area.Area object at 0x7f91857a73a0>
DEBUG:GUI:<dicewars.client.game.area.Area object at 0x7f91857a7bb0>
DEBUG:GUI:{'areas': {}, 'score': {'1': 27, '2': 2}, 'type': 'end_turn', 'current_player': 1, 'reserves': {'1': 56, '2': 11}}
DEBUG:GUI:<class 'int'>
DEBUG:CLIENT:Sending end_turn message.
DEBUG:GUI:{'areas': {'9': {'owner': 1, 'dice': 8}}, 'score': {'1': 27, '2': 2}, 'type': 'end_turn', 'current_player': 2, 'reserves': {'1': 57, '2': 11}}
DEBUG:GUI:<dicewars.client.game.area.Area object at 0x7f91857a73a0>
DEBUG:GUI:{'areas': {}, 'score': {'1': 27, '2': 2}, 'type': 'end_turn', 'current_player': 1, 'reserves': {'1': 57, '2': 13}}
DEBUG:GUI:<class 'int'>
DEBUG:CLIENT:Sending end_turn message.
DEBUG:GUI:{'areas': {'9': {'owner': 1, 'dice': 8}, '19': {'owner': 1, 'dice': 8}}, 'score': {'1': 28, '2': 1}, 'type': 'end_turn', 'current_player': 2, 'reserves': {'1': 56, '2': 13}}
DEBUG:GUI:<dicewars.client.game.area.Area object at 0x7f91857a73a0>
DEBUG:GUI:<dicewars.client.game.area.Area object at 0x7f91857a7f10>
DEBUG:GUI:{'areas': {}, 'score': {'1': 28, '2': 1}, 'type': 'end_turn', 'current_player': 1, 'reserves': {'1': 56, '2': 14}}
DEBUG:GUI:<class 'int'>
DEBUG:CLIENT:Sending end_turn message.
DEBUG:GUI:{'areas': {'19': {'owner': 1, 'dice': 8}}, 'score': {'1': 28, '2': 1}, 'type': 'end_turn', 'current_player': 2, 'reserves': {'1': 57, '2': 14}}
DEBUG:GUI:<dicewars.client.game.area.Area object at 0x7f91857a7f10>
DEBUG:GUI:{'areas': {}, 'score': {'1': 28, '2': 1}, 'type': 'end_turn', 'current_player': 1, 'reserves': {'1': 57, '2': 15}}
DEBUG:GUI:<class 'int'>
DEBUG:CLIENT:Sending end_turn message.
DEBUG:GUI:{'areas': {'19': {'owner': 1, 'dice': 8}}, 'score': {'1': 28, '2': 1}, 'type': 'end_turn', 'current_player': 2, 'reserves': {'1': 57, '2': 15}}
DEBUG:GUI:<dicewars.client.game.area.Area object at 0x7f91857a7f10>
DEBUG:GUI:{'areas': {}, 'score': {'1': 28, '2': 1}, 'type': 'end_turn', 'current_player': 1, 'reserves': {'1': 57, '2': 16}}
DEBUG:GUI:<class 'int'>
