DEBUG:CLIENT:Started socket daemon.
DEBUG:CLIENT:Received message: {'areas': {'1': {'adjacent_areas': [3, 24, 2], 'owner': 3, 'dice': 3}, '2': {'adjacent_areas': [1, 5, 10], 'owner': 2, 'dice': 3}, '3': {'adjacent_areas': [4, 1, 8, 10, 24], 'owner': 1, 'dice': 3}, '4': {'adjacent_areas': [7, 3, 13, 8, 24], 'owner': 2, 'dice': 3}, '5': {'adjacent_areas': [9, 2, 6], 'owner': 3, 'dice': 3}, '6': {'adjacent_areas': [11, 5, 9, 15], 'owner': 1, 'dice': 3}, '7': {'adjacent_areas': [24, 4], 'owner': 4, 'dice': 3}, '8': {'adjacent_areas': [13, 4, 3, 12], 'owner': 4, 'dice': 3}, '9': {'adjacent_areas': [15, 6, 14, 5], 'owner': 3, 'dice': 3}, '10': {'adjacent_areas': [14, 2, 3], 'owner': 2, 'dice': 3}, '11': {'adjacent_areas': [16, 6, 15], 'owner': 1, 'dice': 3}, '12': {'adjacent_areas': [20, 8, 17, 13], 'owner': 3, 'dice': 3}, '13': {'adjacent_areas': [20, 8, 12, 4], 'owner': 3, 'dice': 3}, '14': {'adjacent_areas': [9, 19, 10, 15], 'owner': 1, 'dice': 3}, '15': {'adjacent_areas': [9, 6, 18, 14, 16, 19, 11], 'owner': 4, 'dice': 3}, '16': {'adjacent_areas': [15, 11, 18], 'owner': 1, 'dice': 3}, '17': {'adjacent_areas': [12, 19, 23], 'owner': 4, 'dice': 3}, '18': {'adjacent_areas': [16, 21, 15], 'owner': 2, 'dice': 3}, '19': {'adjacent_areas': [14, 17, 21, 15], 'owner': 2, 'dice': 3}, '20': {'adjacent_areas': [22, 13, 12], 'owner': 1, 'dice': 3}, '21': {'adjacent_areas': [18, 28, 19], 'owner': 1, 'dice': 3}, '22': {'adjacent_areas': [25, 20], 'owner': 3, 'dice': 3}, '23': {'adjacent_areas': [17, 29, 26], 'owner': 4, 'dice': 3}, '24': {'adjacent_areas': [7, 4, 1, 3], 'owner': 2, 'dice': 3}, '25': {'adjacent_areas': [22, 27], 'owner': 4, 'dice': 3}, '26': {'adjacent_areas': [23], 'owner': 2, 'dice': 3}, '27': {'adjacent_areas': [25], 'owner': 4, 'dice': 3}, '28': {'adjacent_areas': [21], 'owner': 3, 'dice': 3}, '29': {'adjacent_areas': [23], 'owner': 1, 'dice': 3}}, 'score': {'2': 2, '1': 3, '4': 2, '3': 2}, 'type': 'game_start', 'player': 2, 'no_players': 4, 'current_player': 1, 'board': {'1': {'hexes': [[28, 4], [29, 3], [27, 5], [30, 4], [26, 4], [27, 3], [29, 5], [31, 3], [25, 5], [30, 2], [28, 2], [31, 1], [31, 5], [28, 6]], 'neighbours': [3, 24, 2]}, '2': {'hexes': [[29, -1], [27, -1], [30, 0], [31, -1], [28, 0], [28, -2], [30, -2], [25, -1], [27, 1], [26, -2], [25, -3], [26, 0], [31, -3]], 'neighbours': [1, 5, 10]}, '3': {'hexes': [[21, 5], [22, 6], [20, 6], [22, 4], [19, 5], [23, 5], [20, 4], [18, 4], [21, 7], [21, 3], [23, 3], [24, 6], [24, 4], [17, 5], [19, 3], [18, 6]], 'neighbours': [4, 1, 8, 10, 24]}, '4': {'hexes': [[21, 9], [20, 10], [20, 8], [22, 8], [23, 9], [22, 10], [19, 9], [18, 10], [19, 11], [19, 7], [18, 8], [24, 8], [17, 9], [16, 8], [17, 11], [23, 7], [18, 12]], 'neighbours': [7, 3, 13, 8, 24]}, '5': {'hexes': [[27, -5], [26, -6], [25, -5], [28, -6], [29, -5], [26, -4], [28, -4], [30, -4], [24, -4], [27, -3], [27, -7], [29, -3], [31, -5], [29, -7], [30, -6]], 'neighbours': [9, 2, 6]}, '6': {'hexes': [[25, -9], [24, -10], [26, -8], [26, -10], [24, -8], [23, -9], [27, -9], [27, -11], [25, -11], [21, -9], [22, -8], [29, -9], [28, -8], [28, -10]], 'neighbours': [11, 5, 9, 15]}, '7': {'hexes': [[25, 11], [26, 12], [26, 10], [24, 10], [27, 11], [23, 11], [24, 12], [25, 9], [22, 12], [21, 11], [20, 12], [25, 13], [28, 12], [27, 13], [21, 13], [29, 13], [23, 13]], 'neighbours': [24, 4]}, '8': {'hexes': [[14, 6], [13, 7], [13, 5], [15, 7], [12, 6], [15, 5], [16, 6], [14, 8], [17, 7], [14, 4], [11, 5], [10, 6], [11, 7], [16, 4]], 'neighbours': [13, 4, 3, 12]}, '9': {'hexes': [[20, -6], [21, -5], [19, -7], [22, -6], [21, -7], [19, -5], [18, -6], [20, -8], [23, -5], [17, -7], [20, -4], [24, -6], [23, -7], [25, -7]], 'neighbours': [15, 6, 14, 5]}, '10': {'hexes': [[21, -1], [22, 0], [22, -2], [20, 0], [19, -1], [20, -2], [23, -1], [18, -2], [23, 1], [22, 2], [19, 1], [18, 0], [17, 1], [21, 1]], 'neighbours': [14, 2, 3]}, '11': {'hexes': [[23, -13], [21, -13], [24, -12], [22, -14], [25, -13], [22, -12], [24, -14], [23, -11], [19, -13], [20, -12], [26, -12], [21, -11], [27, -13]], 'neighbours': [16, 6, 15]}, '12': {'hexes': [[7, 5], [6, 6], [9, 5], [5, 5], [8, 4], [8, 6], [6, 4], [9, 7], [10, 4], [11, 3], [9, 3], [7, 7], [5, 3], [10, 8], [6, 2], [7, 3]], 'neighbours': [20, 8, 17, 13]}, '13': {'hexes': [[12, 10], [10, 10], [13, 9], [11, 9], [14, 10], [13, 11], [11, 11], [15, 9], [15, 11], [9, 9], [10, 12], [16, 10], [12, 12], [14, 12], [12, 8]], 'neighbours': [20, 8, 12, 4]}, '14': {'hexes': [[16, -4], [18, -4], [14, -4], [17, -5], [15, -5], [15, -3], [17, -3], [16, -6], [16, -2], [13, -3], [17, -1], [14, -6], [15, -1], [13, -5]], 'neighbours': [9, 19, 10, 15]}, '15': {'hexes': [[17, -9], [16, -10], [16, -8], [18, -10], [19, -9], [18, -8], [15, -9], [13, -9], [14, -8], [14, -10], [11, -9], [15, -7], [12, -8], [17, -11], [11, -7], [12, -10], [19, -11], [13, -11], [13, -7], [15, -11]], 'neighbours': [9, 6, 18, 14, 16, 19, 11]}, '16': {'hexes': [[15, -13], [14, -12], [13, -13], [16, -12], [14, -14], [17, -13], [16, -14], [12, -12], [12, -14], [18, -14], [20, -14], [11, -13], [11, -11], [10, -12], [9, -13], [18, -12], [10, -14]], 'neighbours': [15, 11, 18]}, '17': {'hexes': [[4, 0], [2, 0], [5, -1], [3, 1], [5, 1], [3, -1], [6, 0], [7, -1], [6, -2], [4, -2], [8, 0], [1, 1], [7, 1], [8, 2], [2, -2], [8, -2], [10, 0], [9, -1], [9, 1]], 'neighbours': [12, 19, 23]}, '18': {'hexes': [[6, -12], [4, -12], [8, -12], [5, -11], [5, -13], [7, -11], [7, -13], [6, -10], [9, -11], [10, -10], [8, -14], [4, -10], [3, -13], [9, -9], [4, -14], [8, -10], [6, -14]], 'neighbours': [16, 21, 15]}, '19': {'hexes': [[10, -4], [8, -4], [11, -5], [12, -4], [9, -3], [11, -3], [9, -5], [10, -2], [12, -6], [12, -2], [7, -3], [5, -3], [10, -6], [4, -4], [6, -4]], 'neighbours': [14, 17, 21, 15]}, '20': {'hexes': [[6, 10], [4, 10], [8, 10], [5, 11], [7, 9], [7, 11], [5, 9], [9, 11], [8, 8], [6, 8], [5, 7], [3, 7], [4, 6], [3, 11], [4, 8], [8, 12], [6, 12], [3, 9]], 'neighbours': [22, 13, 12]}, '21': {'hexes': [[4, -8], [6, -8], [5, -9], [3, -9], [2, -8], [3, -7], [5, -7], [7, -9], [8, -8], [2, -10], [1, -7], [7, -7], [1, -9], [8, -6]], 'neighbours': [18, 28, 19]}, '22': {'hexes': [[-1, 9], [-2, 10], [-3, 9], [-2, 8], [0, 8], [0, 10], [1, 9], [1, 11], [-3, 7], [-1, 11], [1, 7], [-3, 11], [2, 10], [0, 6], [-2, 6], [-4, 8], [-1, 5], [-1, 7]], 'neighbours': [25, 20]}, '23': {'hexes': [[-3, 1], [-2, 2], [-1, 1], [-5, 1], [-4, 2], [-2, 0], [-4, 0], [-3, -1], [-6, 0], [-3, 3], [-8, 0], [-7, 1], [-7, -1], [-1, 3], [-4, 4], [-5, -1]], 'neighbours': [17, 29, 26]}, '24': {'hexes': [[29, 9], [31, 9], [30, 8], [27, 9], [28, 10], [30, 10], [28, 8], [26, 8], [29, 7], [29, 11], [27, 7], [31, 7], [30, 6], [31, 11], [30, 12], [25, 7]], 'neighbours': [7, 4, 1, 3]}, '25': {'hexes': [[-6, 10], [-5, 11], [-5, 9], [-8, 10], [-7, 9], [-4, 10], [-7, 11], [-9, 9], [-4, 12], [-2, 12], [-6, 12], [-8, 12], [-6, 8], [-7, 13], [-11, 9], [-9, 11], [-3, 13], [-5, 13]], 'neighbours': [22, 27]}, '26': {'hexes': [[-10, -2], [-9, -1], [-11, -1], [-12, -2], [-8, -2], [-9, -3], [-11, -3], [-13, -1], [-10, 0], [-13, -3], [-15, -1], [-10, -4], [-11, -5]], 'neighbours': [23]}, '27': {'hexes': [[-12, 12], [-11, 11], [-13, 13], [-11, 13], [-14, 12], [-13, 11], [-10, 12], [-15, 11], [-9, 13], [-12, 10], [-13, 9], [-14, 10], [-15, 9], [-16, 10], [-17, 9], [-14, 8], [-18, 8], [-17, 11], [-16, 8]], 'neighbours': [25]}, '28': {'hexes': [[-2, -10], [-1, -9], [0, -10], [-3, -11], [-4, -10], [-1, -11], [-3, -9], [-2, -12], [0, -8], [0, -12], [-2, -8], [-4, -8], [1, -11], [-4, -12], [-3, -13]], 'neighbours': [21]}, '29': {'hexes': [[-8, 4], [-10, 4], [-6, 4], [-7, 3], [-7, 5], [-9, 5], [-9, 3], [-11, 5], [-8, 2], [-5, 3], [-5, 5], [-11, 3], [-6, 6], [-12, 4], [-6, 2], [-8, 6], [-10, 2], [-10, 6]], 'neighbours': [23]}}, 'order': [1, 2, 3, 4]}

INFO:CLIENT:This is player name 2, the players order is [1, 2, 3, 4]
DEBUG:root:Starting clock with 10.000s left
INFO:AI:Setting up for 4-player game
DEBUG:root:Stopped clock, now with 9.993s left
DEBUG:AI:Received message type game_state.
DEBUG:AI:Received message type battle.
DEBUG:AI:Received message type battle.
DEBUG:AI:Received message type end_turn.
DEBUG:root:Starting clock with 10.000s left
DEBUG:AI:Looking for possible turns.
DEBUG:AI:Possible turn: [4, 7, 0.9071502, 0.4535751]
DEBUG:AI:4->7 attack and hold probabiliy 0.4535751
DEBUG:root:Stopped clock, now with 10.250s left
DEBUG:AI:Sending battle message 4->7
DEBUG:AI:Received message type battle.
DEBUG:root:Starting clock with 10.250s left
DEBUG:AI:Looking for possible turns.
DEBUG:AI:Possible turn: [24, 1, 0.9071502, 0.4535751]
DEBUG:AI:24->1 attack and hold probabiliy 0.4535751
DEBUG:root:Stopped clock, now with 10.499s left
DEBUG:AI:Sending battle message 24->1
DEBUG:AI:Received message type battle.
DEBUG:root:Starting clock with 10.499s left
DEBUG:AI:Looking for possible turns.
DEBUG:AI:No more plays.
DEBUG:root:Stopped clock, now with 10.749s left
DEBUG:AI:Sending end_turn message.
DEBUG:AI:Received message type end_turn.
DEBUG:AI:Received message type end_turn.
DEBUG:AI:Received message type battle.
DEBUG:AI:Received message type battle.
DEBUG:AI:Received message type end_turn.
DEBUG:AI:Received message type battle.
DEBUG:AI:Received message type battle.
DEBUG:AI:Received message type end_turn.
DEBUG:root:Starting clock with 10.749s left
DEBUG:AI:Looking for possible turns.
DEBUG:AI:Possible turn: [2, 10, 0.8118021633589, 0.40590108167945]
DEBUG:AI:2->10 attack and hold probabiliy 0.40590108167945
DEBUG:root:Stopped clock, now with 10.997s left
DEBUG:AI:Sending battle message 2->10
DEBUG:AI:Received message type battle.
DEBUG:root:Starting clock with 10.997s left
DEBUG:AI:Looking for possible turns.
DEBUG:AI:Possible turn: [18, 21, 0.513221997483139, 0.513221997483139]
DEBUG:AI:18->21 attack and hold probabiliy 0.513221997483139
DEBUG:root:Stopped clock, now with 11.247s left
DEBUG:AI:Sending battle message 18->21
DEBUG:AI:Received message type battle.
DEBUG:root:Starting clock with 11.247s left
DEBUG:AI:Looking for possible turns.
DEBUG:AI:Possible turn: [21, 28, 0.4535751, 0.4535751]
DEBUG:AI:21->28 attack and hold probabiliy 0.4535751
DEBUG:root:Stopped clock, now with 11.496s left
DEBUG:AI:Sending battle message 21->28
DEBUG:AI:Received message type battle.
DEBUG:root:Starting clock with 11.496s left
DEBUG:AI:Looking for possible turns.
DEBUG:AI:No more plays.
DEBUG:root:Stopped clock, now with 11.746s left
DEBUG:AI:Sending end_turn message.
DEBUG:AI:Received message type end_turn.
DEBUG:AI:Received message type battle.
DEBUG:AI:Received message type end_turn.
DEBUG:AI:Received message type battle.
DEBUG:AI:Received message type battle.
DEBUG:AI:Received message type end_turn.
DEBUG:AI:Received message type battle.
DEBUG:AI:Received message type battle.
DEBUG:AI:Received message type end_turn.
DEBUG:root:Starting clock with 11.746s left
DEBUG:AI:Looking for possible turns.
DEBUG:AI:Possible turn: [19, 14, 1.5397986375136907, 0.7698993187568454]
DEBUG:AI:19->14 attack and hold probabiliy 0.7698993187568454
DEBUG:root:Stopped clock, now with 11.995s left
DEBUG:AI:Sending battle message 19->14
DEBUG:AI:Received message type battle.
DEBUG:root:Starting clock with 11.995s left
DEBUG:AI:Looking for possible turns.
DEBUG:AI:No more plays.
DEBUG:root:Stopped clock, now with 12.245s left
DEBUG:AI:Sending end_turn message.
DEBUG:AI:Received message type end_turn.
DEBUG:AI:Received message type battle.
DEBUG:AI:Received message type battle.
DEBUG:AI:Received message type battle.
DEBUG:AI:Received message type end_turn.
DEBUG:AI:Received message type battle.
DEBUG:AI:Received message type battle.
DEBUG:AI:Received message type battle.
DEBUG:AI:Received message type battle.
DEBUG:AI:Received message type end_turn.
DEBUG:AI:Received message type battle.
DEBUG:AI:Received message type battle.
DEBUG:AI:Received message type end_turn.
DEBUG:root:Starting clock with 12.245s left
DEBUG:AI:Looking for possible turns.
DEBUG:AI:Possible turn: [1, 3, 1.549591415805855, 0.7747957079029275]
DEBUG:AI:1->3 attack and hold probabiliy 0.7747957079029275
DEBUG:root:Stopped clock, now with 12.495s left
DEBUG:AI:Sending battle message 1->3
DEBUG:AI:Received message type battle.
DEBUG:root:Starting clock with 12.495s left
DEBUG:AI:Looking for possible turns.
DEBUG:AI:Possible turn: [3, 4, 1.904986349499674, 0.952493174749837]
DEBUG:AI:3->4 attack and hold probabiliy 0.952493174749837
DEBUG:root:Stopped clock, now with 12.744s left
DEBUG:AI:Sending battle message 3->4
DEBUG:AI:Received message type battle.
DEBUG:root:Starting clock with 12.744s left
DEBUG:AI:Looking for possible turns.
DEBUG:AI:Possible turn: [28, 21, 0.93923611, 0.93923611]
DEBUG:AI:28->21 attack and hold probabiliy 0.93923611
DEBUG:root:Stopped clock, now with 12.994s left
DEBUG:AI:Sending battle message 28->21
DEBUG:AI:Received message type battle.
DEBUG:root:Starting clock with 12.994s left
DEBUG:AI:Looking for possible turns.
DEBUG:AI:Possible turn: [14, 19, 0.8457037209028254, 0.8457037209028254]
DEBUG:AI:14->19 attack and hold probabiliy 0.8457037209028254
DEBUG:root:Stopped clock, now with 13.244s left
DEBUG:AI:Sending battle message 14->19
DEBUG:AI:Received message type battle.
DEBUG:root:Starting clock with 13.244s left
DEBUG:AI:Looking for possible turns.
DEBUG:AI:No more plays.
DEBUG:root:Stopped clock, now with 13.494s left
DEBUG:AI:Sending end_turn message.
DEBUG:AI:Received message type end_turn.
DEBUG:AI:Received message type battle.
DEBUG:AI:Received message type battle.
DEBUG:AI:Received message type battle.
DEBUG:AI:Received message type battle.
DEBUG:AI:Received message type end_turn.
DEBUG:AI:Received message type battle.
DEBUG:AI:Received message type battle.
DEBUG:AI:Received message type battle.
DEBUG:AI:Received message type end_turn.
DEBUG:AI:Received message type battle.
DEBUG:AI:Received message type battle.
DEBUG:AI:Received message type end_turn.
DEBUG:root:Starting clock with 13.494s left
DEBUG:AI:Looking for possible turns.
DEBUG:AI:No more plays.
DEBUG:root:Stopped clock, now with 13.743s left
DEBUG:AI:Sending end_turn message.
DEBUG:AI:Received message type end_turn.
DEBUG:AI:Received message type battle.
DEBUG:AI:Received message type battle.
DEBUG:AI:Received message type battle.
DEBUG:AI:Received message type battle.
DEBUG:AI:Received message type battle.
DEBUG:AI:Received message type end_turn.
DEBUG:AI:Received message type battle.
DEBUG:AI:Received message type end_turn.
DEBUG:AI:Received message type battle.
DEBUG:AI:Received message type battle.
DEBUG:AI:Received message type end_turn.
DEBUG:root:Starting clock with 13.743s left
DEBUG:AI:Looking for possible turns.
DEBUG:AI:Possible turn: [24, 3, 1.7534402021504836, 0.8767201010752418]
DEBUG:AI:24->3 attack and hold probabiliy 0.8767201010752418
DEBUG:root:Stopped clock, now with 13.993s left
DEBUG:AI:Sending battle message 24->3
DEBUG:AI:Received message type battle.
DEBUG:root:Starting clock with 13.993s left
DEBUG:AI:Looking for possible turns.
DEBUG:AI:Possible turn: [19, 14, 0.43159427503053394, 0.43159427503053394]
DEBUG:AI:19->14 attack and hold probabiliy 0.43159427503053394
DEBUG:root:Stopped clock, now with 14.243s left
DEBUG:AI:Sending battle message 19->14
DEBUG:AI:Received message type battle.
DEBUG:root:Starting clock with 14.243s left
DEBUG:AI:Looking for possible turns.
DEBUG:AI:No more plays.
DEBUG:root:Stopped clock, now with 14.492s left
DEBUG:AI:Sending end_turn message.
DEBUG:AI:Received message type end_turn.
DEBUG:AI:Received message type battle.
DEBUG:AI:Received message type battle.
DEBUG:AI:Received message type end_turn.
DEBUG:AI:Received message type battle.
DEBUG:AI:Received message type end_turn.
DEBUG:AI:Received message type battle.
DEBUG:AI:Received message type battle.
DEBUG:AI:Received message type end_turn.
DEBUG:root:Starting clock with 14.492s left
DEBUG:AI:Looking for possible turns.
DEBUG:AI:Possible turn: [14, 19, 0.90934714, 0.90934714]
DEBUG:AI:14->19 attack and hold probabiliy 0.90934714
DEBUG:root:Stopped clock, now with 14.742s left
DEBUG:AI:Sending battle message 14->19
DEBUG:AI:Received message type battle.
DEBUG:root:Starting clock with 14.742s left
DEBUG:AI:Looking for possible turns.
DEBUG:AI:Possible turn: [19, 17, 0.8457037209028254, 0.8457037209028254]
DEBUG:AI:19->17 attack and hold probabiliy 0.8457037209028254
DEBUG:root:Stopped clock, now with 14.992s left
DEBUG:AI:Sending battle message 19->17
DEBUG:AI:Received message type battle.
DEBUG:root:Starting clock with 14.992s left
DEBUG:AI:Looking for possible turns.
DEBUG:AI:No more plays.
DEBUG:root:Stopped clock, now with 15.242s left
DEBUG:AI:Sending end_turn message.
DEBUG:AI:Received message type end_turn.
DEBUG:AI:Received message type end_turn.
DEBUG:AI:Received message type end_turn.
DEBUG:AI:Received message type battle.
DEBUG:AI:Received message type battle.
DEBUG:AI:Received message type end_turn.
DEBUG:root:Starting clock with 15.242s left
DEBUG:AI:Looking for possible turns.
DEBUG:AI:No more plays.
DEBUG:root:Stopped clock, now with 15.491s left
DEBUG:AI:Sending end_turn message.
DEBUG:AI:Received message type end_turn.
DEBUG:AI:Received message type end_turn.
DEBUG:AI:Received message type battle.
DEBUG:AI:Received message type battle.
DEBUG:AI:Received message type battle.
DEBUG:AI:Received message type battle.
DEBUG:AI:Received message type battle.
DEBUG:AI:Received message type battle.
DEBUG:AI:Received message type battle.
DEBUG:AI:Received message type end_turn.
DEBUG:AI:Received message type battle.
DEBUG:AI:Received message type battle.
DEBUG:AI:Received message type end_turn.
DEBUG:root:Starting clock with 15.491s left
DEBUG:AI:Looking for possible turns.
DEBUG:AI:Possible turn: [4, 13, 0.92360981316789, 0.461804906583945]
DEBUG:AI:4->13 attack and hold probabiliy 0.461804906583945
DEBUG:root:Stopped clock, now with 15.741s left
DEBUG:AI:Sending battle message 4->13
DEBUG:AI:Received message type battle.
DEBUG:root:Starting clock with 15.741s left
DEBUG:AI:Looking for possible turns.
DEBUG:AI:Possible turn: [13, 20, 1.975647608230261, 0.9878238041151305]
DEBUG:AI:13->20 attack and hold probabiliy 0.9878238041151305
DEBUG:root:Stopped clock, now with 15.991s left
DEBUG:AI:Sending battle message 13->20
DEBUG:AI:Received message type battle.
DEBUG:root:Starting clock with 15.991s left
DEBUG:AI:Looking for possible turns.
DEBUG:AI:Possible turn: [20, 12, 1.597102068815008, 0.798551034407504]
DEBUG:AI:20->12 attack and hold probabiliy 0.798551034407504
DEBUG:root:Stopped clock, now with 16.240s left
DEBUG:AI:Sending battle message 20->12
DEBUG:AI:Received message type battle.
DEBUG:root:Starting clock with 16.240s left
DEBUG:AI:Looking for possible turns.
DEBUG:AI:Possible turn: [3, 8, 1.485661, 0.7428305]
DEBUG:AI:3->8 attack and hold probabiliy 0.7428305
DEBUG:root:Stopped clock, now with 16.490s left
DEBUG:AI:Sending battle message 3->8
DEBUG:AI:Received message type battle.
DEBUG:root:Starting clock with 16.490s left
DEBUG:AI:Looking for possible turns.
DEBUG:AI:No more plays.
DEBUG:root:Stopped clock, now with 16.740s left
DEBUG:AI:Sending end_turn message.
DEBUG:AI:Received message type end_turn.
DEBUG:AI:Received message type battle.
DEBUG:AI:Received message type battle.
DEBUG:AI:Received message type end_turn.
DEBUG:AI:Received message type battle.
DEBUG:AI:Received message type battle.
DEBUG:AI:Received message type battle.
DEBUG:AI:Received message type battle.
DEBUG:AI:Received message type end_turn.
DEBUG:AI:Received message type battle.
DEBUG:AI:Received message type battle.
DEBUG:AI:Received message type end_turn.
DEBUG:root:Starting clock with 16.740s left
DEBUG:AI:Looking for possible turns.
DEBUG:AI:Possible turn: [12, 20, 1.99969994, 0.99984997]
DEBUG:AI:12->20 attack and hold probabiliy 0.99984997
DEBUG:root:Stopped clock, now with 16.990s left
DEBUG:AI:Sending battle message 12->20
DEBUG:AI:Received message type battle.
DEBUG:root:Starting clock with 16.990s left
DEBUG:AI:Looking for possible turns.
DEBUG:AI:No more plays.
DEBUG:root:Stopped clock, now with 17.239s left
DEBUG:AI:Sending end_turn message.
DEBUG:AI:Received message type end_turn.
DEBUG:AI:Received message type battle.
DEBUG:AI:Received message type battle.
DEBUG:AI:Received message type battle.
DEBUG:AI:Received message type end_turn.
DEBUG:AI:Received message type battle.
DEBUG:AI:Received message type end_turn.
DEBUG:AI:Received message type battle.
DEBUG:AI:Received message type battle.
DEBUG:AI:Received message type end_turn.
DEBUG:root:Starting clock with 17.239s left
DEBUG:AI:Looking for possible turns.
DEBUG:AI:Possible turn: [1, 2, 1.9878023984008, 0.9939011992004]
DEBUG:AI:1->2 attack and hold probabiliy 0.9939011992004
DEBUG:root:Stopped clock, now with 17.489s left
DEBUG:AI:Sending battle message 1->2
DEBUG:AI:Received message type battle.
DEBUG:root:Starting clock with 17.489s left
DEBUG:AI:Looking for possible turns.
DEBUG:AI:Possible turn: [2, 10, 1.8752248396663471, 0.9376124198331736]
DEBUG:AI:2->10 attack and hold probabiliy 0.9376124198331736
DEBUG:root:Stopped clock, now with 17.739s left
DEBUG:AI:Sending battle message 2->10
DEBUG:AI:Received message type battle.
DEBUG:root:Starting clock with 17.739s left
DEBUG:AI:Looking for possible turns.
DEBUG:AI:Possible turn: [21, 19, 0.8604686450245547, 0.8604686450245547]
DEBUG:AI:21->19 attack and hold probabiliy 0.8604686450245547
DEBUG:root:Stopped clock, now with 17.988s left
DEBUG:AI:Sending battle message 21->19
DEBUG:AI:Received message type battle.
DEBUG:root:Starting clock with 17.988s left
DEBUG:AI:Looking for possible turns.
DEBUG:AI:No more plays.
DEBUG:root:Stopped clock, now with 18.238s left
DEBUG:AI:Sending end_turn message.
DEBUG:AI:Received message type end_turn.
DEBUG:AI:Received message type battle.
DEBUG:AI:Received message type battle.
DEBUG:AI:Received message type end_turn.
DEBUG:AI:Received message type end_turn.
DEBUG:AI:Received message type battle.
DEBUG:AI:Received message type battle.
DEBUG:AI:Received message type end_turn.
DEBUG:root:Starting clock with 18.238s left
DEBUG:AI:Looking for possible turns.
DEBUG:AI:Possible turn: [12, 17, 1.67592592, 0.83796296]
DEBUG:AI:12->17 attack and hold probabiliy 0.83796296
DEBUG:root:Stopped clock, now with 18.488s left
DEBUG:AI:Sending battle message 12->17
DEBUG:AI:Received message type battle.
DEBUG:root:Starting clock with 18.488s left
DEBUG:AI:Looking for possible turns.
DEBUG:AI:Possible turn: [10, 14, 1.1608441950614334, 0.5804220975307167]
DEBUG:AI:10->14 attack and hold probabiliy 0.5804220975307167
DEBUG:root:Stopped clock, now with 18.738s left
DEBUG:AI:Sending battle message 10->14
DEBUG:AI:Received message type battle.
DEBUG:root:Starting clock with 18.738s left
DEBUG:AI:Looking for possible turns.
DEBUG:AI:Possible turn: [26, 23, 1.0, 1.0]
DEBUG:AI:26->23 attack and hold probabiliy 1.0
DEBUG:root:Stopped clock, now with 18.987s left
DEBUG:AI:Sending battle message 26->23
DEBUG:AI:Received message type battle.
DEBUG:root:Starting clock with 18.987s left
DEBUG:AI:Looking for possible turns.
DEBUG:AI:Possible turn: [23, 29, 2.0, 1.0]
DEBUG:AI:23->29 attack and hold probabiliy 1.0
DEBUG:root:Stopped clock, now with 19.237s left
DEBUG:AI:Sending battle message 23->29
DEBUG:AI:Received message type battle.
DEBUG:root:Starting clock with 19.237s left
DEBUG:AI:Looking for possible turns.
DEBUG:AI:No more plays.
DEBUG:root:Stopped clock, now with 19.487s left
DEBUG:AI:Sending end_turn message.
DEBUG:AI:Received message type end_turn.
DEBUG:AI:Received message type battle.
DEBUG:AI:Received message type battle.
DEBUG:AI:Received message type end_turn.
DEBUG:AI:Received message type end_turn.
DEBUG:AI:Received message type battle.
DEBUG:AI:Received message type battle.
DEBUG:AI:Received message type end_turn.
DEBUG:root:Starting clock with 19.487s left
DEBUG:AI:Looking for possible turns.
DEBUG:AI:Possible turn: [19, 14, 0.937559384221975, 0.4687796921109875]
DEBUG:AI:19->14 attack and hold probabiliy 0.4687796921109875
DEBUG:root:Stopped clock, now with 19.737s left
DEBUG:AI:Sending battle message 19->14
DEBUG:AI:Received message type battle.
DEBUG:root:Starting clock with 19.737s left
DEBUG:AI:Looking for possible turns.
DEBUG:AI:No more plays.
DEBUG:root:Stopped clock, now with 19.986s left
DEBUG:AI:Sending end_turn message.
DEBUG:AI:Received message type end_turn.
DEBUG:AI:Received message type battle.
DEBUG:AI:Received message type battle.
DEBUG:AI:Received message type battle.
DEBUG:AI:Received message type end_turn.
DEBUG:AI:Received message type end_turn.
DEBUG:root:Starting clock with 19.986s left
DEBUG:AI:Looking for possible turns.
DEBUG:AI:Possible turn: [14, 19, 1.7571139211685083, 0.8785569605842541]
DEBUG:AI:14->19 attack and hold probabiliy 0.8785569605842541
DEBUG:root:Stopped clock, now with 20.236s left
DEBUG:AI:Sending battle message 14->19
DEBUG:AI:Received message type battle.
DEBUG:root:Starting clock with 20.236s left
DEBUG:AI:Looking for possible turns.
DEBUG:AI:Possible turn: [20, 22, 0.5001672318662118, 0.2500836159331059]
DEBUG:AI:20->22 attack and hold probabiliy 0.2500836159331059
DEBUG:root:Stopped clock, now with 20.486s left
DEBUG:AI:Sending battle message 20->22
DEBUG:AI:Received message type battle.
DEBUG:root:Starting clock with 20.486s left
DEBUG:AI:Looking for possible turns.
DEBUG:AI:No more plays.
DEBUG:root:Stopped clock, now with 20.735s left
DEBUG:AI:Sending end_turn message.
DEBUG:AI:Received message type end_turn.
DEBUG:AI:Received message type end_turn.
DEBUG:AI:Received message type battle.
DEBUG:AI:Received message type battle.
DEBUG:AI:Received message type battle.
DEBUG:AI:Received message type end_turn.
DEBUG:root:Starting clock with 20.735s left
DEBUG:AI:Looking for possible turns.
DEBUG:AI:Possible turn: [8, 12, 1.2560131613312568, 0.6280065806656284]
DEBUG:AI:8->12 attack and hold probabiliy 0.6280065806656284
DEBUG:root:Stopped clock, now with 20.985s left
DEBUG:AI:Sending battle message 8->12
DEBUG:AI:Received message type battle.
DEBUG:root:Starting clock with 20.985s left
DEBUG:AI:Looking for possible turns.
DEBUG:AI:Possible turn: [4, 13, 1.83315432, 0.91657716]
DEBUG:AI:4->13 attack and hold probabiliy 0.91657716
DEBUG:root:Stopped clock, now with 21.234s left
DEBUG:AI:Sending battle message 4->13
DEBUG:AI:Received message type battle.
DEBUG:root:Starting clock with 21.234s left
DEBUG:AI:Looking for possible turns.
DEBUG:AI:Possible turn: [12, 20, 1.6605725540029315, 0.8302862770014657]
DEBUG:AI:12->20 attack and hold probabiliy 0.8302862770014657
DEBUG:root:Stopped clock, now with 21.484s left
DEBUG:AI:Sending battle message 12->20
DEBUG:AI:Received message type battle.
DEBUG:root:Starting clock with 21.484s left
DEBUG:AI:Looking for possible turns.
DEBUG:AI:No more plays.
DEBUG:root:Stopped clock, now with 21.734s left
DEBUG:AI:Sending end_turn message.
DEBUG:AI:Received message type end_turn.
DEBUG:AI:Received message type end_turn.
DEBUG:AI:Received message type end_turn.
DEBUG:root:Starting clock with 21.734s left
DEBUG:AI:Looking for possible turns.
DEBUG:AI:Possible turn: [2, 5, 0.6952145455136638, 0.3476072727568319]
DEBUG:AI:2->5 attack and hold probabiliy 0.3476072727568319
DEBUG:root:Stopped clock, now with 21.983s left
DEBUG:AI:Sending battle message 2->5
DEBUG:AI:Received message type battle.
DEBUG:root:Starting clock with 21.983s left
DEBUG:AI:Looking for possible turns.
DEBUG:AI:Possible turn: [5, 9, 1.0450631472165508, 0.5225315736082754]
DEBUG:AI:5->9 attack and hold probabiliy 0.5225315736082754
DEBUG:root:Stopped clock, now with 22.233s left
DEBUG:AI:Sending battle message 5->9
DEBUG:AI:Received message type battle.
DEBUG:root:Starting clock with 22.233s left
DEBUG:AI:Looking for possible turns.
DEBUG:AI:Possible turn: [20, 22, 0.6189527261151312, 0.3094763630575656]
DEBUG:AI:20->22 attack and hold probabiliy 0.3094763630575656
DEBUG:root:Stopped clock, now with 22.483s left
DEBUG:AI:Sending battle message 20->22
DEBUG:AI:Received message type battle.
DEBUG:root:Starting clock with 22.483s left
DEBUG:AI:Looking for possible turns.
DEBUG:AI:No more plays.
DEBUG:root:Stopped clock, now with 22.732s left
DEBUG:AI:Sending end_turn message.
DEBUG:AI:Received message type end_turn.
DEBUG:AI:Received message type battle.
DEBUG:AI:Received message type battle.
DEBUG:AI:Received message type end_turn.
DEBUG:AI:Received message type end_turn.
DEBUG:root:Starting clock with 22.732s left
DEBUG:AI:Looking for possible turns.
DEBUG:AI:Possible turn: [1, 2, 1.8953284369058259, 0.9476642184529129]
DEBUG:AI:1->2 attack and hold probabiliy 0.9476642184529129
DEBUG:root:Stopped clock, now with 22.982s left
DEBUG:AI:Sending battle message 1->2
DEBUG:AI:Received message type battle.
DEBUG:root:Starting clock with 22.982s left
DEBUG:AI:Looking for possible turns.
DEBUG:AI:Possible turn: [2, 5, 1.99960268, 0.99980134]
DEBUG:AI:2->5 attack and hold probabiliy 0.99980134
DEBUG:root:Stopped clock, now with 23.232s left
DEBUG:AI:Sending battle message 2->5
DEBUG:AI:Received message type battle.
DEBUG:root:Starting clock with 23.232s left
DEBUG:AI:Looking for possible turns.
DEBUG:AI:Possible turn: [9, 6, 0.977565104333808, 0.488782552166904]
DEBUG:AI:9->6 attack and hold probabiliy 0.488782552166904
DEBUG:root:Stopped clock, now with 23.481s left
DEBUG:AI:Sending battle message 9->6
DEBUG:AI:Received message type battle.
DEBUG:root:Starting clock with 23.481s left
DEBUG:AI:Looking for possible turns.
DEBUG:AI:Possible turn: [22, 25, 0.3076640418595656, 0.1538320209297828]
DEBUG:AI:22->25 attack and hold probabiliy 0.1538320209297828
DEBUG:root:Stopped clock, now with 23.731s left
DEBUG:AI:Sending battle message 22->25
DEBUG:AI:Received message type battle.
DEBUG:root:Starting clock with 23.731s left
DEBUG:AI:Looking for possible turns.
DEBUG:AI:Possible turn: [21, 18, 0.29983406891025005, 0.14991703445512503]
DEBUG:AI:21->18 attack and hold probabiliy 0.14991703445512503
DEBUG:root:Stopped clock, now with 23.981s left
DEBUG:AI:Sending battle message 21->18
DEBUG:AI:Received message type battle.
DEBUG:root:Starting clock with 23.981s left
DEBUG:AI:Looking for possible turns.
DEBUG:AI:Possible turn: [14, 15, 0.4782380608711681, 0.23911903043558405]
DEBUG:AI:14->15 attack and hold probabiliy 0.23911903043558405
DEBUG:root:Stopped clock, now with 24.231s left
DEBUG:AI:Sending battle message 14->15
DEBUG:AI:Received message type battle.
DEBUG:root:Starting clock with 24.231s left
DEBUG:AI:Looking for possible turns.
DEBUG:AI:No more plays.
DEBUG:root:Stopped clock, now with 24.480s left
DEBUG:AI:Sending end_turn message.
DEBUG:AI:Received message type end_turn.
DEBUG:AI:Received message type battle.
DEBUG:AI:Received message type battle.
DEBUG:AI:Received message type battle.
DEBUG:AI:Received message type end_turn.
DEBUG:AI:Received message type battle.
DEBUG:AI:Received message type battle.
DEBUG:AI:Received message type end_turn.
DEBUG:root:Starting clock with 24.480s left
DEBUG:AI:Looking for possible turns.
DEBUG:AI:Possible turn: [5, 9, 1.6876278943049419, 0.8438139471524709]
DEBUG:AI:5->9 attack and hold probabiliy 0.8438139471524709
DEBUG:root:Stopped clock, now with 24.730s left
DEBUG:AI:Sending battle message 5->9
DEBUG:AI:Received message type battle.
DEBUG:root:Starting clock with 24.730s left
DEBUG:AI:Looking for possible turns.
DEBUG:AI:Possible turn: [19, 14, 1.9999669, 0.99998345]
DEBUG:AI:19->14 attack and hold probabiliy 0.99998345
DEBUG:root:Stopped clock, now with 24.979s left
DEBUG:AI:Sending battle message 19->14
DEBUG:AI:Received message type battle.
DEBUG:root:Starting clock with 24.979s left
DEBUG:AI:Looking for possible turns.
DEBUG:AI:Possible turn: [20, 22, 1.07078002783368, 0.53539001391684]
DEBUG:AI:20->22 attack and hold probabiliy 0.53539001391684
DEBUG:root:Stopped clock, now with 25.229s left
DEBUG:AI:Sending battle message 20->22
DEBUG:AI:Received message type battle.
DEBUG:root:Starting clock with 25.229s left
DEBUG:AI:Looking for possible turns.
DEBUG:AI:Possible turn: [6, 11, 0.942114612225413, 0.4710573061127065]
DEBUG:AI:6->11 attack and hold probabiliy 0.4710573061127065
DEBUG:root:Stopped clock, now with 25.479s left
DEBUG:AI:Sending battle message 6->11
DEBUG:AI:Received message type battle.
DEBUG:root:Starting clock with 25.479s left
DEBUG:AI:Looking for possible turns.
DEBUG:AI:Possible turn: [18, 16, 0.6530779113816839, 0.32653895569084196]
DEBUG:AI:18->16 attack and hold probabiliy 0.32653895569084196
DEBUG:root:Stopped clock, now with 25.728s left
DEBUG:AI:Sending battle message 18->16
DEBUG:AI:Received message type battle.
DEBUG:root:Starting clock with 25.728s left
DEBUG:AI:Looking for possible turns.
DEBUG:AI:No more plays.
DEBUG:root:Stopped clock, now with 25.978s left
DEBUG:AI:Sending end_turn message.
DEBUG:AI:Received message type end_turn.
DEBUG:AI:Received message type battle.
DEBUG:AI:Received message type battle.
DEBUG:AI:Received message type battle.
DEBUG:AI:Received message type end_turn.
DEBUG:AI:Received message type end_turn.
DEBUG:root:Starting clock with 25.978s left
DEBUG:AI:Looking for possible turns.
DEBUG:AI:Possible turn: [16, 11, 1.9979965720847768, 0.9989982860423884]
DEBUG:AI:16->11 attack and hold probabiliy 0.9989982860423884
DEBUG:root:Stopped clock, now with 26.228s left
DEBUG:AI:Sending battle message 16->11
DEBUG:AI:Received message type battle.
DEBUG:root:Starting clock with 26.228s left
DEBUG:AI:Looking for possible turns.
DEBUG:AI:Possible turn: [9, 15, 1.9999669, 0.99998345]
DEBUG:AI:9->15 attack and hold probabiliy 0.99998345
DEBUG:root:Stopped clock, now with 26.477s left
DEBUG:AI:Sending battle message 9->15
DEBUG:AI:Received message type battle.
DEBUG:root:Starting clock with 26.477s left
DEBUG:AI:Looking for possible turns.
DEBUG:AI:Possible turn: [11, 6, 1.9702428, 0.9851214]
DEBUG:AI:11->6 attack and hold probabiliy 0.9851214
DEBUG:root:Stopped clock, now with 26.727s left
DEBUG:AI:Sending battle message 11->6
DEBUG:AI:Received message type battle.
DEBUG:root:Starting clock with 26.727s left
DEBUG:AI:Looking for possible turns.
DEBUG:AI:Possible turn: [1, 2, 1.699091129419056, 0.849545564709528]
DEBUG:AI:1->2 attack and hold probabiliy 0.849545564709528
DEBUG:root:Stopped clock, now with 26.977s left
DEBUG:AI:Sending battle message 1->2
DEBUG:AI:Received message type battle.
DEBUG:root:Starting clock with 26.977s left
DEBUG:AI:Looking for possible turns.
DEBUG:AI:Possible turn: [2, 5, 1.95059962, 0.97529981]
DEBUG:AI:2->5 attack and hold probabiliy 0.97529981
DEBUG:root:Stopped clock, now with 27.227s left
DEBUG:AI:Sending battle message 2->5
DEBUG:AI:Received message type battle.
DEBUG:root:Starting clock with 27.227s left
DEBUG:AI:Looking for possible turns.
DEBUG:AI:No more plays.
DEBUG:root:Stopped clock, now with 27.476s left
DEBUG:AI:Sending end_turn message.
DEBUG:AI:Received message type end_turn.
DEBUG:AI:Received message type end_turn.
DEBUG:root:Starting clock with 27.476s left
DEBUG:AI:Looking for possible turns.
DEBUG:AI:Possible turn: [22, 25, 0.3076640418595656, 0.1538320209297828]
DEBUG:AI:22->25 attack and hold probabiliy 0.1538320209297828
DEBUG:root:Stopped clock, now with 27.726s left
DEBUG:AI:Sending battle message 22->25
DEBUG:AI:Received message type battle.
DEBUG:root:Starting clock with 27.726s left
DEBUG:AI:Looking for possible turns.
DEBUG:AI:No more plays.
DEBUG:root:Stopped clock, now with 27.976s left
DEBUG:AI:Sending end_turn message.
DEBUG:AI:Received message type end_turn.
DEBUG:AI:Received message type battle.
DEBUG:AI:Received message type battle.
DEBUG:AI:Received message type end_turn.
DEBUG:root:Starting clock with 27.976s left
DEBUG:AI:Looking for possible turns.
DEBUG:AI:Possible turn: [12, 20, 0.9394585744242293, 0.46972928721211465]
DEBUG:AI:12->20 attack and hold probabiliy 0.46972928721211465
DEBUG:root:Stopped clock, now with 28.226s left
DEBUG:AI:Sending battle message 12->20
DEBUG:AI:Received message type battle.
DEBUG:root:Starting clock with 28.226s left
DEBUG:AI:Looking for possible turns.
DEBUG:AI:Possible turn: [20, 22, 1.9878023984008, 0.9939011992004]
DEBUG:AI:20->22 attack and hold probabiliy 0.9939011992004
DEBUG:root:Stopped clock, now with 28.475s left
DEBUG:AI:Sending battle message 20->22
DEBUG:AI:Received message type battle.
DEBUG:root:Starting clock with 28.475s left
DEBUG:AI:Looking for possible turns.
DEBUG:AI:No more plays.
DEBUG:root:Stopped clock, now with 28.725s left
DEBUG:AI:Sending end_turn message.
DEBUG:AI:Received message type end_turn.
DEBUG:AI:Received message type end_turn.
DEBUG:root:Starting clock with 28.725s left
DEBUG:AI:Looking for possible turns.
DEBUG:AI:Possible turn: [22, 25, 0.6462535195800287, 0.3231267597900144]
DEBUG:AI:22->25 attack and hold probabiliy 0.3231267597900144
DEBUG:root:Stopped clock, now with 28.975s left
DEBUG:AI:Sending battle message 22->25
DEBUG:AI:Received message type battle.
DEBUG:root:Starting clock with 28.975s left
DEBUG:AI:Looking for possible turns.
DEBUG:AI:No more plays.
DEBUG:root:Stopped clock, now with 29.224s left
DEBUG:AI:Sending end_turn message.
DEBUG:AI:Received message type end_turn.
DEBUG:AI:Received message type end_turn.
DEBUG:root:Starting clock with 29.224s left
DEBUG:AI:Looking for possible turns.
DEBUG:AI:Possible turn: [25, 27, 0.94218146, 0.47109073]
DEBUG:AI:25->27 attack and hold probabiliy 0.47109073
DEBUG:root:Stopped clock, now with 29.474s left
DEBUG:AI:Sending battle message 25->27
DEBUG:AI:Received message type battle.
DEBUG:root:Starting clock with 29.474s left
DEBUG:AI:Looking for possible turns.
DEBUG:AI:No more plays.
DEBUG:root:Stopped clock, now with 29.724s left
DEBUG:AI:Sending end_turn message.
DEBUG:AI:Received message type end_turn.
DEBUG:AI:Received message type end_turn.
DEBUG:root:Starting clock with 29.724s left
DEBUG:AI:Looking for possible turns.
DEBUG:AI:Possible turn: [25, 27, 0.94218146, 0.47109073]
DEBUG:AI:25->27 attack and hold probabiliy 0.47109073
DEBUG:root:Stopped clock, now with 29.973s left
DEBUG:AI:Sending battle message 25->27
DEBUG:AI:Received message type battle.
DEBUG:root:Starting clock with 29.973s left
DEBUG:AI:Looking for possible turns.
DEBUG:AI:No more plays.
DEBUG:root:Stopped clock, now with 30.223s left
DEBUG:AI:Sending end_turn message.
DEBUG:AI:Received message type end_turn.
DEBUG:AI:Received message type end_turn.
DEBUG:root:Starting clock with 30.223s left
DEBUG:AI:Looking for possible turns.
DEBUG:AI:Possible turn: [25, 27, 0.94218146, 0.47109073]
DEBUG:AI:25->27 attack and hold probabiliy 0.47109073
DEBUG:root:Stopped clock, now with 30.473s left
DEBUG:AI:Sending battle message 25->27
DEBUG:AI:Received message type battle.
DEBUG:root:Starting clock with 30.473s left
DEBUG:AI:Looking for possible turns.
DEBUG:AI:No more plays.
DEBUG:root:Stopped clock, now with 30.723s left
DEBUG:AI:Sending end_turn message.
DEBUG:AI:Received message type game_end.
INFO:AI:Player 2 has won
