DEBUG:CLIENT:Started socket daemon.
DEBUG:CLIENT:Received message: {'areas': {'1': {'adjacent_areas': [11, 5, 2, 10], 'owner': 3, 'dice': 3}, '2': {'adjacent_areas': [1, 3], 'owner': 2, 'dice': 3}, '3': {'adjacent_areas': [2, 6, 10, 8, 4], 'owner': 1, 'dice': 3}, '4': {'adjacent_areas': [8, 3, 10, 7], 'owner': 2, 'dice': 3}, '5': {'adjacent_areas': [11, 21, 1], 'owner': 3, 'dice': 3}, '6': {'adjacent_areas': [3, 8], 'owner': 1, 'dice': 3}, '7': {'adjacent_areas': [4, 12, 9, 10], 'owner': 4, 'dice': 3}, '8': {'adjacent_areas': [4, 6, 3, 13], 'owner': 4, 'dice': 3}, '9': {'adjacent_areas': [12, 7, 15, 14, 27], 'owner': 3, 'dice': 3}, '10': {'adjacent_areas': [1, 11, 7, 4, 3], 'owner': 2, 'dice': 3}, '11': {'adjacent_areas': [1, 19, 5, 12, 10], 'owner': 1, 'dice': 3}, '12': {'adjacent_areas': [11, 9, 7, 19], 'owner': 3, 'dice': 3}, '13': {'adjacent_areas': [15, 8, 26], 'owner': 3, 'dice': 3}, '14': {'adjacent_areas': [25, 9, 16, 27], 'owner': 1, 'dice': 3}, '15': {'adjacent_areas': [9, 13, 26], 'owner': 4, 'dice': 3}, '16': {'adjacent_areas': [17, 14, 27, 18], 'owner': 1, 'dice': 3}, '17': {'adjacent_areas': [16, 23, 20], 'owner': 4, 'dice': 3}, '18': {'adjacent_areas': [25, 16, 29], 'owner': 2, 'dice': 3}, '19': {'adjacent_areas': [12, 25, 22, 11], 'owner': 2, 'dice': 3}, '20': {'adjacent_areas': [27, 17], 'owner': 1, 'dice': 3}, '21': {'adjacent_areas': [24, 5, 22], 'owner': 1, 'dice': 3}, '22': {'adjacent_areas': [19, 21], 'owner': 3, 'dice': 3}, '23': {'adjacent_areas': [28, 17], 'owner': 4, 'dice': 3}, '24': {'adjacent_areas': [21], 'owner': 2, 'dice': 3}, '25': {'adjacent_areas': [19, 18, 29, 14], 'owner': 4, 'dice': 3}, '26': {'adjacent_areas': [15, 13], 'owner': 2, 'dice': 3}, '27': {'adjacent_areas': [14, 9, 20, 16], 'owner': 4, 'dice': 3}, '28': {'adjacent_areas': [23], 'owner': 3, 'dice': 3}, '29': {'adjacent_areas': [25, 18], 'owner': 1, 'dice': 3}}, 'score': {'1': 2, '2': 2, '3': 2, '4': 2}, 'type': 'game_start', 'player': 4, 'no_players': 4, 'current_player': 1, 'board': {'1': {'hexes': [[2, 10], [3, 9], [3, 11], [0, 10], [1, 11], [4, 10], [1, 9], [-1, 11], [5, 11], [6, 10], [7, 9], [0, 12], [5, 9]], 'neighbours': [11, 5, 2, 10]}, '2': {'hexes': [[8, 12], [7, 13], [6, 12], [7, 11], [9, 11], [10, 12], [9, 13], [5, 13], [11, 13], [13, 13], [12, 12], [14, 12], [11, 11], [15, 13]], 'neighbours': [1, 3]}, '3': {'hexes': [[18, 12], [19, 13], [16, 12], [17, 13], [20, 12], [19, 11], [17, 11], [21, 11], [15, 11], [21, 13], [22, 10], [22, 12], [21, 9], [20, 10]], 'neighbours': [2, 6, 10, 8, 4]}, '4': {'hexes': [[19, 7], [20, 6], [21, 7], [17, 7], [18, 6], [20, 8], [18, 8], [15, 7], [16, 8], [16, 6], [21, 5], [22, 6]], 'neighbours': [8, 3, 10, 7]}, '5': {'hexes': [[-5, 11], [-4, 10], [-6, 12], [-4, 12], [-7, 11], [-3, 11], [-6, 10], [-5, 13], [-2, 10], [-8, 12], [-2, 12], [-7, 13], [-3, 13], [-1, 13], [-5, 9], [-8, 10], [-7, 9], [1, 13]], 'neighbours': [11, 21, 1]}, '6': {'hexes': [[25, 11], [24, 12], [26, 12], [24, 10], [27, 11], [23, 11], [26, 10], [23, 13], [25, 13], [28, 10], [29, 9], [27, 13], [25, 9], [27, 9]], 'neighbours': [3, 8]}, '7': {'hexes': [[14, 4], [15, 5], [13, 5], [13, 3], [12, 4], [16, 4], [15, 3], [14, 6], [12, 2], [10, 4], [12, 6], [11, 5]], 'neighbours': [4, 12, 9, 10]}, '8': {'hexes': [[26, 6], [24, 6], [27, 7], [28, 6], [25, 5], [27, 5], [25, 7], [24, 8], [23, 7], [22, 8], [23, 9], [28, 4], [26, 8], [29, 7], [27, 3], [26, 2], [28, 8]], 'neighbours': [4, 6, 3, 13]}, '9': {'hexes': [[9, 1], [8, 0], [8, 2], [11, 1], [10, 0], [7, 1], [10, 2], [13, 1], [9, -1], [10, -2], [8, -2], [12, 0], [11, -1], [7, -3], [14, 2], [13, -1], [16, 2]], 'neighbours': [12, 7, 15, 14, 27]}, '10': {'hexes': [[10, 8], [9, 7], [9, 9], [8, 8], [11, 7], [12, 8], [11, 9], [13, 7], [13, 9], [14, 8], [15, 9], [10, 6], [14, 10], [8, 6]], 'neighbours': [1, 11, 7, 4, 3]}, '11': {'hexes': [[1, 7], [0, 6], [2, 8], [3, 7], [0, 8], [2, 6], [-1, 7], [-3, 7], [4, 8], [-2, 8], [-1, 9], [4, 6], [-2, 6], [5, 7], [-3, 9], [1, 5], [3, 5], [6, 8]], 'neighbours': [1, 19, 5, 12, 10]}, '12': {'hexes': [[5, 3], [3, 3], [4, 2], [4, 4], [6, 2], [7, 3], [6, 4], [9, 3], [2, 2], [3, 1], [2, 4], [5, 1], [0, 4], [8, 4], [1, 3], [11, 3], [5, 5]], 'neighbours': [11, 9, 7, 19]}, '13': {'hexes': [[24, 0], [22, 0], [23, -1], [25, 1], [23, 1], [25, -1], [26, 0], [21, 1], [28, 0], [27, 1], [27, -1], [21, -1], [22, -2], [26, -2], [29, -1], [24, -2]], 'neighbours': [15, 8, 26]}, '14': {'hexes': [[3, -3], [1, -3], [4, -2], [5, -3], [2, -4], [4, -4], [2, -2], [6, -4], [5, -5], [1, -1], [3, -5], [3, -1]], 'neighbours': [25, 9, 16, 27]}, '15': {'hexes': [[17, -1], [16, 0], [15, -1], [18, 0], [19, -1], [18, -2], [16, -2], [20, -2], [21, -3], [17, -3], [15, -3], [19, 1], [19, -3], [14, 0], [14, -2], [17, 1], [20, 0], [15, 1]], 'neighbours': [9, 13, 26]}, '16': {'hexes': [[0, -6], [1, -7], [-1, -7], [1, -5], [-1, -5], [2, -6], [-2, -6], [-3, -5], [-4, -6], [-3, -7], [3, -7], [-2, -4], [-4, -8], [-6, -6]], 'neighbours': [17, 14, 27, 18]}, '17': {'hexes': [[-2, -10], [-1, -9], [-1, -11], [-4, -10], [0, -10], [-3, -9], [-3, -11], [1, -11], [-2, -8], [-5, -9], [0, -12], [1, -9], [-6, -10], [-5, -11], [2, -10], [0, -8], [4, -10], [-2, -12]], 'neighbours': [16, 23, 20]}, '18': {'hexes': [[-9, -5], [-8, -4], [-8, -6], [-11, -5], [-10, -6], [-10, -4], [-7, -5], [-11, -7], [-13, -7], [-7, -3], [-6, -2], [-12, -8], [-9, -7], [-12, -6], [-12, -4]], 'neighbours': [25, 16, 29]}, '19': {'hexes': [[-3, 3], [-2, 4], [-2, 2], [-4, 4], [-5, 3], [-1, 3], [-4, 2], [-3, 5], [-6, 2], [-5, 5], [-4, 6], [-7, 3]], 'neighbours': [12, 25, 22, 11]}, '20': {'hexes': [[7, -11], [9, -11], [6, -12], [8, -12], [6, -10], [8, -10], [5, -11], [7, -13], [10, -12], [11, -11], [10, -10], [4, -12]], 'neighbours': [27, 17]}, '21': {'hexes': [[-12, 10], [-13, 11], [-11, 9], [-11, 11], [-14, 10], [-10, 10], [-13, 9], [-9, 9], [-10, 8], [-9, 11], [-10, 12], [-8, 8], [-12, 8], [-9, 7], [-6, 8], [-14, 8]], 'neighbours': [24, 5, 22]}, '22': {'hexes': [[-10, 4], [-12, 4], [-11, 3], [-9, 5], [-9, 3], [-8, 4], [-11, 5], [-14, 4], [-7, 5], [-6, 4], [-8, 6], [-10, 6], [-13, 5], [-12, 6]], 'neighbours': [19, 21]}, '23': {'hexes': [[-7, -13], [-5, -13], [-8, -12], [-6, -12], [-8, -14], [-6, -14], [-9, -13], [-4, -14], [-3, -13], [-9, -11], [-8, -10], [-10, -14], [-2, -14], [-7, -11]], 'neighbours': [28, 17]}, '24': {'hexes': [[-17, 9], [-18, 10], [-16, 8], [-18, 8], [-16, 10], [-15, 9], [-19, 9], [-19, 11], [-15, 11], [-17, 11], [-18, 12], [-16, 12], [-15, 7], [-20, 10], [-17, 7]], 'neighbours': [21]}, '25': {'hexes': [[-4, 0], [-5, 1], [-3, -1], [-3, 1], [-6, 0], [-5, -1], [-2, 0], [-7, -1], [-8, -2], [-1, -1], [0, -2], [-9, -3], [-8, 0]], 'neighbours': [19, 18, 29, 14]}, '26': {'hexes': [[23, -5], [21, -5], [24, -4], [22, -6], [25, -5], [24, -6], [22, -4], [20, -4], [25, -3], [25, -7], [26, -6], [26, -4], [23, -7], [19, -5], [20, -6], [27, -5]], 'neighbours': [15, 13]}, '27': {'hexes': [[8, -6], [9, -5], [9, -7], [10, -6], [6, -6], [7, -5], [7, -7], [8, -8], [6, -8], [8, -4], [11, -5], [7, -9], [9, -9], [13, -5], [5, -7], [4, -8], [12, -4], [10, -4]], 'neighbours': [14, 9, 20, 16]}, '28': {'hexes': [[-13, -11], [-15, -11], [-14, -10], [-11, -11], [-12, -12], [-14, -12], [-12, -10], [-16, -10], [-10, -12], [-17, -11], [-13, -13], [-16, -12]], 'neighbours': [23]}, '29': {'hexes': [[-12, -2], [-13, -1], [-11, -1], [-10, -2], [-11, -3], [-13, -3], [-14, -2], [-10, 0], [-15, -3], [-15, -1], [-14, -4], [-16, -2], [-17, -1], [-14, 0], [-16, 0], [-18, -2], [-12, 0]], 'neighbours': [25, 18]}}, 'order': [1, 2, 3, 4]}

INFO:CLIENT:This is player name 4, the players order is [1, 2, 3, 4]
DEBUG:root:Starting clock with 10.000s left
DEBUG:root:Stopped clock, now with 10.000s left
DEBUG:AI:Received message type game_state.
DEBUG:AI:Received message type battle.
DEBUG:AI:Received message type battle.
DEBUG:AI:Received message type battle.
DEBUG:AI:Received message type battle.
DEBUG:AI:Received message type battle.
DEBUG:AI:Received message type battle.
DEBUG:AI:Received message type end_turn.
DEBUG:AI:Received message type battle.
DEBUG:AI:Received message type battle.
DEBUG:AI:Received message type battle.
DEBUG:AI:Received message type battle.
DEBUG:AI:Received message type battle.
DEBUG:AI:Received message type battle.
DEBUG:AI:Received message type battle.
DEBUG:AI:Received message type battle.
DEBUG:AI:Received message type battle.
DEBUG:AI:Received message type battle.
DEBUG:AI:Received message type end_turn.
DEBUG:AI:Received message type battle.
DEBUG:AI:Received message type battle.
DEBUG:AI:Received message type battle.
DEBUG:AI:Received message type battle.
DEBUG:AI:Received message type battle.
DEBUG:AI:Received message type battle.
DEBUG:AI:Received message type battle.
DEBUG:AI:Received message type battle.
DEBUG:AI:Received message type battle.
DEBUG:AI:Received message type battle.
DEBUG:AI:Received message type end_turn.
DEBUG:root:Starting clock with 10.000s left
DEBUG:root:Stopped clock, now with 10.250s left
DEBUG:AI:Sending battle message 27->14
DEBUG:AI:Received message type battle.
DEBUG:root:Starting clock with 10.250s left
DEBUG:root:Stopped clock, now with 10.500s left
DEBUG:AI:Sending battle message 14->16
DEBUG:AI:Received message type battle.
DEBUG:root:Starting clock with 10.500s left
DEBUG:AI:I'm too well behaved. Let others play now.
DEBUG:root:Stopped clock, now with 10.750s left
DEBUG:AI:Sending end_turn message.
DEBUG:AI:Received message type end_turn.
DEBUG:AI:Received message type battle.
DEBUG:AI:Received message type battle.
DEBUG:AI:Received message type end_turn.
DEBUG:AI:Received message type battle.
DEBUG:AI:Received message type battle.
DEBUG:AI:Received message type battle.
DEBUG:AI:Received message type end_turn.
DEBUG:AI:Received message type battle.
DEBUG:AI:Received message type battle.
DEBUG:AI:Received message type battle.
DEBUG:AI:Received message type battle.
DEBUG:AI:Received message type battle.
DEBUG:AI:Received message type end_turn.
DEBUG:root:Starting clock with 10.750s left
DEBUG:root:Stopped clock, now with 11.000s left
DEBUG:AI:Sending battle message 15->9
DEBUG:AI:Received message type battle.
DEBUG:root:Starting clock with 11.000s left
DEBUG:root:Stopped clock, now with 11.250s left
DEBUG:AI:Sending battle message 17->20
DEBUG:AI:Received message type battle.
DEBUG:root:Starting clock with 11.250s left
DEBUG:AI:I'm too well behaved. Let others play now.
DEBUG:root:Stopped clock, now with 11.500s left
DEBUG:AI:Sending end_turn message.
DEBUG:AI:Received message type end_turn.
DEBUG:AI:Received message type battle.
DEBUG:AI:Received message type end_turn.
DEBUG:AI:Received message type battle.
DEBUG:AI:Received message type battle.
DEBUG:AI:Received message type battle.
DEBUG:AI:Received message type end_turn.
DEBUG:AI:Received message type battle.
DEBUG:AI:Received message type battle.
DEBUG:AI:Received message type battle.
DEBUG:AI:Received message type battle.
DEBUG:AI:Received message type battle.
DEBUG:AI:Received message type battle.
DEBUG:AI:Received message type battle.
DEBUG:AI:Received message type end_turn.
DEBUG:root:Starting clock with 11.500s left
DEBUG:root:Stopped clock, now with 11.750s left
DEBUG:AI:Sending battle message 16->17
DEBUG:AI:Received message type battle.
DEBUG:root:Starting clock with 11.750s left
DEBUG:root:Stopped clock, now with 12.000s left
DEBUG:AI:Sending battle message 9->7
DEBUG:AI:Received message type battle.
DEBUG:root:Starting clock with 12.000s left
DEBUG:AI:I'm too well behaved. Let others play now.
DEBUG:root:Stopped clock, now with 12.250s left
DEBUG:AI:Sending end_turn message.
DEBUG:AI:Received message type end_turn.
DEBUG:AI:Received message type end_turn.
DEBUG:AI:Received message type battle.
DEBUG:AI:Received message type battle.
DEBUG:AI:Received message type end_turn.
DEBUG:AI:Received message type battle.
DEBUG:AI:Received message type battle.
DEBUG:AI:Received message type battle.
DEBUG:AI:Received message type battle.
DEBUG:AI:Received message type end_turn.
DEBUG:root:Starting clock with 12.250s left
DEBUG:root:Stopped clock, now with 12.500s left
DEBUG:AI:Sending battle message 7->9
DEBUG:AI:Received message type battle.
DEBUG:root:Starting clock with 12.500s left
DEBUG:root:Stopped clock, now with 12.750s left
DEBUG:AI:Sending battle message 25->18
DEBUG:AI:Received message type battle.
DEBUG:root:Starting clock with 12.750s left
DEBUG:AI:I'm too well behaved. Let others play now.
DEBUG:root:Stopped clock, now with 12.999s left
DEBUG:AI:Sending end_turn message.
DEBUG:AI:Received message type end_turn.
DEBUG:AI:Received message type end_turn.
DEBUG:AI:Received message type end_turn.
DEBUG:AI:Received message type battle.
DEBUG:AI:Received message type battle.
DEBUG:AI:Received message type battle.
DEBUG:AI:Received message type battle.
DEBUG:AI:Received message type end_turn.
DEBUG:root:Starting clock with 12.999s left
DEBUG:root:Stopped clock, now with 13.249s left
DEBUG:AI:Sending battle message 9->12
DEBUG:AI:Received message type battle.
DEBUG:root:Starting clock with 13.249s left
DEBUG:root:Stopped clock, now with 13.499s left
DEBUG:AI:Sending battle message 18->29
DEBUG:AI:Received message type battle.
DEBUG:root:Starting clock with 13.499s left
DEBUG:AI:I'm too well behaved. Let others play now.
DEBUG:root:Stopped clock, now with 13.749s left
DEBUG:AI:Sending end_turn message.
DEBUG:AI:Received message type end_turn.
DEBUG:AI:Received message type end_turn.
DEBUG:AI:Received message type battle.
DEBUG:AI:Received message type battle.
DEBUG:AI:Received message type battle.
DEBUG:AI:Received message type end_turn.
DEBUG:root:Starting clock with 13.749s left
DEBUG:root:Stopped clock, now with 13.999s left
DEBUG:AI:Sending battle message 7->10
DEBUG:AI:Received message type battle.
DEBUG:root:Starting clock with 13.999s left
DEBUG:root:Stopped clock, now with 14.249s left
DEBUG:AI:Sending battle message 17->23
DEBUG:AI:Received message type battle.
DEBUG:root:Starting clock with 14.249s left
DEBUG:AI:I'm too well behaved. Let others play now.
DEBUG:root:Stopped clock, now with 14.499s left
DEBUG:AI:Sending end_turn message.
DEBUG:AI:Received message type end_turn.
DEBUG:AI:Received message type end_turn.
DEBUG:AI:Received message type battle.
DEBUG:AI:Received message type battle.
DEBUG:AI:Received message type end_turn.
DEBUG:root:Starting clock with 14.499s left
DEBUG:root:Stopped clock, now with 14.749s left
DEBUG:AI:Sending battle message 18->25
DEBUG:AI:Received message type battle.
DEBUG:root:Starting clock with 14.749s left
DEBUG:root:Stopped clock, now with 14.999s left
DEBUG:AI:Sending battle message 9->7
DEBUG:AI:Received message type battle.
DEBUG:root:Starting clock with 14.999s left
DEBUG:AI:I'm too well behaved. Let others play now.
DEBUG:root:Stopped clock, now with 15.249s left
DEBUG:AI:Sending end_turn message.
DEBUG:AI:Received message type end_turn.
DEBUG:AI:Received message type end_turn.
DEBUG:AI:Received message type battle.
DEBUG:AI:Received message type battle.
DEBUG:AI:Received message type battle.
DEBUG:AI:Received message type end_turn.
DEBUG:root:Starting clock with 15.249s left
DEBUG:root:Stopped clock, now with 15.499s left
DEBUG:AI:Sending battle message 7->4
DEBUG:AI:Received message type battle.
DEBUG:root:Starting clock with 15.499s left
DEBUG:root:Stopped clock, now with 15.749s left
DEBUG:AI:Sending battle message 4->3
DEBUG:AI:Received message type battle.
DEBUG:root:Starting clock with 15.749s left
DEBUG:AI:I'm too well behaved. Let others play now.
DEBUG:root:Stopped clock, now with 15.999s left
DEBUG:AI:Sending end_turn message.
DEBUG:AI:Received message type end_turn.
DEBUG:AI:Received message type battle.
DEBUG:AI:Received message type end_turn.
DEBUG:AI:Received message type battle.
DEBUG:AI:Received message type battle.
DEBUG:AI:Received message type battle.
DEBUG:AI:Received message type end_turn.
DEBUG:root:Starting clock with 15.999s left
DEBUG:root:Stopped clock, now with 16.249s left
DEBUG:AI:Sending battle message 12->19
DEBUG:AI:Received message type battle.
DEBUG:root:Starting clock with 16.249s left
DEBUG:root:Stopped clock, now with 16.499s left
DEBUG:AI:Sending battle message 17->23
DEBUG:AI:Received message type battle.
DEBUG:root:Starting clock with 16.499s left
DEBUG:AI:I'm too well behaved. Let others play now.
DEBUG:root:Stopped clock, now with 16.749s left
DEBUG:AI:Sending end_turn message.
DEBUG:AI:Received message type end_turn.
DEBUG:AI:Received message type end_turn.
DEBUG:AI:Received message type battle.
DEBUG:AI:Received message type battle.
DEBUG:AI:Received message type end_turn.
DEBUG:root:Starting clock with 16.749s left
DEBUG:root:Stopped clock, now with 16.999s left
DEBUG:AI:Sending battle message 19->11
DEBUG:AI:Received message type battle.
DEBUG:root:Starting clock with 16.999s left
DEBUG:root:Stopped clock, now with 17.249s left
DEBUG:AI:Sending battle message 14->9
DEBUG:AI:Received message type battle.
DEBUG:root:Starting clock with 17.249s left
DEBUG:AI:I'm too well behaved. Let others play now.
DEBUG:root:Stopped clock, now with 17.499s left
DEBUG:AI:Sending end_turn message.
DEBUG:AI:Received message type end_turn.
DEBUG:AI:Received message type battle.
DEBUG:AI:Received message type battle.
DEBUG:AI:Received message type battle.
DEBUG:AI:Received message type battle.
DEBUG:AI:Received message type end_turn.
DEBUG:AI:Received message type battle.
DEBUG:AI:Received message type battle.
DEBUG:AI:Received message type battle.
DEBUG:AI:Received message type battle.
DEBUG:AI:Received message type battle.
DEBUG:AI:Received message type battle.
DEBUG:AI:Received message type battle.
DEBUG:AI:Received message type battle.
DEBUG:AI:Received message type end_turn.
DEBUG:root:Starting clock with 17.499s left
DEBUG:root:Stopped clock, now with 17.749s left
DEBUG:AI:Sending battle message 9->12
DEBUG:AI:Received message type battle.
DEBUG:root:Starting clock with 17.749s left
DEBUG:root:Stopped clock, now with 17.999s left
DEBUG:AI:Sending battle message 11->10
DEBUG:AI:Received message type battle.
DEBUG:root:Starting clock with 17.999s left
DEBUG:AI:I'm too well behaved. Let others play now.
DEBUG:root:Stopped clock, now with 18.248s left
DEBUG:AI:Sending end_turn message.
DEBUG:AI:Received message type end_turn.
DEBUG:AI:Received message type battle.
DEBUG:AI:Received message type end_turn.
DEBUG:AI:Received message type battle.
DEBUG:AI:Received message type battle.
DEBUG:AI:Received message type battle.
DEBUG:AI:Received message type end_turn.
DEBUG:root:Starting clock with 18.248s left
DEBUG:root:Stopped clock, now with 18.498s left
DEBUG:AI:Sending battle message 17->23
DEBUG:AI:Received message type battle.
DEBUG:root:Starting clock with 18.498s left
DEBUG:root:Stopped clock, now with 18.748s left
DEBUG:AI:Sending battle message 14->9
DEBUG:AI:Received message type battle.
DEBUG:root:Starting clock with 18.748s left
DEBUG:AI:I'm too well behaved. Let others play now.
DEBUG:root:Stopped clock, now with 18.998s left
DEBUG:AI:Sending end_turn message.
DEBUG:AI:Received message type end_turn.
DEBUG:AI:Received message type end_turn.
DEBUG:AI:Received message type battle.
DEBUG:AI:Received message type end_turn.
DEBUG:root:Starting clock with 18.998s left
DEBUG:root:Stopped clock, now with 19.248s left
DEBUG:AI:Sending battle message 23->28
DEBUG:AI:Received message type battle.
DEBUG:root:Starting clock with 19.248s left
DEBUG:root:Stopped clock, now with 19.498s left
DEBUG:AI:Sending battle message 11->5
DEBUG:AI:Received message type battle.
DEBUG:root:Starting clock with 19.498s left
DEBUG:AI:I'm too well behaved. Let others play now.
DEBUG:root:Stopped clock, now with 19.748s left
DEBUG:AI:Sending end_turn message.
DEBUG:AI:Received message type end_turn.
DEBUG:AI:Received message type end_turn.
DEBUG:AI:Received message type battle.
DEBUG:AI:Received message type end_turn.
DEBUG:root:Starting clock with 19.748s left
DEBUG:root:Stopped clock, now with 19.998s left
DEBUG:AI:Sending battle message 10->4
DEBUG:AI:Received message type battle.
DEBUG:root:Starting clock with 19.998s left
DEBUG:root:Stopped clock, now with 20.248s left
DEBUG:AI:Sending battle message 5->21
DEBUG:AI:Received message type battle.
DEBUG:root:Starting clock with 20.248s left
DEBUG:AI:I'm too well behaved. Let others play now.
DEBUG:root:Stopped clock, now with 20.498s left
DEBUG:AI:Sending end_turn message.
DEBUG:AI:Received message type end_turn.
DEBUG:AI:Received message type end_turn.
DEBUG:AI:Received message type battle.
DEBUG:AI:Received message type battle.
DEBUG:AI:Received message type battle.
DEBUG:AI:Received message type battle.
DEBUG:AI:Received message type end_turn.
DEBUG:root:Starting clock with 20.498s left
DEBUG:root:Stopped clock, now with 20.748s left
DEBUG:AI:Sending battle message 11->19
DEBUG:AI:Received message type battle.
DEBUG:root:Starting clock with 20.748s left
DEBUG:root:Stopped clock, now with 20.998s left
DEBUG:AI:Sending battle message 9->7
DEBUG:AI:Received message type battle.
DEBUG:root:Starting clock with 20.998s left
DEBUG:AI:I'm too well behaved. Let others play now.
DEBUG:root:Stopped clock, now with 21.248s left
DEBUG:AI:Sending end_turn message.
DEBUG:AI:Received message type end_turn.
DEBUG:AI:Received message type end_turn.
DEBUG:AI:Received message type end_turn.
DEBUG:root:Starting clock with 21.248s left
DEBUG:root:Stopped clock, now with 21.497s left
DEBUG:AI:Sending battle message 4->8
DEBUG:AI:Received message type battle.
DEBUG:root:Starting clock with 21.497s left
DEBUG:root:Stopped clock, now with 21.747s left
DEBUG:AI:Sending battle message 8->3
DEBUG:AI:Received message type battle.
DEBUG:root:Starting clock with 21.747s left
DEBUG:AI:I'm too well behaved. Let others play now.
DEBUG:root:Stopped clock, now with 21.997s left
DEBUG:AI:Sending end_turn message.
DEBUG:AI:Received message type end_turn.
DEBUG:AI:Received message type battle.
DEBUG:AI:Received message type end_turn.
DEBUG:AI:Received message type battle.
DEBUG:AI:Received message type battle.
DEBUG:AI:Received message type battle.
DEBUG:AI:Received message type battle.
DEBUG:AI:Received message type battle.
DEBUG:AI:Received message type battle.
DEBUG:AI:Received message type end_turn.
DEBUG:root:Starting clock with 21.997s left
DEBUG:root:Stopped clock, now with 22.247s left
DEBUG:AI:Sending battle message 14->9
DEBUG:AI:Received message type battle.
DEBUG:root:Starting clock with 22.247s left
DEBUG:root:Stopped clock, now with 22.497s left
DEBUG:AI:Sending battle message 8->3
DEBUG:AI:Received message type battle.
DEBUG:root:Starting clock with 22.497s left
DEBUG:AI:I'm too well behaved. Let others play now.
DEBUG:root:Stopped clock, now with 22.747s left
DEBUG:AI:Sending end_turn message.
DEBUG:AI:Received message type end_turn.
DEBUG:AI:Received message type battle.
DEBUG:AI:Received message type battle.
DEBUG:AI:Received message type end_turn.
DEBUG:root:Starting clock with 22.747s left
DEBUG:root:Stopped clock, now with 22.997s left
DEBUG:AI:Sending battle message 12->11
DEBUG:AI:Received message type battle.
DEBUG:root:Starting clock with 22.997s left
DEBUG:root:Stopped clock, now with 23.247s left
DEBUG:AI:Sending battle message 7->9
DEBUG:AI:Received message type battle.
DEBUG:root:Starting clock with 23.247s left
DEBUG:AI:I'm too well behaved. Let others play now.
DEBUG:root:Stopped clock, now with 23.497s left
DEBUG:AI:Sending end_turn message.
DEBUG:AI:Received message type end_turn.
DEBUG:AI:Received message type battle.
DEBUG:AI:Received message type end_turn.
DEBUG:root:Starting clock with 23.497s left
DEBUG:root:Stopped clock, now with 23.747s left
DEBUG:AI:Sending battle message 8->13
DEBUG:AI:Received message type battle.
DEBUG:root:Starting clock with 23.747s left
DEBUG:root:Stopped clock, now with 23.997s left
DEBUG:AI:Sending battle message 11->10
DEBUG:AI:Received message type battle.
DEBUG:root:Starting clock with 23.997s left
DEBUG:AI:I'm too well behaved. Let others play now.
DEBUG:root:Stopped clock, now with 24.247s left
DEBUG:AI:Sending end_turn message.
DEBUG:AI:Received message type end_turn.
DEBUG:AI:Received message type battle.
DEBUG:AI:Received message type battle.
DEBUG:AI:Received message type end_turn.
DEBUG:root:Starting clock with 24.247s left
DEBUG:root:Stopped clock, now with 24.497s left
DEBUG:AI:Sending battle message 9->15
DEBUG:AI:Received message type battle.
DEBUG:root:Starting clock with 24.497s left
DEBUG:root:Stopped clock, now with 24.747s left
DEBUG:AI:Sending battle message 3->6
DEBUG:AI:Received message type battle.
DEBUG:root:Starting clock with 24.747s left
DEBUG:AI:I'm too well behaved. Let others play now.
DEBUG:root:Stopped clock, now with 24.997s left
DEBUG:AI:Sending end_turn message.
DEBUG:AI:Received message type end_turn.
DEBUG:AI:Received message type end_turn.
DEBUG:root:Starting clock with 24.997s left
DEBUG:root:Stopped clock, now with 25.247s left
DEBUG:AI:Sending battle message 11->19
DEBUG:AI:Received message type battle.
DEBUG:root:Starting clock with 25.247s left
DEBUG:root:Stopped clock, now with 25.496s left
DEBUG:AI:Sending battle message 3->6
DEBUG:AI:Received message type battle.
DEBUG:root:Starting clock with 25.496s left
DEBUG:AI:I'm too well behaved. Let others play now.
DEBUG:root:Stopped clock, now with 25.746s left
DEBUG:AI:Sending end_turn message.
DEBUG:AI:Received message type end_turn.
DEBUG:AI:Received message type end_turn.
DEBUG:root:Starting clock with 25.746s left
DEBUG:root:Stopped clock, now with 25.996s left
DEBUG:AI:Sending battle message 13->26
DEBUG:AI:Received message type battle.
DEBUG:root:Starting clock with 25.996s left
DEBUG:root:Stopped clock, now with 26.246s left
DEBUG:AI:Sending battle message 16->14
DEBUG:AI:Received message type battle.
DEBUG:root:Starting clock with 26.246s left
DEBUG:AI:I'm too well behaved. Let others play now.
DEBUG:root:Stopped clock, now with 26.496s left
DEBUG:AI:Sending end_turn message.
DEBUG:AI:Received message type end_turn.
DEBUG:AI:Received message type battle.
DEBUG:AI:Received message type end_turn.
DEBUG:root:Starting clock with 26.496s left
DEBUG:root:Stopped clock, now with 26.746s left
DEBUG:AI:Sending battle message 19->22
DEBUG:AI:Received message type battle.
DEBUG:root:Starting clock with 26.746s left
DEBUG:root:Stopped clock, now with 26.996s left
DEBUG:AI:Sending battle message 11->1
DEBUG:AI:Received message type battle.
DEBUG:root:Starting clock with 26.996s left
DEBUG:AI:I'm too well behaved. Let others play now.
DEBUG:root:Stopped clock, now with 27.246s left
DEBUG:AI:Sending end_turn message.
DEBUG:AI:Received message type end_turn.
DEBUG:AI:Received message type battle.
DEBUG:AI:Received message type end_turn.
DEBUG:root:Starting clock with 27.246s left
DEBUG:root:Stopped clock, now with 27.496s left
DEBUG:AI:Sending battle message 25->19
DEBUG:AI:Received message type battle.
DEBUG:root:Starting clock with 27.496s left
DEBUG:root:Stopped clock, now with 27.746s left
DEBUG:AI:Sending battle message 1->5
DEBUG:AI:Received message type battle.
DEBUG:root:Starting clock with 27.746s left
DEBUG:AI:I'm too well behaved. Let others play now.
DEBUG:root:Stopped clock, now with 27.996s left
DEBUG:AI:Sending end_turn message.
DEBUG:AI:Received message type end_turn.
DEBUG:AI:Received message type battle.
DEBUG:AI:Received message type end_turn.
DEBUG:root:Starting clock with 27.996s left
DEBUG:root:Stopped clock, now with 28.246s left
DEBUG:AI:Sending battle message 12->19
DEBUG:AI:Received message type battle.
DEBUG:root:Starting clock with 28.246s left
DEBUG:root:Stopped clock, now with 28.496s left
DEBUG:AI:Sending battle message 11->5
DEBUG:AI:Received message type battle.
DEBUG:root:Starting clock with 28.496s left
DEBUG:AI:I'm too well behaved. Let others play now.
DEBUG:root:Stopped clock, now with 28.746s left
DEBUG:AI:Sending end_turn message.
DEBUG:AI:Received message type end_turn.
DEBUG:AI:Received message type battle.
DEBUG:AI:Received message type battle.
DEBUG:AI:Received message type end_turn.
DEBUG:root:Starting clock with 28.746s left
DEBUG:root:Stopped clock, now with 28.996s left
DEBUG:AI:Sending battle message 19->22
DEBUG:AI:Received message type battle.
DEBUG:root:Starting clock with 28.996s left
DEBUG:root:Stopped clock, now with 29.246s left
DEBUG:AI:Sending battle message 3->2
DEBUG:AI:Received message type battle.
DEBUG:root:Starting clock with 29.246s left
DEBUG:AI:I'm too well behaved. Let others play now.
DEBUG:root:Stopped clock, now with 29.496s left
DEBUG:AI:Sending end_turn message.
DEBUG:AI:Received message type end_turn.
DEBUG:AI:Received message type battle.
DEBUG:AI:Received message type end_turn.
DEBUG:root:Starting clock with 29.496s left
DEBUG:root:Stopped clock, now with 29.745s left
DEBUG:AI:Sending battle message 12->11
DEBUG:AI:Received message type battle.
DEBUG:root:Starting clock with 29.745s left
DEBUG:root:Stopped clock, now with 29.995s left
DEBUG:AI:Sending battle message 2->1
DEBUG:AI:Received message type battle.
DEBUG:root:Starting clock with 29.995s left
DEBUG:AI:I'm too well behaved. Let others play now.
DEBUG:root:Stopped clock, now with 30.245s left
DEBUG:AI:Sending end_turn message.
DEBUG:AI:Received message type end_turn.
DEBUG:AI:Received message type battle.
DEBUG:AI:Received message type end_turn.
DEBUG:root:Starting clock with 30.245s left
DEBUG:root:Stopped clock, now with 30.495s left
DEBUG:AI:Sending battle message 22->21
DEBUG:AI:Received message type battle.
DEBUG:root:Starting clock with 30.495s left
DEBUG:root:Stopped clock, now with 30.745s left
DEBUG:AI:Sending battle message 21->24
DEBUG:AI:Received message type battle.
DEBUG:root:Starting clock with 30.745s left
DEBUG:AI:I'm too well behaved. Let others play now.
DEBUG:root:Stopped clock, now with 30.995s left
DEBUG:AI:Sending end_turn message.
DEBUG:AI:Received message type end_turn.
DEBUG:AI:Received message type battle.
DEBUG:AI:Received message type end_turn.
DEBUG:root:Starting clock with 30.995s left
DEBUG:root:Stopped clock, now with 31.245s left
DEBUG:AI:Sending battle message 21->24
DEBUG:AI:Received message type battle.
DEBUG:root:Starting clock with 31.245s left
DEBUG:root:Stopped clock, now with 31.495s left
DEBUG:AI:Sending battle message 1->5
DEBUG:AI:Received message type battle.
DEBUG:root:Starting clock with 31.495s left
DEBUG:AI:I'm too well behaved. Let others play now.
DEBUG:root:Stopped clock, now with 31.745s left
DEBUG:AI:Sending end_turn message.
DEBUG:AI:Received message type game_end.
INFO:AI:Player 4 has won
