DEBUG:CLIENT:Started socket daemon.
DEBUG:CLIENT:Received message: {'areas': {'1': {'adjacent_areas': [23, 6, 4, 3, 2], 'owner': 3, 'dice': 3}, '2': {'adjacent_areas': [4, 6, 1, 13], 'owner': 2, 'dice': 3}, '3': {'adjacent_areas': [1, 5, 6, 23, 7], 'owner': 1, 'dice': 3}, '4': {'adjacent_areas': [2, 1, 9, 13, 23], 'owner': 2, 'dice': 3}, '5': {'adjacent_areas': [3, 6, 7], 'owner': 3, 'dice': 3}, '6': {'adjacent_areas': [8, 1, 5, 3, 2], 'owner': 1, 'dice': 3}, '7': {'adjacent_areas': [5, 12, 3, 14], 'owner': 4, 'dice': 3}, '8': {'adjacent_areas': [6, 10], 'owner': 4, 'dice': 3}, '9': {'adjacent_areas': [4], 'owner': 3, 'dice': 3}, '10': {'adjacent_areas': [8, 17, 11], 'owner': 2, 'dice': 3}, '11': {'adjacent_areas': [10, 17, 15], 'owner': 1, 'dice': 3}, '12': {'adjacent_areas': [7, 19, 24], 'owner': 3, 'dice': 3}, '13': {'adjacent_areas': [2, 4], 'owner': 3, 'dice': 3}, '14': {'adjacent_areas': [28, 7, 19], 'owner': 1, 'dice': 3}, '15': {'adjacent_areas': [20, 11, 16, 17], 'owner': 4, 'dice': 3}, '16': {'adjacent_areas': [15, 17, 22, 20], 'owner': 1, 'dice': 3}, '17': {'adjacent_areas': [11, 16, 15, 10, 18], 'owner': 4, 'dice': 3}, '18': {'adjacent_areas': [21, 17], 'owner': 2, 'dice': 3}, '19': {'adjacent_areas': [14, 28, 24, 26, 12, 25], 'owner': 2, 'dice': 3}, '20': {'adjacent_areas': [22, 15, 16], 'owner': 1, 'dice': 3}, '21': {'adjacent_areas': [18, 27], 'owner': 1, 'dice': 3}, '22': {'adjacent_areas': [20, 16], 'owner': 3, 'dice': 3}, '23': {'adjacent_areas': [1, 4, 3], 'owner': 4, 'dice': 3}, '24': {'adjacent_areas': [19, 12, 26], 'owner': 2, 'dice': 3}, '25': {'adjacent_areas': [26, 19], 'owner': 4, 'dice': 3}, '26': {'adjacent_areas': [24, 29, 25, 19], 'owner': 2, 'dice': 3}, '27': {'adjacent_areas': [21], 'owner': 4, 'dice': 3}, '28': {'adjacent_areas': [14, 19], 'owner': 3, 'dice': 3}, '29': {'adjacent_areas': [26], 'owner': 1, 'dice': 3}}, 'score': {'4': 2, '2': 3, '3': 1, '1': 2}, 'type': 'game_start', 'player': 3, 'no_players': 4, 'current_player': 1, 'board': {'1': {'hexes': [[-18, -8], [-17, -9], [-20, -8], [-19, -7], [-19, -9], [-16, -8], [-17, -7], [-22, -8], [-21, -9], [-16, -10], [-14, -10], [-24, -8], [-23, -9], [-14, -8], [-20, -6], [-15, -9], [-21, -7]], 'neighbours': [23, 6, 4, 3, 2]}, '2': {'hexes': [[-23, -5], [-22, -4], [-25, -5], [-24, -6], [-21, -5], [-22, -6], [-24, -4], [-23, -3], [-25, -3], [-26, -4], [-27, -3], [-28, -4]], 'neighbours': [4, 6, 1, 13]}, '3': {'hexes': [[-11, -11], [-13, -11], [-9, -11], [-12, -12], [-10, -10], [-10, -12], [-12, -10], [-8, -12], [-9, -13], [-10, -14], [-11, -9], [-14, -12], [-11, -13], [-7, -13], [-12, -14], [-13, -9]], 'neighbours': [1, 5, 6, 23, 7]}, '4': {'hexes': [[-27, -7], [-26, -6], [-28, -6], [-26, -8], [-29, -7], [-28, -8], [-25, -7], [-27, -5], [-31, -7], [-30, -8], [-25, -9], [-29, -5], [-27, -9], [-24, -10], [-28, -10], [-23, -7], [-25, -11], [-22, -10], [-26, -10]], 'neighbours': [2, 1, 9, 13, 23]}, '5': {'hexes': [[-7, -9], [-6, -8], [-5, -9], [-8, -10], [-8, -8], [-9, -9], [-6, -10], [-5, -11], [-7, -7], [-7, -11], [-4, -10], [-4, -8], [-6, -12], [-3, -9], [-10, -8]], 'neighbours': [3, 6, 7]}, '6': {'hexes': [[-14, -6], [-13, -5], [-12, -6], [-13, -7], [-15, -7], [-15, -5], [-16, -6], [-12, -8], [-10, -6], [-18, -6], [-17, -5], [-11, -7], [-19, -5], [-9, -5], [-9, -7], [-16, -4], [-11, -5]], 'neighbours': [8, 1, 5, 3, 2]}, '7': {'hexes': [[-2, -12], [-3, -11], [0, -12], [-3, -13], [-1, -13], [-4, -12], [-1, -11], [-5, -13], [-6, -14], [-4, -14], [2, -12], [-2, -14], [-2, -10], [1, -13], [0, -14], [-1, -9]], 'neighbours': [5, 12, 3, 14]}, '8': {'hexes': [[-16, -2], [-15, -3], [-18, -2], [-14, -2], [-17, -3], [-15, -1], [-17, -1], [-13, -1], [-19, -1], [-14, -4], [-12, -2], [-11, -1], [-13, -3], [-21, -1], [-16, 0], [-20, -2], [-11, -3], [-23, -1]], 'neighbours': [6, 10]}, '9': {'hexes': [[-30, -12], [-31, -13], [-28, -12], [-29, -13], [-29, -11], [-31, -11], [-32, -12], [-26, -12], [-27, -11], [-30, -10], [-32, -10], [-25, -13], [-29, -9], [-30, -14], [-31, -9], [-27, -13]], 'neighbours': [4]}, '10': {'hexes': [[-11, 1], [-9, 1], [-10, 2], [-12, 0], [-12, 2], [-10, 0], [-13, 1], [-8, 0], [-15, 1], [-14, 0], [-14, 2], [-9, -1], [-17, 1], [-7, -1], [-11, 3], [-5, -1]], 'neighbours': [8, 17, 11]}, '11': {'hexes': [[-20, 2], [-21, 3], [-21, 1], [-19, 1], [-18, 2], [-22, 2], [-19, 3], [-20, 4], [-24, 2], [-16, 2], [-22, 4], [-23, 3], [-23, 1], [-24, 4]], 'neighbours': [10, 17, 15]}, '12': {'hexes': [[5, -11], [3, -11], [6, -12], [4, -12], [7, -11], [6, -10], [4, -10], [3, -13], [8, -12], [8, -10], [7, -13], [9, -11], [2, -10], [1, -11], [5, -13]], 'neighbours': [7, 19, 24]}, '13': {'hexes': [[-29, -1], [-30, -2], [-31, -1], [-27, -1], [-30, 0], [-28, -2], [-28, 0], [-29, 1], [-26, 0], [-27, 1], [-29, -3], [-28, 2], [-32, 0], [-31, 1], [-26, -2], [-30, -4], [-32, -2]], 'neighbours': [2, 4]}, '14': {'hexes': [[1, -7], [2, -6], [2, -8], [3, -7], [0, -8], [0, -6], [-1, -7], [1, -5], [4, -6], [4, -8], [-2, -6], [5, -7]], 'neighbours': [28, 7, 19]}, '15': {'hexes': [[-24, 6], [-23, 7], [-23, 5], [-26, 6], [-25, 7], [-25, 5], [-22, 6], [-27, 5], [-28, 4], [-20, 6], [-29, 5], [-24, 8], [-21, 5], [-26, 4], [-30, 4], [-18, 6], [-21, 7]], 'neighbours': [20, 11, 16, 17]}, '16': {'hexes': [[-16, 8], [-15, 7], [-17, 9], [-18, 8], [-15, 9], [-17, 7], [-14, 8], [-13, 7], [-19, 9], [-13, 9], [-18, 10], [-14, 6], [-16, 6], [-19, 7], [-20, 8]], 'neighbours': [15, 17, 22, 20]}, '17': {'hexes': [[-16, 4], [-17, 3], [-18, 4], [-17, 5], [-15, 3], [-15, 5], [-14, 4], [-12, 4], [-13, 3], [-19, 5], [-13, 5], [-10, 4], [-12, 6], [-11, 5]], 'neighbours': [11, 16, 15, 10, 18]}, '18': {'hexes': [[-6, 4], [-5, 3], [-7, 5], [-5, 5], [-7, 3], [-4, 4], [-8, 4], [-6, 2], [-4, 2], [-9, 5], [-3, 3], [-2, 2], [-5, 1], [-6, 6], [-10, 6], [-7, 7], [-3, 1], [-5, 7], [-8, 6]], 'neighbours': [21, 17]}, '19': {'hexes': [[9, -7], [8, -8], [10, -6], [7, -7], [10, -8], [11, -7], [8, -6], [11, -9], [9, -5], [12, -8], [10, -10], [9, -9], [13, -9], [12, -6]], 'neighbours': [14, 28, 24, 26, 12, 25]}, '20': {'hexes': [[-27, 9], [-28, 10], [-26, 10], [-26, 8], [-28, 8], [-29, 9], [-25, 9], [-23, 9], [-29, 7], [-30, 10], [-24, 10], [-27, 7], [-28, 6], [-30, 8], [-29, 11], [-21, 9], [-28, 12], [-22, 8], [-27, 11]], 'neighbours': [22, 15, 16]}, '21': {'hexes': [[0, 4], [1, 3], [-2, 4], [2, 4], [1, 5], [-1, 3], [-1, 5], [0, 2], [3, 3], [4, 4], [-2, 6], [5, 5], [2, 2], [3, 5], [5, 3], [4, 6]], 'neighbours': [18, 27]}, '22': {'hexes': [[-22, 12], [-23, 11], [-24, 12], [-23, 13], [-21, 13], [-21, 11], [-20, 12], [-22, 10], [-20, 10], [-25, 11], [-25, 13], [-19, 13], [-26, 12], [-19, 11]], 'neighbours': [20, 16]}, '23': {'hexes': [[-19, -11], [-18, -12], [-20, -10], [-18, -10], [-17, -11], [-20, -12], [-21, -11], [-22, -12], [-23, -11], [-16, -12], [-17, -13], [-21, -13], [-19, -13]], 'neighbours': [1, 4, 3]}, '24': {'hexes': [[13, -11], [11, -11], [14, -12], [12, -10], [14, -10], [15, -11], [12, -12], [16, -12], [15, -13], [14, -14], [16, -14], [13, -13], [16, -10], [17, -13], [18, -12], [17, -11]], 'neighbours': [19, 12, 26]}, '25': {'hexes': [[16, -6], [18, -6], [15, -7], [17, -7], [14, -6], [15, -5], [17, -5], [13, -5], [12, -4], [19, -7], [19, -5], [16, -4], [17, -3], [14, -4], [18, -4]], 'neighbours': [26, 19]}, '26': {'hexes': [[19, -9], [18, -10], [21, -9], [17, -9], [20, -8], [18, -8], [20, -10], [16, -8], [19, -11], [15, -9], [21, -7], [14, -8], [22, -6]], 'neighbours': [24, 29, 25, 19]}, '27': {'hexes': [[2, 8], [3, 7], [4, 8], [1, 7], [0, 8], [1, 9], [3, 9], [5, 9], [4, 10], [2, 10], [3, 11], [0, 10], [1, 11], [-1, 9], [6, 10], [-2, 8], [-2, 10]], 'neighbours': [21]}, '28': {'hexes': [[4, -4], [3, -3], [2, -4], [5, -5], [5, -3], [3, -5], [6, -4], [1, -3], [4, -2], [7, -3], [0, -2], [2, -2], [7, -5], [1, -1], [0, -4], [-1, -3], [-1, -5], [6, -2]], 'neighbours': [14, 19]}, '29': {'hexes': [[25, -9], [26, -10], [24, -8], [26, -8], [27, -9], [24, -10], [23, -9], [29, -9], [28, -10], [25, -7], [28, -8], [27, -11], [30, -10], [29, -11], [26, -6], [27, -7]], 'neighbours': [26]}}, 'order': [1, 2, 3, 4]}

INFO:CLIENT:This is player name 3, the players order is [1, 2, 3, 4]
DEBUG:root:Starting clock with 10.000s left
DEBUG:root:Stopped clock, now with 10.000s left
DEBUG:AI:Received message type game_state.
DEBUG:AI:Received message type battle.
DEBUG:AI:Received message type battle.
DEBUG:AI:Received message type battle.
DEBUG:AI:Received message type end_turn.
DEBUG:AI:Received message type battle.
DEBUG:AI:Received message type end_turn.
DEBUG:root:Starting clock with 10.000s left
DEBUG:root:Stopped clock, now with 10.250s left
DEBUG:AI:Sending battle message 5->7
DEBUG:AI:Received message type battle.
DEBUG:root:Starting clock with 10.250s left
DEBUG:root:Stopped clock, now with 10.500s left
DEBUG:AI:Sending battle message 1->4
DEBUG:AI:Received message type battle.
DEBUG:root:Starting clock with 10.500s left
DEBUG:root:Stopped clock, now with 10.750s left
DEBUG:AI:Sending battle message 13->2
DEBUG:AI:Received message type battle.
DEBUG:root:Starting clock with 10.750s left
DEBUG:root:Stopped clock, now with 11.000s left
DEBUG:AI:Sending battle message 12->24
DEBUG:AI:Received message type battle.
DEBUG:root:Starting clock with 11.000s left
DEBUG:root:Stopped clock, now with 11.250s left
DEBUG:AI:Sending battle message 28->19
DEBUG:AI:Received message type battle.
DEBUG:root:Starting clock with 11.250s left
DEBUG:root:Stopped clock, now with 11.500s left
DEBUG:AI:Sending battle message 19->14
DEBUG:AI:Received message type battle.
DEBUG:root:Starting clock with 11.500s left
DEBUG:root:Stopped clock, now with 11.750s left
DEBUG:AI:Sending battle message 4->2
DEBUG:AI:Received message type battle.
DEBUG:root:Starting clock with 11.750s left
DEBUG:root:Stopped clock, now with 12.000s left
DEBUG:AI:Sending battle message 24->26
DEBUG:AI:Received message type battle.
DEBUG:root:Starting clock with 12.000s left
DEBUG:AI:No more possible turns.
DEBUG:root:Stopped clock, now with 12.250s left
DEBUG:AI:Sending end_turn message.
DEBUG:AI:Received message type end_turn.
DEBUG:AI:Received message type battle.
DEBUG:AI:Received message type battle.
DEBUG:AI:Received message type end_turn.
DEBUG:AI:Received message type battle.
DEBUG:AI:Received message type battle.
DEBUG:AI:Received message type battle.
DEBUG:AI:Received message type battle.
DEBUG:AI:Received message type end_turn.
DEBUG:AI:Received message type battle.
DEBUG:AI:Received message type battle.
DEBUG:AI:Received message type battle.
DEBUG:AI:Received message type battle.
DEBUG:AI:Received message type end_turn.
DEBUG:root:Starting clock with 12.250s left
DEBUG:root:Stopped clock, now with 12.500s left
DEBUG:AI:Sending battle message 9->4
DEBUG:AI:Received message type battle.
DEBUG:root:Starting clock with 12.500s left
DEBUG:root:Stopped clock, now with 12.750s left
DEBUG:AI:Sending battle message 13->2
DEBUG:AI:Received message type battle.
DEBUG:root:Starting clock with 12.750s left
DEBUG:root:Stopped clock, now with 12.999s left
DEBUG:AI:Sending battle message 4->23
DEBUG:AI:Received message type battle.
DEBUG:root:Starting clock with 12.999s left
DEBUG:AI:No more possible turns.
DEBUG:root:Stopped clock, now with 13.249s left
DEBUG:AI:Sending end_turn message.
DEBUG:AI:Received message type end_turn.
DEBUG:AI:Received message type battle.
DEBUG:AI:Received message type battle.
DEBUG:AI:Received message type end_turn.
DEBUG:AI:Received message type battle.
DEBUG:AI:Received message type battle.
DEBUG:AI:Received message type battle.
DEBUG:AI:Received message type battle.
DEBUG:AI:Received message type end_turn.
DEBUG:AI:Received message type battle.
DEBUG:AI:Received message type end_turn.
DEBUG:root:Starting clock with 13.249s left
DEBUG:root:Stopped clock, now with 13.499s left
DEBUG:AI:Sending battle message 4->1
DEBUG:AI:Received message type battle.
DEBUG:root:Starting clock with 13.499s left
DEBUG:root:Stopped clock, now with 13.749s left
DEBUG:AI:Sending battle message 2->6
DEBUG:AI:Received message type battle.
DEBUG:root:Starting clock with 13.749s left
DEBUG:AI:No more possible turns.
DEBUG:root:Stopped clock, now with 13.999s left
DEBUG:AI:Sending end_turn message.
DEBUG:AI:Received message type end_turn.
DEBUG:AI:Received message type battle.
DEBUG:AI:Received message type battle.
DEBUG:AI:Received message type end_turn.
DEBUG:AI:Received message type battle.
DEBUG:AI:Received message type battle.
DEBUG:AI:Received message type battle.
DEBUG:AI:Received message type battle.
DEBUG:AI:Received message type battle.
DEBUG:AI:Received message type battle.
DEBUG:AI:Received message type end_turn.
DEBUG:AI:Received message type end_turn.
DEBUG:root:Starting clock with 13.999s left
DEBUG:root:Stopped clock, now with 14.249s left
DEBUG:AI:Sending battle message 6->5
DEBUG:AI:Received message type battle.
DEBUG:root:Starting clock with 14.249s left
DEBUG:root:Stopped clock, now with 14.499s left
DEBUG:AI:Sending battle message 1->23
DEBUG:AI:Received message type battle.
DEBUG:root:Starting clock with 14.499s left
DEBUG:root:Stopped clock, now with 14.749s left
DEBUG:AI:Sending battle message 5->7
DEBUG:AI:Received message type battle.
DEBUG:root:Starting clock with 14.749s left
DEBUG:AI:No more possible turns.
DEBUG:root:Stopped clock, now with 14.999s left
DEBUG:AI:Sending end_turn message.
DEBUG:AI:Received message type end_turn.
DEBUG:AI:Received message type battle.
DEBUG:AI:Received message type battle.
DEBUG:AI:Received message type end_turn.
DEBUG:AI:Received message type battle.
DEBUG:AI:Received message type battle.
DEBUG:AI:Received message type end_turn.
DEBUG:AI:Received message type end_turn.
DEBUG:root:Starting clock with 14.999s left
DEBUG:root:Stopped clock, now with 15.249s left
DEBUG:AI:Sending battle message 5->3
DEBUG:AI:Received message type battle.
DEBUG:root:Starting clock with 15.249s left
DEBUG:root:Stopped clock, now with 15.499s left
DEBUG:AI:Sending battle message 4->23
DEBUG:AI:Received message type battle.
DEBUG:root:Starting clock with 15.499s left
DEBUG:AI:No more possible turns.
DEBUG:root:Stopped clock, now with 15.749s left
DEBUG:AI:Sending end_turn message.
DEBUG:AI:Received message type end_turn.
DEBUG:AI:Received message type battle.
DEBUG:AI:Received message type battle.
DEBUG:AI:Received message type end_turn.
DEBUG:AI:Received message type battle.
DEBUG:AI:Received message type battle.
DEBUG:AI:Received message type battle.
DEBUG:AI:Received message type end_turn.
DEBUG:root:Starting clock with 15.749s left
DEBUG:root:Stopped clock, now with 15.999s left
DEBUG:AI:Sending battle message 6->8
DEBUG:AI:Received message type battle.
DEBUG:root:Starting clock with 15.999s left
DEBUG:root:Stopped clock, now with 16.249s left
DEBUG:AI:Sending battle message 5->7
DEBUG:AI:Received message type battle.
DEBUG:root:Starting clock with 16.249s left
DEBUG:AI:No more possible turns.
DEBUG:root:Stopped clock, now with 16.499s left
DEBUG:AI:Sending end_turn message.
DEBUG:AI:Received message type end_turn.
DEBUG:AI:Received message type battle.
DEBUG:AI:Received message type battle.
DEBUG:AI:Received message type end_turn.
DEBUG:AI:Received message type battle.
DEBUG:AI:Received message type end_turn.
DEBUG:root:Starting clock with 16.499s left
DEBUG:root:Stopped clock, now with 16.749s left
DEBUG:AI:Sending battle message 6->8
DEBUG:AI:Received message type battle.
DEBUG:root:Starting clock with 16.749s left
DEBUG:AI:No more possible turns.
DEBUG:root:Stopped clock, now with 16.999s left
DEBUG:AI:Sending end_turn message.
DEBUG:AI:Received message type end_turn.
DEBUG:AI:Received message type battle.
DEBUG:AI:Received message type battle.
DEBUG:AI:Received message type end_turn.
DEBUG:AI:Received message type end_turn.
DEBUG:root:Starting clock with 16.999s left
DEBUG:root:Stopped clock, now with 17.249s left
DEBUG:AI:Sending battle message 6->5
DEBUG:AI:Received message type battle.
DEBUG:root:Starting clock with 17.249s left
DEBUG:root:Stopped clock, now with 17.499s left
DEBUG:AI:Sending battle message 1->3
DEBUG:AI:Received message type battle.
DEBUG:root:Starting clock with 17.499s left
DEBUG:root:Stopped clock, now with 17.748s left
DEBUG:AI:Sending battle message 3->5
DEBUG:AI:Received message type battle.
DEBUG:root:Starting clock with 17.748s left
DEBUG:root:Stopped clock, now with 17.998s left
DEBUG:AI:Sending battle message 5->7
DEBUG:AI:Received message type battle.
DEBUG:root:Starting clock with 17.998s left
DEBUG:root:Stopped clock, now with 18.248s left
DEBUG:AI:Sending battle message 7->14
DEBUG:AI:Received message type battle.
DEBUG:root:Starting clock with 18.248s left
DEBUG:root:Stopped clock, now with 18.498s left
DEBUG:AI:Sending battle message 14->28
DEBUG:AI:Received message type battle.
DEBUG:root:Starting clock with 18.498s left
DEBUG:AI:No more possible turns.
DEBUG:root:Stopped clock, now with 18.748s left
DEBUG:AI:Sending end_turn message.
DEBUG:AI:Received message type end_turn.
DEBUG:AI:Received message type battle.
DEBUG:AI:Received message type battle.
DEBUG:AI:Received message type end_turn.
DEBUG:AI:Received message type battle.
DEBUG:AI:Received message type battle.
DEBUG:AI:Received message type battle.
DEBUG:AI:Received message type end_turn.
DEBUG:root:Starting clock with 18.748s left
DEBUG:root:Stopped clock, now with 18.998s left
DEBUG:AI:Sending battle message 6->3
DEBUG:AI:Received message type battle.
DEBUG:root:Starting clock with 18.998s left
DEBUG:root:Stopped clock, now with 19.248s left
DEBUG:AI:Sending battle message 1->3
DEBUG:AI:Received message type battle.
DEBUG:root:Starting clock with 19.248s left
DEBUG:root:Stopped clock, now with 19.498s left
DEBUG:AI:Sending battle message 14->28
DEBUG:AI:Received message type battle.
DEBUG:root:Starting clock with 19.498s left
DEBUG:root:Stopped clock, now with 19.748s left
DEBUG:AI:Sending battle message 23->3
DEBUG:AI:Received message type battle.
DEBUG:root:Starting clock with 19.748s left
DEBUG:root:Stopped clock, now with 19.998s left
DEBUG:AI:Sending battle message 3->7
DEBUG:AI:Received message type battle.
DEBUG:root:Starting clock with 19.998s left
DEBUG:root:Stopped clock, now with 20.248s left
DEBUG:AI:Sending battle message 7->12
DEBUG:AI:Received message type battle.
DEBUG:root:Starting clock with 20.248s left
DEBUG:root:Stopped clock, now with 20.498s left
DEBUG:AI:Sending battle message 12->19
DEBUG:AI:Received message type battle.
DEBUG:root:Starting clock with 20.498s left
DEBUG:root:Stopped clock, now with 20.748s left
DEBUG:AI:Sending battle message 19->24
DEBUG:AI:Received message type battle.
DEBUG:root:Starting clock with 20.748s left
DEBUG:AI:No more possible turns.
DEBUG:root:Stopped clock, now with 20.998s left
DEBUG:AI:Sending end_turn message.
DEBUG:AI:Received message type end_turn.
DEBUG:AI:Received message type battle.
DEBUG:AI:Received message type end_turn.
DEBUG:AI:Received message type battle.
DEBUG:AI:Received message type end_turn.
DEBUG:root:Starting clock with 20.998s left
DEBUG:root:Stopped clock, now with 21.248s left
DEBUG:AI:Sending battle message 14->28
DEBUG:AI:Received message type battle.
DEBUG:root:Starting clock with 21.248s left
DEBUG:root:Stopped clock, now with 21.498s left
DEBUG:AI:Sending battle message 19->26
DEBUG:AI:Received message type battle.
DEBUG:root:Starting clock with 21.498s left
DEBUG:root:Stopped clock, now with 21.748s left
DEBUG:AI:Sending battle message 6->8
DEBUG:AI:Received message type battle.
DEBUG:root:Starting clock with 21.748s left
DEBUG:AI:No more possible turns.
DEBUG:root:Stopped clock, now with 21.998s left
DEBUG:AI:Sending end_turn message.
DEBUG:AI:Received message type end_turn.
DEBUG:AI:Received message type battle.
DEBUG:AI:Received message type battle.
DEBUG:AI:Received message type end_turn.
DEBUG:root:Starting clock with 21.998s left
DEBUG:root:Stopped clock, now with 22.247s left
DEBUG:AI:Sending battle message 12->24
DEBUG:AI:Received message type battle.
DEBUG:root:Starting clock with 22.247s left
DEBUG:root:Stopped clock, now with 22.497s left
DEBUG:AI:Sending battle message 6->8
DEBUG:AI:Received message type battle.
DEBUG:root:Starting clock with 22.497s left
DEBUG:root:Stopped clock, now with 22.747s left
DEBUG:AI:Sending battle message 24->26
DEBUG:AI:Received message type battle.
DEBUG:root:Starting clock with 22.747s left
DEBUG:AI:No more possible turns.
DEBUG:root:Stopped clock, now with 22.997s left
DEBUG:AI:Sending end_turn message.
DEBUG:AI:Received message type end_turn.
DEBUG:AI:Received message type battle.
DEBUG:AI:Received message type battle.
DEBUG:AI:Received message type end_turn.
DEBUG:root:Starting clock with 22.997s left
DEBUG:root:Stopped clock, now with 23.247s left
DEBUG:AI:Sending battle message 19->25
DEBUG:AI:Received message type battle.
DEBUG:root:Starting clock with 23.247s left
DEBUG:root:Stopped clock, now with 23.497s left
DEBUG:AI:Sending battle message 2->6
DEBUG:AI:Received message type battle.
DEBUG:root:Starting clock with 23.497s left
DEBUG:root:Stopped clock, now with 23.747s left
DEBUG:AI:Sending battle message 24->26
DEBUG:AI:Received message type battle.
DEBUG:root:Starting clock with 23.747s left
DEBUG:root:Stopped clock, now with 23.997s left
DEBUG:AI:Sending battle message 6->8
DEBUG:AI:Received message type battle.
DEBUG:root:Starting clock with 23.997s left
DEBUG:root:Stopped clock, now with 24.247s left
DEBUG:AI:Sending battle message 8->10
DEBUG:AI:Received message type battle.
DEBUG:root:Starting clock with 24.247s left
DEBUG:root:Stopped clock, now with 24.497s left
DEBUG:AI:Sending battle message 10->17
DEBUG:AI:Received message type battle.
DEBUG:root:Starting clock with 24.497s left
DEBUG:root:Stopped clock, now with 24.747s left
DEBUG:AI:Sending battle message 17->18
DEBUG:AI:Received message type battle.
DEBUG:root:Starting clock with 24.747s left
DEBUG:AI:No more possible turns.
DEBUG:root:Stopped clock, now with 24.997s left
DEBUG:AI:Sending end_turn message.
DEBUG:AI:Received message type end_turn.
DEBUG:AI:Received message type battle.
DEBUG:AI:Received message type battle.
DEBUG:AI:Received message type battle.
DEBUG:AI:Received message type battle.
DEBUG:AI:Received message type end_turn.
DEBUG:root:Starting clock with 24.997s left
DEBUG:root:Stopped clock, now with 25.247s left
DEBUG:AI:Sending battle message 19->24
DEBUG:AI:Received message type battle.
DEBUG:root:Starting clock with 25.247s left
DEBUG:root:Stopped clock, now with 25.497s left
DEBUG:AI:Sending battle message 6->8
DEBUG:AI:Received message type battle.
DEBUG:root:Starting clock with 25.497s left
DEBUG:root:Stopped clock, now with 25.747s left
DEBUG:AI:Sending battle message 12->24
DEBUG:AI:Received message type battle.
DEBUG:root:Starting clock with 25.747s left
DEBUG:AI:No more possible turns.
DEBUG:root:Stopped clock, now with 25.996s left
DEBUG:AI:Sending end_turn message.
DEBUG:AI:Received message type end_turn.
DEBUG:AI:Received message type end_turn.
DEBUG:root:Starting clock with 25.996s left
DEBUG:root:Stopped clock, now with 26.246s left
DEBUG:AI:Sending battle message 19->25
DEBUG:AI:Received message type battle.
DEBUG:root:Starting clock with 26.246s left
DEBUG:root:Stopped clock, now with 26.496s left
DEBUG:AI:Sending battle message 12->24
DEBUG:AI:Received message type battle.
DEBUG:root:Starting clock with 26.496s left
DEBUG:root:Stopped clock, now with 26.746s left
DEBUG:AI:Sending battle message 24->26
DEBUG:AI:Received message type battle.
DEBUG:root:Starting clock with 26.746s left
DEBUG:root:Stopped clock, now with 26.996s left
DEBUG:AI:Sending battle message 26->29
DEBUG:AI:Received message type battle.
DEBUG:root:Starting clock with 26.996s left
DEBUG:AI:No more possible turns.
DEBUG:root:Stopped clock, now with 27.246s left
DEBUG:AI:Sending end_turn message.
DEBUG:AI:Received message type end_turn.
DEBUG:AI:Received message type battle.
DEBUG:AI:Received message type battle.
DEBUG:AI:Received message type battle.
DEBUG:AI:Received message type battle.
DEBUG:AI:Received message type end_turn.
DEBUG:root:Starting clock with 27.246s left
DEBUG:root:Stopped clock, now with 27.496s left
DEBUG:AI:Sending battle message 19->12
DEBUG:AI:Received message type battle.
DEBUG:root:Starting clock with 27.496s left
DEBUG:root:Stopped clock, now with 27.746s left
DEBUG:AI:Sending battle message 3->6
DEBUG:AI:Received message type battle.
DEBUG:root:Starting clock with 27.746s left
DEBUG:root:Stopped clock, now with 27.996s left
DEBUG:AI:Sending battle message 6->8
DEBUG:AI:Received message type battle.
DEBUG:root:Starting clock with 27.996s left
DEBUG:root:Stopped clock, now with 28.246s left
DEBUG:AI:Sending battle message 8->10
DEBUG:AI:Received message type battle.
DEBUG:root:Starting clock with 28.246s left
DEBUG:root:Stopped clock, now with 28.496s left
DEBUG:AI:Sending battle message 7->12
DEBUG:AI:Received message type battle.
DEBUG:root:Starting clock with 28.496s left
DEBUG:AI:No more possible turns.
DEBUG:root:Stopped clock, now with 28.746s left
DEBUG:AI:Sending end_turn message.
DEBUG:AI:Received message type end_turn.
DEBUG:AI:Received message type battle.
DEBUG:AI:Received message type end_turn.
DEBUG:root:Starting clock with 28.746s left
DEBUG:root:Stopped clock, now with 28.996s left
DEBUG:AI:Sending battle message 19->24
DEBUG:AI:Received message type battle.
DEBUG:root:Starting clock with 28.996s left
DEBUG:root:Stopped clock, now with 29.246s left
DEBUG:AI:Sending battle message 7->12
DEBUG:AI:Received message type battle.
DEBUG:root:Starting clock with 29.246s left
DEBUG:root:Stopped clock, now with 29.495s left
DEBUG:AI:Sending battle message 6->8
DEBUG:AI:Received message type battle.
DEBUG:root:Starting clock with 29.495s left
DEBUG:AI:No more possible turns.
DEBUG:root:Stopped clock, now with 29.745s left
DEBUG:AI:Sending end_turn message.
DEBUG:AI:Received message type end_turn.
DEBUG:AI:Received message type end_turn.
DEBUG:root:Starting clock with 29.745s left
DEBUG:root:Stopped clock, now with 29.995s left
DEBUG:AI:Sending battle message 6->8
DEBUG:AI:Received message type battle.
DEBUG:root:Starting clock with 29.995s left
DEBUG:root:Stopped clock, now with 30.245s left
DEBUG:AI:Sending battle message 7->12
DEBUG:AI:Received message type battle.
DEBUG:root:Starting clock with 30.245s left
DEBUG:root:Stopped clock, now with 30.495s left
DEBUG:AI:Sending battle message 19->25
DEBUG:AI:Received message type battle.
DEBUG:root:Starting clock with 30.495s left
DEBUG:AI:No more possible turns.
DEBUG:root:Stopped clock, now with 30.745s left
DEBUG:AI:Sending end_turn message.
DEBUG:AI:Received message type end_turn.
DEBUG:AI:Received message type battle.
DEBUG:AI:Received message type end_turn.
DEBUG:root:Starting clock with 30.745s left
DEBUG:root:Stopped clock, now with 30.995s left
DEBUG:AI:Sending battle message 6->8
DEBUG:AI:Received message type battle.
DEBUG:root:Starting clock with 30.995s left
DEBUG:root:Stopped clock, now with 31.245s left
DEBUG:AI:Sending battle message 7->12
DEBUG:AI:Received message type battle.
DEBUG:root:Starting clock with 31.245s left
DEBUG:root:Stopped clock, now with 31.495s left
DEBUG:AI:Sending battle message 12->24
DEBUG:AI:Received message type battle.
DEBUG:root:Starting clock with 31.495s left
DEBUG:root:Stopped clock, now with 31.745s left
DEBUG:AI:Sending battle message 28->19
DEBUG:AI:Received message type battle.
DEBUG:root:Starting clock with 31.745s left
DEBUG:root:Stopped clock, now with 31.995s left
DEBUG:AI:Sending battle message 14->19
DEBUG:AI:Received message type battle.
DEBUG:root:Starting clock with 31.995s left
DEBUG:root:Stopped clock, now with 32.245s left
DEBUG:AI:Sending battle message 19->25
DEBUG:AI:Received message type battle.
DEBUG:root:Starting clock with 32.245s left
DEBUG:root:Stopped clock, now with 32.495s left
DEBUG:AI:Sending battle message 25->26
DEBUG:AI:Received message type battle.
DEBUG:root:Starting clock with 32.495s left
DEBUG:root:Stopped clock, now with 32.745s left
DEBUG:AI:Sending battle message 26->29
DEBUG:AI:Received message type battle.
DEBUG:root:Starting clock with 32.745s left
DEBUG:AI:No more possible turns.
DEBUG:root:Stopped clock, now with 32.994s left
DEBUG:AI:Sending end_turn message.
DEBUG:AI:Received message type end_turn.
DEBUG:AI:Received message type battle.
DEBUG:AI:Received message type battle.
DEBUG:AI:Received message type battle.
DEBUG:AI:Received message type battle.
DEBUG:AI:Received message type battle.
DEBUG:AI:Received message type end_turn.
DEBUG:root:Starting clock with 32.994s left
DEBUG:root:Stopped clock, now with 33.244s left
DEBUG:AI:Sending battle message 14->19
DEBUG:AI:Received message type battle.
DEBUG:root:Starting clock with 33.244s left
DEBUG:root:Stopped clock, now with 33.494s left
DEBUG:AI:Sending battle message 7->12
DEBUG:AI:Received message type battle.
DEBUG:root:Starting clock with 33.494s left
DEBUG:root:Stopped clock, now with 33.744s left
DEBUG:AI:Sending battle message 12->19
DEBUG:AI:Received message type battle.
DEBUG:root:Starting clock with 33.744s left
DEBUG:root:Stopped clock, now with 33.994s left
DEBUG:AI:Sending battle message 19->28
DEBUG:AI:Received message type battle.
DEBUG:root:Starting clock with 33.994s left
DEBUG:root:Stopped clock, now with 34.244s left
DEBUG:AI:Sending battle message 6->8
DEBUG:AI:Received message type battle.
DEBUG:root:Starting clock with 34.244s left
DEBUG:AI:No more possible turns.
DEBUG:root:Stopped clock, now with 34.494s left
DEBUG:AI:Sending end_turn message.
DEBUG:AI:Received message type end_turn.
DEBUG:AI:Received message type battle.
DEBUG:AI:Received message type battle.
DEBUG:AI:Received message type end_turn.
DEBUG:root:Starting clock with 34.494s left
DEBUG:root:Stopped clock, now with 34.744s left
DEBUG:AI:Sending battle message 7->14
DEBUG:AI:Received message type battle.
DEBUG:root:Starting clock with 34.744s left
DEBUG:root:Stopped clock, now with 34.994s left
DEBUG:AI:Sending battle message 12->24
DEBUG:AI:Received message type battle.
DEBUG:root:Starting clock with 34.994s left
DEBUG:root:Stopped clock, now with 35.244s left
DEBUG:AI:Sending battle message 24->26
DEBUG:AI:Received message type battle.
DEBUG:root:Starting clock with 35.244s left
DEBUG:AI:No more possible turns.
DEBUG:root:Stopped clock, now with 35.494s left
DEBUG:AI:Sending end_turn message.
DEBUG:AI:Received message type end_turn.
DEBUG:AI:Received message type battle.
DEBUG:AI:Received message type battle.
DEBUG:AI:Received message type end_turn.
DEBUG:root:Starting clock with 35.494s left
DEBUG:root:Stopped clock, now with 35.744s left
DEBUG:AI:Sending battle message 6->8
DEBUG:AI:Received message type battle.
DEBUG:root:Starting clock with 35.744s left
DEBUG:root:Stopped clock, now with 35.994s left
DEBUG:AI:Sending battle message 7->14
DEBUG:AI:Received message type battle.
DEBUG:root:Starting clock with 35.994s left
DEBUG:AI:No more possible turns.
DEBUG:root:Stopped clock, now with 36.244s left
DEBUG:AI:Sending end_turn message.
DEBUG:AI:Received message type end_turn.
DEBUG:AI:Received message type battle.
DEBUG:AI:Received message type battle.
DEBUG:AI:Received message type end_turn.
DEBUG:root:Starting clock with 36.244s left
DEBUG:root:Stopped clock, now with 36.494s left
DEBUG:AI:Sending battle message 3->7
DEBUG:AI:Received message type battle.
DEBUG:root:Starting clock with 36.494s left
DEBUG:root:Stopped clock, now with 36.744s left
DEBUG:AI:Sending battle message 7->12
DEBUG:AI:Received message type battle.
DEBUG:root:Starting clock with 36.744s left
DEBUG:root:Stopped clock, now with 36.994s left
DEBUG:AI:Sending battle message 12->24
DEBUG:AI:Received message type battle.
DEBUG:root:Starting clock with 36.994s left
DEBUG:root:Stopped clock, now with 37.244s left
DEBUG:AI:Sending battle message 6->8
DEBUG:AI:Received message type battle.
DEBUG:root:Starting clock with 37.244s left
DEBUG:root:Stopped clock, now with 37.493s left
DEBUG:AI:Sending battle message 8->10
DEBUG:AI:Received message type battle.
DEBUG:root:Starting clock with 37.493s left
DEBUG:root:Stopped clock, now with 37.743s left
DEBUG:AI:Sending battle message 24->26
DEBUG:AI:Received message type battle.
DEBUG:root:Starting clock with 37.743s left
DEBUG:root:Stopped clock, now with 37.993s left
DEBUG:AI:Sending battle message 26->25
DEBUG:AI:Received message type battle.
DEBUG:root:Starting clock with 37.993s left
DEBUG:root:Stopped clock, now with 38.243s left
DEBUG:AI:Sending battle message 25->19
DEBUG:AI:Received message type battle.
DEBUG:root:Starting clock with 38.243s left
DEBUG:root:Stopped clock, now with 38.493s left
DEBUG:AI:Sending battle message 19->28
DEBUG:AI:Received message type battle.
DEBUG:root:Starting clock with 38.493s left
DEBUG:AI:No more possible turns.
DEBUG:root:Stopped clock, now with 38.743s left
DEBUG:AI:Sending end_turn message.
DEBUG:AI:Received message type end_turn.
DEBUG:AI:Received message type battle.
DEBUG:AI:Received message type battle.
DEBUG:AI:Received message type battle.
DEBUG:AI:Received message type battle.
DEBUG:AI:Received message type end_turn.
DEBUG:root:Starting clock with 38.743s left
DEBUG:root:Stopped clock, now with 38.993s left
DEBUG:AI:Sending battle message 7->14
DEBUG:AI:Received message type battle.
DEBUG:root:Starting clock with 38.993s left
DEBUG:root:Stopped clock, now with 39.243s left
DEBUG:AI:Sending battle message 14->28
DEBUG:AI:Received message type battle.
DEBUG:root:Starting clock with 39.243s left
DEBUG:root:Stopped clock, now with 39.493s left
DEBUG:AI:Sending battle message 6->8
DEBUG:AI:Received message type battle.
DEBUG:root:Starting clock with 39.493s left
DEBUG:root:Stopped clock, now with 39.743s left
DEBUG:AI:Sending battle message 24->19
DEBUG:AI:Received message type battle.
DEBUG:root:Starting clock with 39.743s left
DEBUG:root:Stopped clock, now with 39.993s left
DEBUG:AI:Sending battle message 19->26
DEBUG:AI:Received message type battle.
DEBUG:root:Starting clock with 39.993s left
DEBUG:AI:No more possible turns.
DEBUG:root:Stopped clock, now with 40.243s left
DEBUG:AI:Sending end_turn message.
DEBUG:AI:Received message type end_turn.
DEBUG:AI:Received message type end_turn.
DEBUG:root:Starting clock with 40.243s left
DEBUG:root:Stopped clock, now with 40.493s left
DEBUG:AI:Sending battle message 19->26
DEBUG:AI:Received message type battle.
DEBUG:root:Starting clock with 40.493s left
DEBUG:root:Stopped clock, now with 40.743s left
DEBUG:AI:Sending battle message 24->26
DEBUG:AI:Received message type battle.
DEBUG:root:Starting clock with 40.743s left
DEBUG:root:Stopped clock, now with 40.993s left
DEBUG:AI:Sending battle message 6->8
DEBUG:AI:Received message type battle.
DEBUG:root:Starting clock with 40.993s left
DEBUG:AI:No more possible turns.
DEBUG:root:Stopped clock, now with 41.243s left
DEBUG:AI:Sending end_turn message.
DEBUG:AI:Received message type end_turn.
DEBUG:AI:Received message type battle.
DEBUG:AI:Received message type battle.
DEBUG:AI:Received message type battle.
DEBUG:AI:Received message type battle.
DEBUG:AI:Received message type end_turn.
DEBUG:root:Starting clock with 41.243s left
DEBUG:root:Stopped clock, now with 41.493s left
DEBUG:AI:Sending battle message 3->6
DEBUG:AI:Received message type battle.
DEBUG:root:Starting clock with 41.493s left
DEBUG:root:Stopped clock, now with 41.742s left
DEBUG:AI:Sending battle message 12->24
DEBUG:AI:Received message type battle.
DEBUG:root:Starting clock with 41.742s left
DEBUG:root:Stopped clock, now with 41.992s left
DEBUG:AI:Sending battle message 1->6
DEBUG:AI:Received message type battle.
DEBUG:root:Starting clock with 41.992s left
DEBUG:root:Stopped clock, now with 42.242s left
DEBUG:AI:Sending battle message 14->28
DEBUG:AI:Received message type battle.
DEBUG:root:Starting clock with 42.242s left
DEBUG:root:Stopped clock, now with 42.492s left
DEBUG:AI:Sending battle message 5->6
DEBUG:AI:Received message type battle.
DEBUG:root:Starting clock with 42.492s left
DEBUG:root:Stopped clock, now with 42.742s left
DEBUG:AI:Sending battle message 2->6
DEBUG:AI:Received message type battle.
DEBUG:root:Starting clock with 42.742s left
DEBUG:AI:No more possible turns.
DEBUG:root:Stopped clock, now with 42.992s left
DEBUG:AI:Sending end_turn message.
DEBUG:AI:Received message type end_turn.
DEBUG:AI:Received message type battle.
DEBUG:AI:Received message type battle.
DEBUG:AI:Received message type battle.
DEBUG:AI:Received message type battle.
DEBUG:AI:Received message type battle.
DEBUG:AI:Received message type end_turn.
DEBUG:root:Starting clock with 42.992s left
DEBUG:root:Stopped clock, now with 43.242s left
DEBUG:AI:Sending battle message 2->6
DEBUG:AI:Received message type battle.
DEBUG:root:Starting clock with 43.242s left
DEBUG:root:Stopped clock, now with 43.492s left
DEBUG:AI:Sending battle message 1->6
DEBUG:AI:Received message type battle.
DEBUG:root:Starting clock with 43.492s left
DEBUG:AI:No more possible turns.
DEBUG:root:Stopped clock, now with 43.742s left
DEBUG:AI:Sending end_turn message.
DEBUG:AI:Received message type end_turn.
DEBUG:AI:Received message type battle.
DEBUG:AI:Received message type battle.
DEBUG:AI:Received message type end_turn.
DEBUG:root:Starting clock with 43.742s left
DEBUG:root:Stopped clock, now with 43.992s left
DEBUG:AI:Sending battle message 23->3
DEBUG:AI:Received message type battle.
DEBUG:root:Starting clock with 43.992s left
DEBUG:root:Stopped clock, now with 44.242s left
DEBUG:AI:Sending battle message 1->3
DEBUG:AI:Received message type battle.
DEBUG:root:Starting clock with 44.242s left
DEBUG:root:Stopped clock, now with 44.492s left
DEBUG:AI:Sending battle message 2->6
DEBUG:AI:Received message type battle.
DEBUG:root:Starting clock with 44.492s left
DEBUG:AI:No more possible turns.
DEBUG:root:Stopped clock, now with 44.742s left
DEBUG:AI:Sending end_turn message.
DEBUG:AI:Received message type end_turn.
DEBUG:AI:Received message type battle.
DEBUG:AI:Received message type end_turn.
DEBUG:root:Starting clock with 44.742s left
DEBUG:root:Stopped clock, now with 44.992s left
DEBUG:AI:Sending battle message 1->6
DEBUG:AI:Received message type battle.
DEBUG:root:Starting clock with 44.992s left
DEBUG:root:Stopped clock, now with 45.242s left
DEBUG:AI:Sending battle message 4->23
DEBUG:AI:Received message type battle.
DEBUG:root:Starting clock with 45.242s left
DEBUG:root:Stopped clock, now with 45.492s left
DEBUG:AI:Sending battle message 2->6
DEBUG:AI:Received message type battle.
DEBUG:root:Starting clock with 45.492s left
DEBUG:AI:No more possible turns.
DEBUG:root:Stopped clock, now with 45.742s left
DEBUG:AI:Sending end_turn message.
DEBUG:AI:Received message type end_turn.
DEBUG:AI:Received message type battle.
DEBUG:AI:Received message type end_turn.
DEBUG:root:Starting clock with 45.742s left
DEBUG:root:Stopped clock, now with 45.992s left
DEBUG:AI:Sending battle message 2->1
DEBUG:AI:Received message type battle.
DEBUG:root:Starting clock with 45.992s left
DEBUG:root:Stopped clock, now with 46.242s left
DEBUG:AI:Sending battle message 4->23
DEBUG:AI:Received message type battle.
DEBUG:root:Starting clock with 46.242s left
DEBUG:AI:No more possible turns.
DEBUG:root:Stopped clock, now with 46.492s left
DEBUG:AI:Sending end_turn message.
DEBUG:AI:Received message type end_turn.
DEBUG:AI:Received message type battle.
DEBUG:AI:Received message type battle.
DEBUG:AI:Received message type battle.
DEBUG:AI:Received message type battle.
DEBUG:AI:Received message type end_turn.
DEBUG:root:Starting clock with 46.492s left
DEBUG:root:Stopped clock, now with 46.742s left
DEBUG:AI:Sending battle message 9->4
DEBUG:AI:Received message type battle.
DEBUG:root:Starting clock with 46.742s left
DEBUG:AI:No more possible turns.
DEBUG:root:Stopped clock, now with 46.991s left
DEBUG:AI:Sending end_turn message.
DEBUG:AI:Received message type end_turn.
DEBUG:AI:Received message type battle.
DEBUG:AI:Received message type game_end.
INFO:AI:Player 1 has won
