DEBUG:SERVER:Command line arguments: Namespace(address='127.0.0.1', area_assignment='orig', board=None, debug='DEBUG', dice_assignment='flat', fixed=None, number_of_players=2, order=None, ownership=None, port=5005, strength=None)
DEBUG:SERVER:Server socket at 127.0.0.1:5005
DEBUG:SERVER:Current player: 2
DEBUG:SERVER:Player order [2, 1]
DEBUG:SERVER:Waiting for clients to connect
INFO:SERVER:Assigning socket <socket.socket fd=4, family=AddressFamily.AF_INET, type=SocketKind.SOCK_STREAM, proto=0, laddr=('127.0.0.1', 5005), raddr=('127.0.0.1', 59176)> with IP 127.0.0.1:59176 to player 1
DEBUG:SERVER:Got message from client 1; type: client_desc
INFO:SERVER:Assigning socket <socket.socket fd=5, family=AddressFamily.AF_INET, type=SocketKind.SOCK_STREAM, proto=0, laddr=('127.0.0.1', 5005), raddr=('127.0.0.1', 59178)> with IP 127.0.0.1:59178 to player 2
DEBUG:SERVER:Got message from client 2; type: client_desc
DEBUG:SERVER:Successfully assigned clients to all players
INFO:SERVER:Player order: [(2, 'Human'), (1, 'xwilla00 (AI)')]
DEBUG:SERVER:Board initialized
DEBUG:SERVER:Sending msg type 'game_start' to client 1
DEBUG:SERVER:Sending msg type 'game_start' to client 2
DEBUG:SERVER:Sending msg type 'game_state' to client 1
DEBUG:SERVER:Sending msg type 'game_state' to client 2
DEBUG:SERVER:Current player 2
DEBUG:SERVER:Handling player 2 (Human) turn
DEBUG:SERVER:Got message from client 2; type: battle
DEBUG:SERVER:Battle result: {'atk': {'name': 29, 'dice': 1, 'owner': 2, 'pwr': 11}, 'def': {'name': 11, 'dice': 2, 'owner': 2, 'pwr': 10}}
DEBUG:SERVER:Sending msg type 'battle' to client 1
DEBUG:SERVER:Sending msg type 'battle' to client 2
DEBUG:SERVER:Current player 2
DEBUG:SERVER:Handling player 2 (Human) turn
DEBUG:SERVER:Got message from client 2; type: end_turn
DEBUG:SERVER:Current player: 1
DEBUG:SERVER:Sending msg type 'end_turn' to client 1
DEBUG:SERVER:Sending msg type 'end_turn' to client 2
DEBUG:SERVER:Current player 1
DEBUG:SERVER:Handling player 1 (xwilla00 (AI)) turn
DEBUG:SERVER:Got message from client 1; type: battle
DEBUG:SERVER:Battle result: {'atk': {'name': 16, 'dice': 1, 'owner': 1, 'pwr': 17}, 'def': {'name': 11, 'dice': 2, 'owner': 1, 'pwr': 6}}
DEBUG:SERVER:Sending msg type 'battle' to client 1
DEBUG:SERVER:Sending msg type 'battle' to client 2
DEBUG:SERVER:Current player 1
DEBUG:SERVER:Handling player 1 (xwilla00 (AI)) turn
DEBUG:SERVER:Got message from client 1; type: end_turn
DEBUG:SERVER:Current player: 2
DEBUG:SERVER:Sending msg type 'end_turn' to client 1
DEBUG:SERVER:Sending msg type 'end_turn' to client 2
DEBUG:SERVER:Current player 2
DEBUG:SERVER:Handling player 2 (Human) turn
DEBUG:SERVER:Got message from client 2; type: end_turn
DEBUG:SERVER:Current player: 1
DEBUG:SERVER:Sending msg type 'end_turn' to client 1
DEBUG:SERVER:Sending msg type 'end_turn' to client 2
DEBUG:SERVER:Current player 1
DEBUG:SERVER:Handling player 1 (xwilla00 (AI)) turn
DEBUG:SERVER:Got message from client 1; type: battle
DEBUG:SERVER:Battle result: {'atk': {'name': 2, 'dice': 1, 'owner': 1, 'pwr': 14}, 'def': {'name': 13, 'dice': 3, 'owner': 1, 'pwr': 9}}
DEBUG:SERVER:Sending msg type 'battle' to client 1
DEBUG:SERVER:Sending msg type 'battle' to client 2
DEBUG:SERVER:Current player 1
DEBUG:SERVER:Handling player 1 (xwilla00 (AI)) turn
DEBUG:SERVER:Got message from client 1; type: battle
DEBUG:SERVER:Battle result: {'atk': {'name': 17, 'dice': 1, 'owner': 1, 'pwr': 19}, 'def': {'name': 8, 'dice': 4, 'owner': 1, 'pwr': 14}}
DEBUG:SERVER:Sending msg type 'battle' to client 1
DEBUG:SERVER:Sending msg type 'battle' to client 2
DEBUG:SERVER:Current player 1
DEBUG:SERVER:Handling player 1 (xwilla00 (AI)) turn
DEBUG:SERVER:Got message from client 1; type: battle
DEBUG:SERVER:Battle result: {'atk': {'name': 15, 'dice': 1, 'owner': 1, 'pwr': 21}, 'def': {'name': 5, 'dice': 4, 'owner': 1, 'pwr': 15}}
DEBUG:SERVER:Sending msg type 'battle' to client 1
DEBUG:SERVER:Sending msg type 'battle' to client 2
DEBUG:SERVER:Current player 1
DEBUG:SERVER:Handling player 1 (xwilla00 (AI)) turn
DEBUG:SERVER:Got message from client 1; type: end_turn
DEBUG:SERVER:Current player: 2
DEBUG:SERVER:Sending msg type 'end_turn' to client 1
DEBUG:SERVER:Sending msg type 'end_turn' to client 2
DEBUG:SERVER:Current player 2
DEBUG:SERVER:Handling player 2 (Human) turn
DEBUG:SERVER:Got message from client 2; type: end_turn
DEBUG:SERVER:Current player: 1
DEBUG:SERVER:Sending msg type 'end_turn' to client 1
DEBUG:SERVER:Sending msg type 'end_turn' to client 2
DEBUG:SERVER:Current player 1
DEBUG:SERVER:Handling player 1 (xwilla00 (AI)) turn
DEBUG:SERVER:Got message from client 1; type: battle
DEBUG:SERVER:Battle result: {'atk': {'name': 20, 'dice': 1, 'owner': 1, 'pwr': 11}, 'def': {'name': 29, 'dice': 3, 'owner': 2, 'pwr': 13}}
DEBUG:SERVER:Sending msg type 'battle' to client 1
DEBUG:SERVER:Sending msg type 'battle' to client 2
DEBUG:SERVER:Current player 1
DEBUG:SERVER:Handling player 1 (xwilla00 (AI)) turn
DEBUG:SERVER:Got message from client 1; type: battle
DEBUG:SERVER:Battle result: {'atk': {'name': 23, 'dice': 1, 'owner': 1, 'pwr': 16}, 'def': {'name': 22, 'dice': 4, 'owner': 1, 'pwr': 15}}
DEBUG:SERVER:Sending msg type 'battle' to client 1
DEBUG:SERVER:Sending msg type 'battle' to client 2
DEBUG:SERVER:Current player 1
DEBUG:SERVER:Handling player 1 (xwilla00 (AI)) turn
DEBUG:SERVER:Got message from client 1; type: battle
DEBUG:SERVER:Battle result: {'atk': {'name': 22, 'dice': 1, 'owner': 1, 'pwr': 10}, 'def': {'name': 14, 'dice': 3, 'owner': 1, 'pwr': 9}}
DEBUG:SERVER:Sending msg type 'battle' to client 1
DEBUG:SERVER:Sending msg type 'battle' to client 2
DEBUG:SERVER:Current player 1
DEBUG:SERVER:Handling player 1 (xwilla00 (AI)) turn
DEBUG:SERVER:Got message from client 1; type: battle
DEBUG:SERVER:Battle result: {'atk': {'name': 18, 'dice': 1, 'owner': 1, 'pwr': 24}, 'def': {'name': 28, 'dice': 5, 'owner': 1, 'pwr': 20}}
DEBUG:SERVER:Sending msg type 'battle' to client 1
DEBUG:SERVER:Sending msg type 'battle' to client 2
DEBUG:SERVER:Current player 1
DEBUG:SERVER:Handling player 1 (xwilla00 (AI)) turn
DEBUG:SERVER:Got message from client 1; type: end_turn
DEBUG:SERVER:Current player: 2
DEBUG:SERVER:Sending msg type 'end_turn' to client 1
DEBUG:SERVER:Sending msg type 'end_turn' to client 2
DEBUG:SERVER:Current player 2
DEBUG:SERVER:Handling player 2 (Human) turn
DEBUG:SERVER:Got message from client 2; type: end_turn
DEBUG:SERVER:Current player: 1
DEBUG:SERVER:Sending msg type 'end_turn' to client 1
DEBUG:SERVER:Sending msg type 'end_turn' to client 2
DEBUG:SERVER:Current player 1
DEBUG:SERVER:Handling player 1 (xwilla00 (AI)) turn
DEBUG:SERVER:Got message from client 1; type: battle
DEBUG:SERVER:Battle result: {'atk': {'name': 11, 'dice': 1, 'owner': 1, 'pwr': 16}, 'def': {'name': 29, 'dice': 4, 'owner': 2, 'pwr': 18}}
DEBUG:SERVER:Sending msg type 'battle' to client 1
DEBUG:SERVER:Sending msg type 'battle' to client 2
DEBUG:SERVER:Current player 1
DEBUG:SERVER:Handling player 1 (xwilla00 (AI)) turn
DEBUG:SERVER:Got message from client 1; type: end_turn
DEBUG:SERVER:Current player: 2
DEBUG:SERVER:Sending msg type 'end_turn' to client 1
DEBUG:SERVER:Sending msg type 'end_turn' to client 2
DEBUG:SERVER:Current player 2
DEBUG:SERVER:Handling player 2 (Human) turn
DEBUG:SERVER:Got message from client 2; type: end_turn
DEBUG:SERVER:Current player: 1
DEBUG:SERVER:Sending msg type 'end_turn' to client 1
DEBUG:SERVER:Sending msg type 'end_turn' to client 2
DEBUG:SERVER:Current player 1
DEBUG:SERVER:Handling player 1 (xwilla00 (AI)) turn
DEBUG:SERVER:Got message from client 1; type: battle
DEBUG:SERVER:Battle result: {'atk': {'name': 13, 'dice': 1, 'owner': 1, 'pwr': 31}, 'def': {'name': 1, 'dice': 7, 'owner': 1, 'pwr': 26}}
DEBUG:SERVER:Sending msg type 'battle' to client 1
DEBUG:SERVER:Sending msg type 'battle' to client 2
DEBUG:SERVER:Current player 1
DEBUG:SERVER:Handling player 1 (xwilla00 (AI)) turn
DEBUG:SERVER:Got message from client 1; type: battle
DEBUG:SERVER:Battle result: {'atk': {'name': 1, 'dice': 1, 'owner': 1, 'pwr': 27}, 'def': {'name': 29, 'dice': 6, 'owner': 1, 'pwr': 19}}
DEBUG:SERVER:Sending msg type 'battle' to client 1
DEBUG:SERVER:Sending msg type 'battle' to client 2
DEBUG:SERVER:Current player 1
DEBUG:SERVER:Handling player 1 (xwilla00 (AI)) turn
DEBUG:SERVER:Got message from client 1; type: battle
DEBUG:SERVER:Battle result: {'atk': {'name': 29, 'dice': 1, 'owner': 1, 'pwr': 25}, 'def': {'name': 6, 'dice': 5, 'owner': 1, 'pwr': 21}}
DEBUG:SERVER:Sending msg type 'battle' to client 1
DEBUG:SERVER:Sending msg type 'battle' to client 2
DEBUG:SERVER:Current player 1
DEBUG:SERVER:Handling player 1 (xwilla00 (AI)) turn
DEBUG:SERVER:Got message from client 1; type: end_turn
DEBUG:SERVER:Current player: 2
DEBUG:SERVER:Sending msg type 'end_turn' to client 1
DEBUG:SERVER:Sending msg type 'end_turn' to client 2
DEBUG:SERVER:Current player 2
DEBUG:SERVER:Handling player 2 (Human) turn
DEBUG:SERVER:Got message from client 2; type: end_turn
DEBUG:SERVER:Current player: 1
DEBUG:SERVER:Sending msg type 'end_turn' to client 1
DEBUG:SERVER:Sending msg type 'end_turn' to client 2
DEBUG:SERVER:Current player 1
DEBUG:SERVER:Handling player 1 (xwilla00 (AI)) turn
DEBUG:SERVER:Got message from client 1; type: end_turn
DEBUG:SERVER:Current player: 2
DEBUG:SERVER:Sending msg type 'end_turn' to client 1
DEBUG:SERVER:Sending msg type 'end_turn' to client 2
DEBUG:SERVER:Current player 2
DEBUG:SERVER:Handling player 2 (Human) turn
DEBUG:SERVER:Got message from client 2; type: end_turn
DEBUG:SERVER:Current player: 1
DEBUG:SERVER:Sending msg type 'end_turn' to client 1
DEBUG:SERVER:Sending msg type 'end_turn' to client 2
DEBUG:SERVER:Current player 1
DEBUG:SERVER:Handling player 1 (xwilla00 (AI)) turn
DEBUG:SERVER:Got message from client 1; type: battle
DEBUG:SERVER:Battle result: {'atk': {'name': 21, 'dice': 1, 'owner': 1, 'pwr': 27}, 'def': {'name': 26, 'dice': 7, 'owner': 1, 'pwr': 19}}
DEBUG:SERVER:Sending msg type 'battle' to client 1
DEBUG:SERVER:Sending msg type 'battle' to client 2
DEBUG:SERVER:Current player 1
DEBUG:SERVER:Handling player 1 (xwilla00 (AI)) turn
DEBUG:SERVER:Got message from client 1; type: end_turn
DEBUG:SERVER:Current player: 2
DEBUG:SERVER:Sending msg type 'end_turn' to client 1
DEBUG:SERVER:Sending msg type 'end_turn' to client 2
DEBUG:SERVER:Current player 2
DEBUG:SERVER:Handling player 2 (Human) turn
ERROR:SERVER:Connection to client failed: Expecting value: line 1 column 1 (char 0)
DEBUG:SERVER:Closing server socket
